                                      1 ;--------------------------------------------------------
                                      2 ; File Created by SDCC : free open source ISO C Compiler 
                                      3 ; Version 4.3.2 #14228 (MINGW32)
                                      4 ;--------------------------------------------------------
                                      5 	.module map_gbm
                                      6 	.optsdcc -msm83
                                      7 	
                                      8 ;--------------------------------------------------------
                                      9 ; Public variables in this module
                                     10 ;--------------------------------------------------------
                                     11 	.globl _map
                                     12 	.globl ___bank_map
                                     13 	.globl _map_map
                                     14 ;--------------------------------------------------------
                                     15 ; special function registers
                                     16 ;--------------------------------------------------------
                                     17 ;--------------------------------------------------------
                                     18 ; ram data
                                     19 ;--------------------------------------------------------
                                     20 	.area _DATA
                                     21 ;--------------------------------------------------------
                                     22 ; ram data
                                     23 ;--------------------------------------------------------
                                     24 	.area _INITIALIZED
                                     25 ;--------------------------------------------------------
                                     26 ; absolute external ram data
                                     27 ;--------------------------------------------------------
                                     28 	.area _DABS (ABS)
                                     29 ;--------------------------------------------------------
                                     30 ; global & static initialisations
                                     31 ;--------------------------------------------------------
                                     32 	.area _HOME
                                     33 	.area _GSINIT
                                     34 	.area _GSFINAL
                                     35 	.area _GSINIT
                                     36 ;--------------------------------------------------------
                                     37 ; Home
                                     38 ;--------------------------------------------------------
                                     39 	.area _HOME
                                     40 	.area _HOME
                                     41 ;--------------------------------------------------------
                                     42 ; code
                                     43 ;--------------------------------------------------------
                                     44 	.area _CODE_255
                                     45 	.area _CODE_255
      000000                         46 _map_map:
      000000 01                      47 	.db #0x01	; 1
      000001 01                      48 	.db #0x01	; 1
      000002 01                      49 	.db #0x01	; 1
      000003 01                      50 	.db #0x01	; 1
      000004 01                      51 	.db #0x01	; 1
      000005 01                      52 	.db #0x01	; 1
      000006 01                      53 	.db #0x01	; 1
      000007 01                      54 	.db #0x01	; 1
      000008 01                      55 	.db #0x01	; 1
      000009 01                      56 	.db #0x01	; 1
      00000A 01                      57 	.db #0x01	; 1
      00000B 01                      58 	.db #0x01	; 1
      00000C 01                      59 	.db #0x01	; 1
      00000D 01                      60 	.db #0x01	; 1
      00000E 01                      61 	.db #0x01	; 1
      00000F 01                      62 	.db #0x01	; 1
      000010 01                      63 	.db #0x01	; 1
      000011 01                      64 	.db #0x01	; 1
      000012 01                      65 	.db #0x01	; 1
      000013 01                      66 	.db #0x01	; 1
      000014 01                      67 	.db #0x01	; 1
      000015 01                      68 	.db #0x01	; 1
      000016 01                      69 	.db #0x01	; 1
      000017 01                      70 	.db #0x01	; 1
      000018 01                      71 	.db #0x01	; 1
      000019 01                      72 	.db #0x01	; 1
      00001A 01                      73 	.db #0x01	; 1
      00001B 01                      74 	.db #0x01	; 1
      00001C 01                      75 	.db #0x01	; 1
      00001D 01                      76 	.db #0x01	; 1
      00001E 01                      77 	.db #0x01	; 1
      00001F 01                      78 	.db #0x01	; 1
      000020 01                      79 	.db #0x01	; 1
      000021 01                      80 	.db #0x01	; 1
      000022 01                      81 	.db #0x01	; 1
      000023 01                      82 	.db #0x01	; 1
      000024 01                      83 	.db #0x01	; 1
      000025 01                      84 	.db #0x01	; 1
      000026 01                      85 	.db #0x01	; 1
      000027 01                      86 	.db #0x01	; 1
      000028 01                      87 	.db #0x01	; 1
      000029 00                      88 	.db #0x00	; 0
      00002A 00                      89 	.db #0x00	; 0
      00002B 00                      90 	.db #0x00	; 0
      00002C 00                      91 	.db #0x00	; 0
      00002D 00                      92 	.db #0x00	; 0
      00002E 00                      93 	.db #0x00	; 0
      00002F 00                      94 	.db #0x00	; 0
      000030 00                      95 	.db #0x00	; 0
      000031 00                      96 	.db #0x00	; 0
      000032 00                      97 	.db #0x00	; 0
      000033 00                      98 	.db #0x00	; 0
      000034 00                      99 	.db #0x00	; 0
      000035 00                     100 	.db #0x00	; 0
      000036 00                     101 	.db #0x00	; 0
      000037 00                     102 	.db #0x00	; 0
      000038 00                     103 	.db #0x00	; 0
      000039 00                     104 	.db #0x00	; 0
      00003A 00                     105 	.db #0x00	; 0
      00003B 00                     106 	.db #0x00	; 0
      00003C 00                     107 	.db #0x00	; 0
      00003D 00                     108 	.db #0x00	; 0
      00003E 00                     109 	.db #0x00	; 0
      00003F 00                     110 	.db #0x00	; 0
      000040 00                     111 	.db #0x00	; 0
      000041 00                     112 	.db #0x00	; 0
      000042 00                     113 	.db #0x00	; 0
      000043 00                     114 	.db #0x00	; 0
      000044 00                     115 	.db #0x00	; 0
      000045 00                     116 	.db #0x00	; 0
      000046 00                     117 	.db #0x00	; 0
      000047 00                     118 	.db #0x00	; 0
      000048 00                     119 	.db #0x00	; 0
      000049 00                     120 	.db #0x00	; 0
      00004A 00                     121 	.db #0x00	; 0
      00004B 00                     122 	.db #0x00	; 0
      00004C 00                     123 	.db #0x00	; 0
      00004D 00                     124 	.db #0x00	; 0
      00004E 00                     125 	.db #0x00	; 0
      00004F 01                     126 	.db #0x01	; 1
      000050 01                     127 	.db #0x01	; 1
      000051 00                     128 	.db #0x00	; 0
      000052 00                     129 	.db #0x00	; 0
      000053 00                     130 	.db #0x00	; 0
      000054 00                     131 	.db #0x00	; 0
      000055 00                     132 	.db #0x00	; 0
      000056 00                     133 	.db #0x00	; 0
      000057 00                     134 	.db #0x00	; 0
      000058 00                     135 	.db #0x00	; 0
      000059 00                     136 	.db #0x00	; 0
      00005A 00                     137 	.db #0x00	; 0
      00005B 00                     138 	.db #0x00	; 0
      00005C 00                     139 	.db #0x00	; 0
      00005D 00                     140 	.db #0x00	; 0
      00005E 00                     141 	.db #0x00	; 0
      00005F 00                     142 	.db #0x00	; 0
      000060 00                     143 	.db #0x00	; 0
      000061 00                     144 	.db #0x00	; 0
      000062 00                     145 	.db #0x00	; 0
      000063 00                     146 	.db #0x00	; 0
      000064 00                     147 	.db #0x00	; 0
      000065 00                     148 	.db #0x00	; 0
      000066 00                     149 	.db #0x00	; 0
      000067 00                     150 	.db #0x00	; 0
      000068 00                     151 	.db #0x00	; 0
      000069 00                     152 	.db #0x00	; 0
      00006A 00                     153 	.db #0x00	; 0
      00006B 00                     154 	.db #0x00	; 0
      00006C 00                     155 	.db #0x00	; 0
      00006D 00                     156 	.db #0x00	; 0
      00006E 00                     157 	.db #0x00	; 0
      00006F 00                     158 	.db #0x00	; 0
      000070 00                     159 	.db #0x00	; 0
      000071 00                     160 	.db #0x00	; 0
      000072 00                     161 	.db #0x00	; 0
      000073 00                     162 	.db #0x00	; 0
      000074 00                     163 	.db #0x00	; 0
      000075 00                     164 	.db #0x00	; 0
      000076 00                     165 	.db #0x00	; 0
      000077 01                     166 	.db #0x01	; 1
      000078 01                     167 	.db #0x01	; 1
      000079 00                     168 	.db #0x00	; 0
      00007A 00                     169 	.db #0x00	; 0
      00007B 00                     170 	.db #0x00	; 0
      00007C 00                     171 	.db #0x00	; 0
      00007D 00                     172 	.db #0x00	; 0
      00007E 00                     173 	.db #0x00	; 0
      00007F 00                     174 	.db #0x00	; 0
      000080 00                     175 	.db #0x00	; 0
      000081 00                     176 	.db #0x00	; 0
      000082 00                     177 	.db #0x00	; 0
      000083 00                     178 	.db #0x00	; 0
      000084 00                     179 	.db #0x00	; 0
      000085 00                     180 	.db #0x00	; 0
      000086 00                     181 	.db #0x00	; 0
      000087 00                     182 	.db #0x00	; 0
      000088 00                     183 	.db #0x00	; 0
      000089 00                     184 	.db #0x00	; 0
      00008A 00                     185 	.db #0x00	; 0
      00008B 00                     186 	.db #0x00	; 0
      00008C 00                     187 	.db #0x00	; 0
      00008D 00                     188 	.db #0x00	; 0
      00008E 00                     189 	.db #0x00	; 0
      00008F 00                     190 	.db #0x00	; 0
      000090 00                     191 	.db #0x00	; 0
      000091 00                     192 	.db #0x00	; 0
      000092 00                     193 	.db #0x00	; 0
      000093 00                     194 	.db #0x00	; 0
      000094 00                     195 	.db #0x00	; 0
      000095 00                     196 	.db #0x00	; 0
      000096 00                     197 	.db #0x00	; 0
      000097 00                     198 	.db #0x00	; 0
      000098 00                     199 	.db #0x00	; 0
      000099 00                     200 	.db #0x00	; 0
      00009A 00                     201 	.db #0x00	; 0
      00009B 00                     202 	.db #0x00	; 0
      00009C 00                     203 	.db #0x00	; 0
      00009D 00                     204 	.db #0x00	; 0
      00009E 00                     205 	.db #0x00	; 0
      00009F 01                     206 	.db #0x01	; 1
      0000A0 01                     207 	.db #0x01	; 1
      0000A1 00                     208 	.db #0x00	; 0
      0000A2 00                     209 	.db #0x00	; 0
      0000A3 00                     210 	.db #0x00	; 0
      0000A4 00                     211 	.db #0x00	; 0
      0000A5 00                     212 	.db #0x00	; 0
      0000A6 00                     213 	.db #0x00	; 0
      0000A7 00                     214 	.db #0x00	; 0
      0000A8 00                     215 	.db #0x00	; 0
      0000A9 00                     216 	.db #0x00	; 0
      0000AA 00                     217 	.db #0x00	; 0
      0000AB 00                     218 	.db #0x00	; 0
      0000AC 00                     219 	.db #0x00	; 0
      0000AD 00                     220 	.db #0x00	; 0
      0000AE 00                     221 	.db #0x00	; 0
      0000AF 00                     222 	.db #0x00	; 0
      0000B0 00                     223 	.db #0x00	; 0
      0000B1 00                     224 	.db #0x00	; 0
      0000B2 00                     225 	.db #0x00	; 0
      0000B3 00                     226 	.db #0x00	; 0
      0000B4 00                     227 	.db #0x00	; 0
      0000B5 00                     228 	.db #0x00	; 0
      0000B6 00                     229 	.db #0x00	; 0
      0000B7 00                     230 	.db #0x00	; 0
      0000B8 00                     231 	.db #0x00	; 0
      0000B9 00                     232 	.db #0x00	; 0
      0000BA 00                     233 	.db #0x00	; 0
      0000BB 00                     234 	.db #0x00	; 0
      0000BC 00                     235 	.db #0x00	; 0
      0000BD 00                     236 	.db #0x00	; 0
      0000BE 00                     237 	.db #0x00	; 0
      0000BF 00                     238 	.db #0x00	; 0
      0000C0 00                     239 	.db #0x00	; 0
      0000C1 00                     240 	.db #0x00	; 0
      0000C2 00                     241 	.db #0x00	; 0
      0000C3 00                     242 	.db #0x00	; 0
      0000C4 00                     243 	.db #0x00	; 0
      0000C5 00                     244 	.db #0x00	; 0
      0000C6 00                     245 	.db #0x00	; 0
      0000C7 01                     246 	.db #0x01	; 1
      0000C8 01                     247 	.db #0x01	; 1
      0000C9 00                     248 	.db #0x00	; 0
      0000CA 00                     249 	.db #0x00	; 0
      0000CB 00                     250 	.db #0x00	; 0
      0000CC 00                     251 	.db #0x00	; 0
      0000CD 00                     252 	.db #0x00	; 0
      0000CE 00                     253 	.db #0x00	; 0
      0000CF 00                     254 	.db #0x00	; 0
      0000D0 00                     255 	.db #0x00	; 0
      0000D1 00                     256 	.db #0x00	; 0
      0000D2 00                     257 	.db #0x00	; 0
      0000D3 00                     258 	.db #0x00	; 0
      0000D4 00                     259 	.db #0x00	; 0
      0000D5 00                     260 	.db #0x00	; 0
      0000D6 00                     261 	.db #0x00	; 0
      0000D7 00                     262 	.db #0x00	; 0
      0000D8 00                     263 	.db #0x00	; 0
      0000D9 00                     264 	.db #0x00	; 0
      0000DA 00                     265 	.db #0x00	; 0
      0000DB 00                     266 	.db #0x00	; 0
      0000DC 00                     267 	.db #0x00	; 0
      0000DD 00                     268 	.db #0x00	; 0
      0000DE 00                     269 	.db #0x00	; 0
      0000DF 00                     270 	.db #0x00	; 0
      0000E0 00                     271 	.db #0x00	; 0
      0000E1 00                     272 	.db #0x00	; 0
      0000E2 00                     273 	.db #0x00	; 0
      0000E3 00                     274 	.db #0x00	; 0
      0000E4 00                     275 	.db #0x00	; 0
      0000E5 00                     276 	.db #0x00	; 0
      0000E6 00                     277 	.db #0x00	; 0
      0000E7 00                     278 	.db #0x00	; 0
      0000E8 00                     279 	.db #0x00	; 0
      0000E9 00                     280 	.db #0x00	; 0
      0000EA 00                     281 	.db #0x00	; 0
      0000EB 00                     282 	.db #0x00	; 0
      0000EC 00                     283 	.db #0x00	; 0
      0000ED 00                     284 	.db #0x00	; 0
      0000EE 00                     285 	.db #0x00	; 0
      0000EF 01                     286 	.db #0x01	; 1
      0000F0 01                     287 	.db #0x01	; 1
      0000F1 00                     288 	.db #0x00	; 0
      0000F2 00                     289 	.db #0x00	; 0
      0000F3 00                     290 	.db #0x00	; 0
      0000F4 00                     291 	.db #0x00	; 0
      0000F5 00                     292 	.db #0x00	; 0
      0000F6 00                     293 	.db #0x00	; 0
      0000F7 00                     294 	.db #0x00	; 0
      0000F8 00                     295 	.db #0x00	; 0
      0000F9 00                     296 	.db #0x00	; 0
      0000FA 00                     297 	.db #0x00	; 0
      0000FB 00                     298 	.db #0x00	; 0
      0000FC 00                     299 	.db #0x00	; 0
      0000FD 00                     300 	.db #0x00	; 0
      0000FE 00                     301 	.db #0x00	; 0
      0000FF 00                     302 	.db #0x00	; 0
      000100 00                     303 	.db #0x00	; 0
      000101 00                     304 	.db #0x00	; 0
      000102 00                     305 	.db #0x00	; 0
      000103 00                     306 	.db #0x00	; 0
      000104 00                     307 	.db #0x00	; 0
      000105 00                     308 	.db #0x00	; 0
      000106 00                     309 	.db #0x00	; 0
      000107 00                     310 	.db #0x00	; 0
      000108 00                     311 	.db #0x00	; 0
      000109 00                     312 	.db #0x00	; 0
      00010A 00                     313 	.db #0x00	; 0
      00010B 00                     314 	.db #0x00	; 0
      00010C 00                     315 	.db #0x00	; 0
      00010D 00                     316 	.db #0x00	; 0
      00010E 00                     317 	.db #0x00	; 0
      00010F 00                     318 	.db #0x00	; 0
      000110 00                     319 	.db #0x00	; 0
      000111 00                     320 	.db #0x00	; 0
      000112 00                     321 	.db #0x00	; 0
      000113 00                     322 	.db #0x00	; 0
      000114 00                     323 	.db #0x00	; 0
      000115 00                     324 	.db #0x00	; 0
      000116 00                     325 	.db #0x00	; 0
      000117 01                     326 	.db #0x01	; 1
      000118 01                     327 	.db #0x01	; 1
      000119 00                     328 	.db #0x00	; 0
      00011A 00                     329 	.db #0x00	; 0
      00011B 00                     330 	.db #0x00	; 0
      00011C 00                     331 	.db #0x00	; 0
      00011D 00                     332 	.db #0x00	; 0
      00011E 00                     333 	.db #0x00	; 0
      00011F 00                     334 	.db #0x00	; 0
      000120 00                     335 	.db #0x00	; 0
      000121 00                     336 	.db #0x00	; 0
      000122 00                     337 	.db #0x00	; 0
      000123 00                     338 	.db #0x00	; 0
      000124 00                     339 	.db #0x00	; 0
      000125 00                     340 	.db #0x00	; 0
      000126 00                     341 	.db #0x00	; 0
      000127 00                     342 	.db #0x00	; 0
      000128 00                     343 	.db #0x00	; 0
      000129 00                     344 	.db #0x00	; 0
      00012A 00                     345 	.db #0x00	; 0
      00012B 00                     346 	.db #0x00	; 0
      00012C 00                     347 	.db #0x00	; 0
      00012D 00                     348 	.db #0x00	; 0
      00012E 00                     349 	.db #0x00	; 0
      00012F 00                     350 	.db #0x00	; 0
      000130 00                     351 	.db #0x00	; 0
      000131 00                     352 	.db #0x00	; 0
      000132 00                     353 	.db #0x00	; 0
      000133 00                     354 	.db #0x00	; 0
      000134 00                     355 	.db #0x00	; 0
      000135 00                     356 	.db #0x00	; 0
      000136 00                     357 	.db #0x00	; 0
      000137 00                     358 	.db #0x00	; 0
      000138 00                     359 	.db #0x00	; 0
      000139 00                     360 	.db #0x00	; 0
      00013A 00                     361 	.db #0x00	; 0
      00013B 00                     362 	.db #0x00	; 0
      00013C 00                     363 	.db #0x00	; 0
      00013D 00                     364 	.db #0x00	; 0
      00013E 00                     365 	.db #0x00	; 0
      00013F 01                     366 	.db #0x01	; 1
      000140 01                     367 	.db #0x01	; 1
      000141 00                     368 	.db #0x00	; 0
      000142 00                     369 	.db #0x00	; 0
      000143 00                     370 	.db #0x00	; 0
      000144 00                     371 	.db #0x00	; 0
      000145 00                     372 	.db #0x00	; 0
      000146 00                     373 	.db #0x00	; 0
      000147 00                     374 	.db #0x00	; 0
      000148 00                     375 	.db #0x00	; 0
      000149 00                     376 	.db #0x00	; 0
      00014A 00                     377 	.db #0x00	; 0
      00014B 00                     378 	.db #0x00	; 0
      00014C 00                     379 	.db #0x00	; 0
      00014D 00                     380 	.db #0x00	; 0
      00014E 00                     381 	.db #0x00	; 0
      00014F 00                     382 	.db #0x00	; 0
      000150 00                     383 	.db #0x00	; 0
      000151 00                     384 	.db #0x00	; 0
      000152 00                     385 	.db #0x00	; 0
      000153 00                     386 	.db #0x00	; 0
      000154 00                     387 	.db #0x00	; 0
      000155 00                     388 	.db #0x00	; 0
      000156 00                     389 	.db #0x00	; 0
      000157 00                     390 	.db #0x00	; 0
      000158 00                     391 	.db #0x00	; 0
      000159 00                     392 	.db #0x00	; 0
      00015A 00                     393 	.db #0x00	; 0
      00015B 00                     394 	.db #0x00	; 0
      00015C 00                     395 	.db #0x00	; 0
      00015D 00                     396 	.db #0x00	; 0
      00015E 00                     397 	.db #0x00	; 0
      00015F 00                     398 	.db #0x00	; 0
      000160 00                     399 	.db #0x00	; 0
      000161 00                     400 	.db #0x00	; 0
      000162 00                     401 	.db #0x00	; 0
      000163 00                     402 	.db #0x00	; 0
      000164 00                     403 	.db #0x00	; 0
      000165 00                     404 	.db #0x00	; 0
      000166 00                     405 	.db #0x00	; 0
      000167 01                     406 	.db #0x01	; 1
      000168 01                     407 	.db #0x01	; 1
      000169 00                     408 	.db #0x00	; 0
      00016A 00                     409 	.db #0x00	; 0
      00016B 00                     410 	.db #0x00	; 0
      00016C 00                     411 	.db #0x00	; 0
      00016D 00                     412 	.db #0x00	; 0
      00016E 00                     413 	.db #0x00	; 0
      00016F 00                     414 	.db #0x00	; 0
      000170 00                     415 	.db #0x00	; 0
      000171 00                     416 	.db #0x00	; 0
      000172 00                     417 	.db #0x00	; 0
      000173 00                     418 	.db #0x00	; 0
      000174 00                     419 	.db #0x00	; 0
      000175 00                     420 	.db #0x00	; 0
      000176 00                     421 	.db #0x00	; 0
      000177 00                     422 	.db #0x00	; 0
      000178 00                     423 	.db #0x00	; 0
      000179 00                     424 	.db #0x00	; 0
      00017A 00                     425 	.db #0x00	; 0
      00017B 00                     426 	.db #0x00	; 0
      00017C 00                     427 	.db #0x00	; 0
      00017D 00                     428 	.db #0x00	; 0
      00017E 00                     429 	.db #0x00	; 0
      00017F 00                     430 	.db #0x00	; 0
      000180 00                     431 	.db #0x00	; 0
      000181 00                     432 	.db #0x00	; 0
      000182 00                     433 	.db #0x00	; 0
      000183 00                     434 	.db #0x00	; 0
      000184 00                     435 	.db #0x00	; 0
      000185 00                     436 	.db #0x00	; 0
      000186 00                     437 	.db #0x00	; 0
      000187 00                     438 	.db #0x00	; 0
      000188 00                     439 	.db #0x00	; 0
      000189 00                     440 	.db #0x00	; 0
      00018A 00                     441 	.db #0x00	; 0
      00018B 00                     442 	.db #0x00	; 0
      00018C 00                     443 	.db #0x00	; 0
      00018D 00                     444 	.db #0x00	; 0
      00018E 00                     445 	.db #0x00	; 0
      00018F 01                     446 	.db #0x01	; 1
      000190 01                     447 	.db #0x01	; 1
      000191 00                     448 	.db #0x00	; 0
      000192 00                     449 	.db #0x00	; 0
      000193 00                     450 	.db #0x00	; 0
      000194 00                     451 	.db #0x00	; 0
      000195 00                     452 	.db #0x00	; 0
      000196 00                     453 	.db #0x00	; 0
      000197 00                     454 	.db #0x00	; 0
      000198 00                     455 	.db #0x00	; 0
      000199 00                     456 	.db #0x00	; 0
      00019A 00                     457 	.db #0x00	; 0
      00019B 00                     458 	.db #0x00	; 0
      00019C 00                     459 	.db #0x00	; 0
      00019D 00                     460 	.db #0x00	; 0
      00019E 00                     461 	.db #0x00	; 0
      00019F 00                     462 	.db #0x00	; 0
      0001A0 00                     463 	.db #0x00	; 0
      0001A1 00                     464 	.db #0x00	; 0
      0001A2 00                     465 	.db #0x00	; 0
      0001A3 00                     466 	.db #0x00	; 0
      0001A4 00                     467 	.db #0x00	; 0
      0001A5 00                     468 	.db #0x00	; 0
      0001A6 00                     469 	.db #0x00	; 0
      0001A7 00                     470 	.db #0x00	; 0
      0001A8 00                     471 	.db #0x00	; 0
      0001A9 00                     472 	.db #0x00	; 0
      0001AA 00                     473 	.db #0x00	; 0
      0001AB 00                     474 	.db #0x00	; 0
      0001AC 00                     475 	.db #0x00	; 0
      0001AD 00                     476 	.db #0x00	; 0
      0001AE 00                     477 	.db #0x00	; 0
      0001AF 00                     478 	.db #0x00	; 0
      0001B0 00                     479 	.db #0x00	; 0
      0001B1 00                     480 	.db #0x00	; 0
      0001B2 00                     481 	.db #0x00	; 0
      0001B3 00                     482 	.db #0x00	; 0
      0001B4 00                     483 	.db #0x00	; 0
      0001B5 00                     484 	.db #0x00	; 0
      0001B6 00                     485 	.db #0x00	; 0
      0001B7 01                     486 	.db #0x01	; 1
      0001B8 01                     487 	.db #0x01	; 1
      0001B9 00                     488 	.db #0x00	; 0
      0001BA 00                     489 	.db #0x00	; 0
      0001BB 00                     490 	.db #0x00	; 0
      0001BC 00                     491 	.db #0x00	; 0
      0001BD 00                     492 	.db #0x00	; 0
      0001BE 00                     493 	.db #0x00	; 0
      0001BF 00                     494 	.db #0x00	; 0
      0001C0 00                     495 	.db #0x00	; 0
      0001C1 00                     496 	.db #0x00	; 0
      0001C2 00                     497 	.db #0x00	; 0
      0001C3 00                     498 	.db #0x00	; 0
      0001C4 00                     499 	.db #0x00	; 0
      0001C5 00                     500 	.db #0x00	; 0
      0001C6 00                     501 	.db #0x00	; 0
      0001C7 00                     502 	.db #0x00	; 0
      0001C8 00                     503 	.db #0x00	; 0
      0001C9 00                     504 	.db #0x00	; 0
      0001CA 00                     505 	.db #0x00	; 0
      0001CB 00                     506 	.db #0x00	; 0
      0001CC 00                     507 	.db #0x00	; 0
      0001CD 00                     508 	.db #0x00	; 0
      0001CE 00                     509 	.db #0x00	; 0
      0001CF 00                     510 	.db #0x00	; 0
      0001D0 00                     511 	.db #0x00	; 0
      0001D1 00                     512 	.db #0x00	; 0
      0001D2 00                     513 	.db #0x00	; 0
      0001D3 00                     514 	.db #0x00	; 0
      0001D4 00                     515 	.db #0x00	; 0
      0001D5 00                     516 	.db #0x00	; 0
      0001D6 00                     517 	.db #0x00	; 0
      0001D7 00                     518 	.db #0x00	; 0
      0001D8 00                     519 	.db #0x00	; 0
      0001D9 00                     520 	.db #0x00	; 0
      0001DA 00                     521 	.db #0x00	; 0
      0001DB 00                     522 	.db #0x00	; 0
      0001DC 00                     523 	.db #0x00	; 0
      0001DD 00                     524 	.db #0x00	; 0
      0001DE 00                     525 	.db #0x00	; 0
      0001DF 01                     526 	.db #0x01	; 1
      0001E0 01                     527 	.db #0x01	; 1
      0001E1 00                     528 	.db #0x00	; 0
      0001E2 00                     529 	.db #0x00	; 0
      0001E3 00                     530 	.db #0x00	; 0
      0001E4 00                     531 	.db #0x00	; 0
      0001E5 00                     532 	.db #0x00	; 0
      0001E6 00                     533 	.db #0x00	; 0
      0001E7 00                     534 	.db #0x00	; 0
      0001E8 00                     535 	.db #0x00	; 0
      0001E9 00                     536 	.db #0x00	; 0
      0001EA 00                     537 	.db #0x00	; 0
      0001EB 00                     538 	.db #0x00	; 0
      0001EC 00                     539 	.db #0x00	; 0
      0001ED 00                     540 	.db #0x00	; 0
      0001EE 00                     541 	.db #0x00	; 0
      0001EF 00                     542 	.db #0x00	; 0
      0001F0 00                     543 	.db #0x00	; 0
      0001F1 00                     544 	.db #0x00	; 0
      0001F2 00                     545 	.db #0x00	; 0
      0001F3 00                     546 	.db #0x00	; 0
      0001F4 00                     547 	.db #0x00	; 0
      0001F5 00                     548 	.db #0x00	; 0
      0001F6 00                     549 	.db #0x00	; 0
      0001F7 00                     550 	.db #0x00	; 0
      0001F8 00                     551 	.db #0x00	; 0
      0001F9 00                     552 	.db #0x00	; 0
      0001FA 00                     553 	.db #0x00	; 0
      0001FB 00                     554 	.db #0x00	; 0
      0001FC 00                     555 	.db #0x00	; 0
      0001FD 00                     556 	.db #0x00	; 0
      0001FE 00                     557 	.db #0x00	; 0
      0001FF 00                     558 	.db #0x00	; 0
      000200 00                     559 	.db #0x00	; 0
      000201 00                     560 	.db #0x00	; 0
      000202 00                     561 	.db #0x00	; 0
      000203 00                     562 	.db #0x00	; 0
      000204 00                     563 	.db #0x00	; 0
      000205 00                     564 	.db #0x00	; 0
      000206 00                     565 	.db #0x00	; 0
      000207 01                     566 	.db #0x01	; 1
      000208 01                     567 	.db #0x01	; 1
      000209 00                     568 	.db #0x00	; 0
      00020A 00                     569 	.db #0x00	; 0
      00020B 00                     570 	.db #0x00	; 0
      00020C 00                     571 	.db #0x00	; 0
      00020D 00                     572 	.db #0x00	; 0
      00020E 00                     573 	.db #0x00	; 0
      00020F 00                     574 	.db #0x00	; 0
      000210 00                     575 	.db #0x00	; 0
      000211 00                     576 	.db #0x00	; 0
      000212 00                     577 	.db #0x00	; 0
      000213 00                     578 	.db #0x00	; 0
      000214 00                     579 	.db #0x00	; 0
      000215 00                     580 	.db #0x00	; 0
      000216 00                     581 	.db #0x00	; 0
      000217 00                     582 	.db #0x00	; 0
      000218 00                     583 	.db #0x00	; 0
      000219 00                     584 	.db #0x00	; 0
      00021A 00                     585 	.db #0x00	; 0
      00021B 00                     586 	.db #0x00	; 0
      00021C 00                     587 	.db #0x00	; 0
      00021D 00                     588 	.db #0x00	; 0
      00021E 00                     589 	.db #0x00	; 0
      00021F 00                     590 	.db #0x00	; 0
      000220 00                     591 	.db #0x00	; 0
      000221 00                     592 	.db #0x00	; 0
      000222 00                     593 	.db #0x00	; 0
      000223 00                     594 	.db #0x00	; 0
      000224 00                     595 	.db #0x00	; 0
      000225 00                     596 	.db #0x00	; 0
      000226 00                     597 	.db #0x00	; 0
      000227 00                     598 	.db #0x00	; 0
      000228 00                     599 	.db #0x00	; 0
      000229 00                     600 	.db #0x00	; 0
      00022A 00                     601 	.db #0x00	; 0
      00022B 00                     602 	.db #0x00	; 0
      00022C 00                     603 	.db #0x00	; 0
      00022D 00                     604 	.db #0x00	; 0
      00022E 00                     605 	.db #0x00	; 0
      00022F 01                     606 	.db #0x01	; 1
      000230 01                     607 	.db #0x01	; 1
      000231 00                     608 	.db #0x00	; 0
      000232 00                     609 	.db #0x00	; 0
      000233 00                     610 	.db #0x00	; 0
      000234 00                     611 	.db #0x00	; 0
      000235 00                     612 	.db #0x00	; 0
      000236 00                     613 	.db #0x00	; 0
      000237 00                     614 	.db #0x00	; 0
      000238 00                     615 	.db #0x00	; 0
      000239 00                     616 	.db #0x00	; 0
      00023A 00                     617 	.db #0x00	; 0
      00023B 00                     618 	.db #0x00	; 0
      00023C 00                     619 	.db #0x00	; 0
      00023D 00                     620 	.db #0x00	; 0
      00023E 00                     621 	.db #0x00	; 0
      00023F 00                     622 	.db #0x00	; 0
      000240 00                     623 	.db #0x00	; 0
      000241 00                     624 	.db #0x00	; 0
      000242 00                     625 	.db #0x00	; 0
      000243 00                     626 	.db #0x00	; 0
      000244 00                     627 	.db #0x00	; 0
      000245 00                     628 	.db #0x00	; 0
      000246 00                     629 	.db #0x00	; 0
      000247 00                     630 	.db #0x00	; 0
      000248 00                     631 	.db #0x00	; 0
      000249 00                     632 	.db #0x00	; 0
      00024A 00                     633 	.db #0x00	; 0
      00024B 00                     634 	.db #0x00	; 0
      00024C 00                     635 	.db #0x00	; 0
      00024D 00                     636 	.db #0x00	; 0
      00024E 00                     637 	.db #0x00	; 0
      00024F 00                     638 	.db #0x00	; 0
      000250 00                     639 	.db #0x00	; 0
      000251 00                     640 	.db #0x00	; 0
      000252 00                     641 	.db #0x00	; 0
      000253 00                     642 	.db #0x00	; 0
      000254 00                     643 	.db #0x00	; 0
      000255 00                     644 	.db #0x00	; 0
      000256 00                     645 	.db #0x00	; 0
      000257 01                     646 	.db #0x01	; 1
      000258 01                     647 	.db #0x01	; 1
      000259 00                     648 	.db #0x00	; 0
      00025A 00                     649 	.db #0x00	; 0
      00025B 00                     650 	.db #0x00	; 0
      00025C 00                     651 	.db #0x00	; 0
      00025D 00                     652 	.db #0x00	; 0
      00025E 00                     653 	.db #0x00	; 0
      00025F 00                     654 	.db #0x00	; 0
      000260 00                     655 	.db #0x00	; 0
      000261 00                     656 	.db #0x00	; 0
      000262 00                     657 	.db #0x00	; 0
      000263 00                     658 	.db #0x00	; 0
      000264 00                     659 	.db #0x00	; 0
      000265 00                     660 	.db #0x00	; 0
      000266 00                     661 	.db #0x00	; 0
      000267 00                     662 	.db #0x00	; 0
      000268 00                     663 	.db #0x00	; 0
      000269 00                     664 	.db #0x00	; 0
      00026A 00                     665 	.db #0x00	; 0
      00026B 00                     666 	.db #0x00	; 0
      00026C 00                     667 	.db #0x00	; 0
      00026D 00                     668 	.db #0x00	; 0
      00026E 00                     669 	.db #0x00	; 0
      00026F 00                     670 	.db #0x00	; 0
      000270 00                     671 	.db #0x00	; 0
      000271 00                     672 	.db #0x00	; 0
      000272 00                     673 	.db #0x00	; 0
      000273 00                     674 	.db #0x00	; 0
      000274 00                     675 	.db #0x00	; 0
      000275 00                     676 	.db #0x00	; 0
      000276 00                     677 	.db #0x00	; 0
      000277 00                     678 	.db #0x00	; 0
      000278 00                     679 	.db #0x00	; 0
      000279 00                     680 	.db #0x00	; 0
      00027A 00                     681 	.db #0x00	; 0
      00027B 00                     682 	.db #0x00	; 0
      00027C 00                     683 	.db #0x00	; 0
      00027D 00                     684 	.db #0x00	; 0
      00027E 00                     685 	.db #0x00	; 0
      00027F 01                     686 	.db #0x01	; 1
      000280 01                     687 	.db #0x01	; 1
      000281 00                     688 	.db #0x00	; 0
      000282 00                     689 	.db #0x00	; 0
      000283 00                     690 	.db #0x00	; 0
      000284 00                     691 	.db #0x00	; 0
      000285 00                     692 	.db #0x00	; 0
      000286 00                     693 	.db #0x00	; 0
      000287 00                     694 	.db #0x00	; 0
      000288 00                     695 	.db #0x00	; 0
      000289 00                     696 	.db #0x00	; 0
      00028A 00                     697 	.db #0x00	; 0
      00028B 00                     698 	.db #0x00	; 0
      00028C 00                     699 	.db #0x00	; 0
      00028D 00                     700 	.db #0x00	; 0
      00028E 00                     701 	.db #0x00	; 0
      00028F 00                     702 	.db #0x00	; 0
      000290 00                     703 	.db #0x00	; 0
      000291 00                     704 	.db #0x00	; 0
      000292 00                     705 	.db #0x00	; 0
      000293 00                     706 	.db #0x00	; 0
      000294 00                     707 	.db #0x00	; 0
      000295 00                     708 	.db #0x00	; 0
      000296 00                     709 	.db #0x00	; 0
      000297 00                     710 	.db #0x00	; 0
      000298 00                     711 	.db #0x00	; 0
      000299 00                     712 	.db #0x00	; 0
      00029A 00                     713 	.db #0x00	; 0
      00029B 00                     714 	.db #0x00	; 0
      00029C 00                     715 	.db #0x00	; 0
      00029D 00                     716 	.db #0x00	; 0
      00029E 00                     717 	.db #0x00	; 0
      00029F 00                     718 	.db #0x00	; 0
      0002A0 00                     719 	.db #0x00	; 0
      0002A1 00                     720 	.db #0x00	; 0
      0002A2 00                     721 	.db #0x00	; 0
      0002A3 00                     722 	.db #0x00	; 0
      0002A4 00                     723 	.db #0x00	; 0
      0002A5 00                     724 	.db #0x00	; 0
      0002A6 00                     725 	.db #0x00	; 0
      0002A7 01                     726 	.db #0x01	; 1
      0002A8 01                     727 	.db #0x01	; 1
      0002A9 01                     728 	.db #0x01	; 1
      0002AA 01                     729 	.db #0x01	; 1
      0002AB 01                     730 	.db #0x01	; 1
      0002AC 01                     731 	.db #0x01	; 1
      0002AD 01                     732 	.db #0x01	; 1
      0002AE 01                     733 	.db #0x01	; 1
      0002AF 01                     734 	.db #0x01	; 1
      0002B0 01                     735 	.db #0x01	; 1
      0002B1 01                     736 	.db #0x01	; 1
      0002B2 01                     737 	.db #0x01	; 1
      0002B3 01                     738 	.db #0x01	; 1
      0002B4 01                     739 	.db #0x01	; 1
      0002B5 01                     740 	.db #0x01	; 1
      0002B6 01                     741 	.db #0x01	; 1
      0002B7 01                     742 	.db #0x01	; 1
      0002B8 01                     743 	.db #0x01	; 1
      0002B9 01                     744 	.db #0x01	; 1
      0002BA 01                     745 	.db #0x01	; 1
      0002BB 01                     746 	.db #0x01	; 1
      0002BC 01                     747 	.db #0x01	; 1
      0002BD 01                     748 	.db #0x01	; 1
      0002BE 01                     749 	.db #0x01	; 1
      0002BF 01                     750 	.db #0x01	; 1
      0002C0 01                     751 	.db #0x01	; 1
      0002C1 01                     752 	.db #0x01	; 1
      0002C2 01                     753 	.db #0x01	; 1
      0002C3 01                     754 	.db #0x01	; 1
      0002C4 01                     755 	.db #0x01	; 1
      0002C5 01                     756 	.db #0x01	; 1
      0002C6 01                     757 	.db #0x01	; 1
      0002C7 01                     758 	.db #0x01	; 1
      0002C8 01                     759 	.db #0x01	; 1
      0002C9 01                     760 	.db #0x01	; 1
      0002CA 01                     761 	.db #0x01	; 1
      0002CB 01                     762 	.db #0x01	; 1
      0002CC 01                     763 	.db #0x01	; 1
      0002CD 01                     764 	.db #0x01	; 1
      0002CE 01                     765 	.db #0x01	; 1
      0002CF 01                     766 	.db #0x01	; 1
                           0000FF   767 ___bank_map	=	0x00ff
      0002D0                        768 _map:
      0002D0r00r00                  769 	.dw _map_map
      0002D2 28                     770 	.db #0x28	; 40
      0002D3 12                     771 	.db #0x12	; 18
      0002D4 00 00                  772 	.dw #0x0000
      0002D6r00                     773 	.byte ___bank_tiles
      0002D7r00r00                  774 	.dw _tiles
                                    775 	.area _INITIALIZER
                                    776 	.area _CABS (ABS)
