                                      1 ;--------------------------------------------------------
                                      2 ; File Created by SDCC : free open source ISO C Compiler 
                                      3 ; Version 4.3.2 #14228 (MINGW32)
                                      4 ;--------------------------------------------------------
                                      5 	.module StateGame
                                      6 	.optsdcc -msm83
                                      7 	
                                      8 ;--------------------------------------------------------
                                      9 ; Public variables in this module
                                     10 ;--------------------------------------------------------
                                     11 	.globl _Update_StateGame
                                     12 	.globl _Start_StateGame
                                     13 	.globl _SpriteManagerAdd
                                     14 	.globl _InitScroll
                                     15 	.globl _collision_tiles
                                     16 	.globl ___bank_StateGame
                                     17 ;--------------------------------------------------------
                                     18 ; special function registers
                                     19 ;--------------------------------------------------------
                                     20 ;--------------------------------------------------------
                                     21 ; ram data
                                     22 ;--------------------------------------------------------
                                     23 	.area _DATA
                                     24 ;--------------------------------------------------------
                                     25 ; ram data
                                     26 ;--------------------------------------------------------
                                     27 	.area _INITIALIZED
                           000000    28 G$collision_tiles$0_0$0==.
      000000                         29 _collision_tiles::
      000000                         30 	.ds 2
                                     31 ;--------------------------------------------------------
                                     32 ; absolute external ram data
                                     33 ;--------------------------------------------------------
                                     34 	.area _DABS (ABS)
                                     35 ;--------------------------------------------------------
                                     36 ; global & static initialisations
                                     37 ;--------------------------------------------------------
                                     38 	.area _HOME
                                     39 	.area _GSINIT
                                     40 	.area _GSFINAL
                                     41 	.area _GSINIT
                                     42 ;--------------------------------------------------------
                                     43 ; Home
                                     44 ;--------------------------------------------------------
                                     45 	.area _HOME
                                     46 	.area _HOME
                                     47 ;--------------------------------------------------------
                                     48 ; code
                                     49 ;--------------------------------------------------------
                                     50 	.area _CODE_255
                           000000    51 	G$Start_StateGame$0$0	= .
                                     52 	.globl	G$Start_StateGame$0$0
                           000000    53 	C$StateGame.c$11$0_0$177	= .
                                     54 	.globl	C$StateGame.c$11$0_0$177
                                     55 ;StateGame.c:11: void START() {
                                     56 ;	---------------------------------
                                     57 ; Function Start_StateGame
                                     58 ; ---------------------------------
      000000                         59 _Start_StateGame::
                           000000    60 	C$StateGame.c$12$1_0$177	= .
                                     61 	.globl	C$StateGame.c$12$1_0$177
                                     62 ;StateGame.c:12: scroll_target = SpriteManagerAdd(SpritePlayer, 50, 50);
      000000 11 32 00         [12]   63 	ld	de, #0x0032
      000003 D5               [16]   64 	push	de
      000004 AF               [ 4]   65 	xor	a, a
      000005 CDr00r00         [24]   66 	call	_SpriteManagerAdd
      000008 21r00r00         [12]   67 	ld	hl, #_scroll_target
      00000B 79               [ 4]   68 	ld	a, c
      00000C 22               [ 8]   69 	ld	(hl+), a
      00000D 70               [ 8]   70 	ld	(hl), b
                           00000E    71 	C$StateGame.c$13$1_0$177	= .
                                     72 	.globl	C$StateGame.c$13$1_0$177
                                     73 ;StateGame.c:13: InitScroll(BANK(map), &map, collision_tiles, 0);
      00000E 0Er00            [ 8]   74 	ld	c, #<(___bank_map)
      000010 11 00 00         [12]   75 	ld	de, #0x0000
      000013 D5               [16]   76 	push	de
      000014 11r00r00         [12]   77 	ld	de, #_collision_tiles
      000017 D5               [16]   78 	push	de
      000018 11r00r00         [12]   79 	ld	de, #_map
      00001B 79               [ 4]   80 	ld	a, c
      00001C CDr00r00         [24]   81 	call	_InitScroll
                           00001F    82 	C$StateGame.c$14$1_0$177	= .
                                     83 	.globl	C$StateGame.c$14$1_0$177
                                     84 ;StateGame.c:14: }
                           00001F    85 	C$StateGame.c$14$1_0$177	= .
                                     86 	.globl	C$StateGame.c$14$1_0$177
                           00001F    87 	XG$Start_StateGame$0$0	= .
                                     88 	.globl	XG$Start_StateGame$0$0
      00001F C9               [16]   89 	ret
                           0000FF    90 G$__bank_StateGame$0_0$0 == 0x00ff
                           0000FF    91 ___bank_StateGame	=	0x00ff
                           000020    92 	G$Update_StateGame$0$0	= .
                                     93 	.globl	G$Update_StateGame$0$0
                           000020    94 	C$StateGame.c$16$1_0$179	= .
                                     95 	.globl	C$StateGame.c$16$1_0$179
                                     96 ;StateGame.c:16: void UPDATE() {
                                     97 ;	---------------------------------
                                     98 ; Function Update_StateGame
                                     99 ; ---------------------------------
      000020                        100 _Update_StateGame::
                           000020   101 	C$StateGame.c$18$1_0$179	= .
                                    102 	.globl	C$StateGame.c$18$1_0$179
                                    103 ;StateGame.c:18: }
                           000020   104 	C$StateGame.c$18$1_0$179	= .
                                    105 	.globl	C$StateGame.c$18$1_0$179
                           000020   106 	XG$Update_StateGame$0$0	= .
                                    107 	.globl	XG$Update_StateGame$0$0
      000020 C9               [16]  108 	ret
                                    109 	.area _CODE_255
                                    110 	.area _INITIALIZER
                           000000   111 FStateGame$__xinit_collision_tiles$0_0$0 == .
      000000                        112 __xinit__collision_tiles:
      000000 01                     113 	.db #0x01	; 1
      000001 00                     114 	.db #0x00	; 0
                                    115 	.area _CABS (ABS)
