                                      1 ;--------------------------------------------------------
                                      2 ; File Created by SDCC : free open source ISO C Compiler 
                                      3 ; Version 4.3.2 #14228 (MINGW32)
                                      4 ;--------------------------------------------------------
                                      5 	.module tiles_gbr
                                      6 	.optsdcc -msm83
                                      7 	
                                      8 ;--------------------------------------------------------
                                      9 ; Public variables in this module
                                     10 ;--------------------------------------------------------
                                     11 	.globl _tiles
                                     12 	.globl ___bank_tiles
                                     13 	.globl _tiles_tiles
                                     14 	.globl _tilesCGB
                                     15 	.globl _tiles_palettes
                                     16 ;--------------------------------------------------------
                                     17 ; special function registers
                                     18 ;--------------------------------------------------------
                                     19 ;--------------------------------------------------------
                                     20 ; ram data
                                     21 ;--------------------------------------------------------
                                     22 	.area _DATA
                                     23 ;--------------------------------------------------------
                                     24 ; ram data
                                     25 ;--------------------------------------------------------
                                     26 	.area _INITIALIZED
                                     27 ;--------------------------------------------------------
                                     28 ; absolute external ram data
                                     29 ;--------------------------------------------------------
                                     30 	.area _DABS (ABS)
                                     31 ;--------------------------------------------------------
                                     32 ; global & static initialisations
                                     33 ;--------------------------------------------------------
                                     34 	.area _HOME
                                     35 	.area _GSINIT
                                     36 	.area _GSFINAL
                                     37 	.area _GSINIT
                                     38 ;--------------------------------------------------------
                                     39 ; Home
                                     40 ;--------------------------------------------------------
                                     41 	.area _HOME
                                     42 	.area _HOME
                                     43 ;--------------------------------------------------------
                                     44 ; code
                                     45 ;--------------------------------------------------------
                                     46 	.area _CODE_255
                                     47 	.area _CODE_255
                           000000    48 G$tiles_palettes$0_0$0 == .
      000000                         49 _tiles_palettes:
      000000 BC 17                   50 	.dw #0x17bc
      000002 E7 22                   51 	.dw #0x22e7
      000004 C4 19                   52 	.dw #0x19c4
      000006 E0 14                   53 	.dw #0x14e0
                           000008    54 G$tilesCGB$0_0$0 == .
      000008                         55 _tilesCGB:
      000008 00                      56 	.db #0x00	; 0
      000009 00                      57 	.db #0x00	; 0
                           00000A    58 G$tiles_tiles$0_0$0 == .
      00000A                         59 _tiles_tiles:
      00000A 00                      60 	.db #0x00	; 0
      00000B 00                      61 	.db #0x00	; 0
      00000C 00                      62 	.db #0x00	; 0
      00000D 00                      63 	.db #0x00	; 0
      00000E 00                      64 	.db #0x00	; 0
      00000F 00                      65 	.db #0x00	; 0
      000010 00                      66 	.db #0x00	; 0
      000011 00                      67 	.db #0x00	; 0
      000012 00                      68 	.db #0x00	; 0
      000013 00                      69 	.db #0x00	; 0
      000014 00                      70 	.db #0x00	; 0
      000015 00                      71 	.db #0x00	; 0
      000016 00                      72 	.db #0x00	; 0
      000017 00                      73 	.db #0x00	; 0
      000018 00                      74 	.db #0x00	; 0
      000019 00                      75 	.db #0x00	; 0
      00001A CF                      76 	.db #0xcf	; 207
      00001B 20                      77 	.db #0x20	; 32
      00001C C3                      78 	.db #0xc3	; 195
      00001D 20                      79 	.db #0x20	; 32
      00001E 00                      80 	.db #0x00	; 0
      00001F FF                      81 	.db #0xff	; 255
      000020 FB                      82 	.db #0xfb	; 251
      000021 04                      83 	.db #0x04	; 4
      000022 F9                      84 	.db #0xf9	; 249
      000023 04                      85 	.db #0x04	; 4
      000024 78                      86 	.db #0x78	; 120	'x'
      000025 04                      87 	.db #0x04	; 4
      000026 00                      88 	.db #0x00	; 0
      000027 FF                      89 	.db #0xff	; 255
      000028 DF                      90 	.db #0xdf	; 223
      000029 20                      91 	.db #0x20	; 32
                           0000FF    92 G$__bank_tiles$0_0$0 == 0x00ff
                           0000FF    93 ___bank_tiles	=	0x00ff
                           00002A    94 G$tiles$0_0$0 == .
      00002A                         95 _tiles:
      00002A 02                      96 	.db #0x02	; 2
      00002Br0Ar00                   97 	.dw _tiles_tiles
      00002D 01                      98 	.db #0x01	; 1
      00002Er00r00                   99 	.dw _tiles_palettes
      000030r08r00                  100 	.dw _tilesCGB
                                    101 	.area _INITIALIZER
                                    102 	.area _CABS (ABS)
