                                      1 ;--------------------------------------------------------
                                      2 ; File Created by SDCC : free open source ISO C Compiler 
                                      3 ; Version 4.3.2 #14228 (MINGW32)
                                      4 ;--------------------------------------------------------
                                      5 	.module ZGBMain_Init
                                      6 	.optsdcc -msm83
                                      7 	
                                      8 ;--------------------------------------------------------
                                      9 ; Public variables in this module
                                     10 ;--------------------------------------------------------
                                     11 	.globl _InitSprites
                                     12 	.globl _Destroy_SpritePlayer
                                     13 	.globl _Update_SpritePlayer
                                     14 	.globl _Start_SpritePlayer
                                     15 	.globl _InitStates
                                     16 	.globl _Update_StateGame
                                     17 	.globl _Start_StateGame
                                     18 	.globl _spritePalsOffset
                                     19 	.globl _spriteIdxs
                                     20 	.globl _spriteDatas
                                     21 	.globl _spriteDestroyFuncs
                                     22 	.globl _spriteUpdateFuncs
                                     23 	.globl _spriteStartFuncs
                                     24 	.globl _spriteDataBanks
                                     25 	.globl _spriteBanks
                                     26 	.globl _updateFuncs
                                     27 	.globl _startFuncs
                                     28 	.globl _stateBanks
                                     29 ;--------------------------------------------------------
                                     30 ; special function registers
                                     31 ;--------------------------------------------------------
                                     32 ;--------------------------------------------------------
                                     33 ; ram data
                                     34 ;--------------------------------------------------------
                                     35 	.area _DATA
                           000000    36 G$stateBanks$0_0$0==.
      000000                         37 _stateBanks::
      000000                         38 	.ds 1
                           000001    39 G$startFuncs$0_0$0==.
      000001                         40 _startFuncs::
      000001                         41 	.ds 2
                           000003    42 G$updateFuncs$0_0$0==.
      000003                         43 _updateFuncs::
      000003                         44 	.ds 2
                           000005    45 G$spriteBanks$0_0$0==.
      000005                         46 _spriteBanks::
      000005                         47 	.ds 1
                           000006    48 G$spriteDataBanks$0_0$0==.
      000006                         49 _spriteDataBanks::
      000006                         50 	.ds 1
                           000007    51 G$spriteStartFuncs$0_0$0==.
      000007                         52 _spriteStartFuncs::
      000007                         53 	.ds 2
                           000009    54 G$spriteUpdateFuncs$0_0$0==.
      000009                         55 _spriteUpdateFuncs::
      000009                         56 	.ds 2
                           00000B    57 G$spriteDestroyFuncs$0_0$0==.
      00000B                         58 _spriteDestroyFuncs::
      00000B                         59 	.ds 2
                           00000D    60 G$spriteDatas$0_0$0==.
      00000D                         61 _spriteDatas::
      00000D                         62 	.ds 2
                           00000F    63 G$spriteIdxs$0_0$0==.
      00000F                         64 _spriteIdxs::
      00000F                         65 	.ds 1
                           000010    66 G$spritePalsOffset$0_0$0==.
      000010                         67 _spritePalsOffset::
      000010                         68 	.ds 1
                                     69 ;--------------------------------------------------------
                                     70 ; ram data
                                     71 ;--------------------------------------------------------
                                     72 	.area _INITIALIZED
                                     73 ;--------------------------------------------------------
                                     74 ; absolute external ram data
                                     75 ;--------------------------------------------------------
                                     76 	.area _DABS (ABS)
                                     77 ;--------------------------------------------------------
                                     78 ; global & static initialisations
                                     79 ;--------------------------------------------------------
                                     80 	.area _HOME
                                     81 	.area _GSINIT
                                     82 	.area _GSFINAL
                                     83 	.area _GSINIT
                                     84 ;--------------------------------------------------------
                                     85 ; Home
                                     86 ;--------------------------------------------------------
                                     87 	.area _HOME
                                     88 	.area _HOME
                                     89 ;--------------------------------------------------------
                                     90 ; code
                                     91 ;--------------------------------------------------------
                                     92 	.area _CODE_1
                           000000    93 	G$InitStates$0$0	= .
                                     94 	.globl	G$InitStates$0$0
                           000000    95 	C$ZGBMain_Init.c$16$0_0$158	= .
                                     96 	.globl	C$ZGBMain_Init.c$16$0_0$158
                                     97 ;C:/gbdk/ZGB/common/src/ZGBMain_Init.c:16: void InitStates() {
                                     98 ;	---------------------------------
                                     99 ; Function InitStates
                                    100 ; ---------------------------------
      000000                        101 _InitStates::
                           000000   102 	C$ZGBMain_Init.c$17$1_0$158	= .
                                    103 	.globl	C$ZGBMain_Init.c$17$1_0$158
                                    104 ;C:/gbdk/ZGB/common/src/ZGBMain_Init.c:17: STATES
      000000 21r01r00         [12]  105 	ld	hl, #_startFuncs
      000003 36r00            [12]  106 	ld	(hl), #<(_Start_StateGame)
      000005 23               [ 8]  107 	inc	hl
      000006 36s00            [12]  108 	ld	(hl), #>(_Start_StateGame)
      000008 21r03r00         [12]  109 	ld	hl, #_updateFuncs
      00000B 36r00            [12]  110 	ld	(hl), #<(_Update_StateGame)
      00000D 23               [ 8]  111 	inc	hl
      00000E 36s00            [12]  112 	ld	(hl), #>(_Update_StateGame)
      000010 01r00r00         [12]  113 	ld	bc, #_stateBanks+0
      000013 3Er00            [ 8]  114 	ld	a, #<(___bank_StateGame)
      000015 02               [ 8]  115 	ld	(bc), a
                           000016   116 	C$ZGBMain_Init.c$18$1_0$158	= .
                                    117 	.globl	C$ZGBMain_Init.c$18$1_0$158
                                    118 ;C:/gbdk/ZGB/common/src/ZGBMain_Init.c:18: }
                           000016   119 	C$ZGBMain_Init.c$18$1_0$158	= .
                                    120 	.globl	C$ZGBMain_Init.c$18$1_0$158
                           000016   121 	XG$InitStates$0$0	= .
                                    122 	.globl	XG$InitStates$0$0
      000016 C9               [16]  123 	ret
                           000017   124 	G$InitSprites$0$0	= .
                                    125 	.globl	G$InitSprites$0$0
                           000017   126 	C$ZGBMain_Init.c$49$1_0$159	= .
                                    127 	.globl	C$ZGBMain_Init.c$49$1_0$159
                                    128 ;C:/gbdk/ZGB/common/src/ZGBMain_Init.c:49: void InitSprites() {
                                    129 ;	---------------------------------
                                    130 ; Function InitSprites
                                    131 ; ---------------------------------
      000017                        132 _InitSprites::
                           000017   133 	C$ZGBMain_Init.c$50$1_0$159	= .
                                    134 	.globl	C$ZGBMain_Init.c$50$1_0$159
                                    135 ;C:/gbdk/ZGB/common/src/ZGBMain_Init.c:50: SPRITES
      000017 01r05r00         [12]  136 	ld	bc, #_spriteBanks+0
      00001A 3Er00            [ 8]  137 	ld	a, #<(___bank_SpritePlayer)
      00001C 02               [ 8]  138 	ld	(bc), a
      00001D 21r07r00         [12]  139 	ld	hl, #_spriteStartFuncs
      000020 36r00            [12]  140 	ld	(hl), #<(_Start_SpritePlayer)
      000022 23               [ 8]  141 	inc	hl
      000023 36s00            [12]  142 	ld	(hl), #>(_Start_SpritePlayer)
      000025 21r09r00         [12]  143 	ld	hl, #_spriteUpdateFuncs
      000028 36r00            [12]  144 	ld	(hl), #<(_Update_SpritePlayer)
      00002A 23               [ 8]  145 	inc	hl
      00002B 36s00            [12]  146 	ld	(hl), #>(_Update_SpritePlayer)
      00002D 21r0Br00         [12]  147 	ld	hl, #_spriteDestroyFuncs
      000030 36r00            [12]  148 	ld	(hl), #<(_Destroy_SpritePlayer)
      000032 23               [ 8]  149 	inc	hl
      000033 36s00            [12]  150 	ld	(hl), #>(_Destroy_SpritePlayer)
      000035 01r06r00         [12]  151 	ld	bc, #_spriteDataBanks+0
      000038 3Er00            [ 8]  152 	ld	a, #<(___bank_player)
      00003A 02               [ 8]  153 	ld	(bc), a
      00003B 21r0Dr00         [12]  154 	ld	hl, #_spriteDatas
      00003E 36r00            [12]  155 	ld	(hl), #<(_player)
      000040 23               [ 8]  156 	inc	hl
      000041 36s00            [12]  157 	ld	(hl), #>(_player)
                           000043   158 	C$ZGBMain_Init.c$51$1_0$159	= .
                                    159 	.globl	C$ZGBMain_Init.c$51$1_0$159
                                    160 ;C:/gbdk/ZGB/common/src/ZGBMain_Init.c:51: }
                           000043   161 	C$ZGBMain_Init.c$51$1_0$159	= .
                                    162 	.globl	C$ZGBMain_Init.c$51$1_0$159
                           000043   163 	XG$InitSprites$0$0	= .
                                    164 	.globl	XG$InitSprites$0$0
      000043 C9               [16]  165 	ret
                                    166 	.area _CODE_1
                                    167 	.area _INITIALIZER
                                    168 	.area _CABS (ABS)
