                                      1 ;--------------------------------------------------------
                                      2 ; File Created by SDCC : free open source ISO C Compiler 
                                      3 ; Version 4.3.2 #14228 (MINGW32)
                                      4 ;--------------------------------------------------------
                                      5 	.module player_gbr
                                      6 	.optsdcc -msm83
                                      7 	
                                      8 ;--------------------------------------------------------
                                      9 ; Public variables in this module
                                     10 ;--------------------------------------------------------
                                     11 	.globl _player
                                     12 	.globl _player_metasprites
                                     13 	.globl _player_metasprite0
                                     14 	.globl _player_tiles
                                     15 	.globl _player_palettes
                                     16 	.globl b___func_player
                                     17 	.globl ___func_player
                                     18 ;--------------------------------------------------------
                                     19 ; special function registers
                                     20 ;--------------------------------------------------------
                                     21 ;--------------------------------------------------------
                                     22 ; ram data
                                     23 ;--------------------------------------------------------
                                     24 	.area _DATA
                                     25 ;--------------------------------------------------------
                                     26 ; ram data
                                     27 ;--------------------------------------------------------
                                     28 	.area _INITIALIZED
                                     29 ;--------------------------------------------------------
                                     30 ; absolute external ram data
                                     31 ;--------------------------------------------------------
                                     32 	.area _DABS (ABS)
                                     33 ;--------------------------------------------------------
                                     34 ; global & static initialisations
                                     35 ;--------------------------------------------------------
                                     36 	.area _HOME
                                     37 	.area _GSINIT
                                     38 	.area _GSFINAL
                                     39 	.area _GSINIT
                                     40 ;--------------------------------------------------------
                                     41 ; Home
                                     42 ;--------------------------------------------------------
                                     43 	.area _HOME
                                     44 	.area _HOME
                                     45 ;--------------------------------------------------------
                                     46 ; code
                                     47 ;--------------------------------------------------------
                                     48 	.area _CODE_255
                                     49 ;../Release/res/sprites/player.gbr.c:9: BANKREF(player)
                                     50 ;	---------------------------------
                                     51 ; Function __func_player
                                     52 ; ---------------------------------
                           0000FF    53 	b___func_player	= 255
      000000                         54 ___func_player::
                                     55 	.local b___func_player 
                           0000FF    56 	___bank_player = b___func_player 
                                     57 	.globl ___bank_player 
                                     58 	.area _CODE_255
      000000                         59 _player_palettes:
      000000 BC 17                   60 	.dw #0x17bc
      000002 E7 22                   61 	.dw #0x22e7
      000004 C4 19                   62 	.dw #0x19c4
      000006 E0 14                   63 	.dw #0x14e0
      000008                         64 _player_tiles:
      000008 1F                      65 	.db #0x1f	; 31
      000009 1F                      66 	.db #0x1f	; 31
      00000A 20                      67 	.db #0x20	; 32
      00000B 3F                      68 	.db #0x3f	; 63
      00000C 2F                      69 	.db #0x2f	; 47
      00000D 30                      70 	.db #0x30	; 48	'0'
      00000E 2F                      71 	.db #0x2f	; 47
      00000F 30                      72 	.db #0x30	; 48	'0'
      000010 2F                      73 	.db #0x2f	; 47
      000011 30                      74 	.db #0x30	; 48	'0'
      000012 2F                      75 	.db #0x2f	; 47
      000013 30                      76 	.db #0x30	; 48	'0'
      000014 2F                      77 	.db #0x2f	; 47
      000015 30                      78 	.db #0x30	; 48	'0'
      000016 2F                      79 	.db #0x2f	; 47
      000017 30                      80 	.db #0x30	; 48	'0'
      000018 20                      81 	.db #0x20	; 32
      000019 3F                      82 	.db #0x3f	; 63
      00001A 24                      83 	.db #0x24	; 36
      00001B 3F                      84 	.db #0x3f	; 63
      00001C 2E                      85 	.db #0x2e	; 46
      00001D 3F                      86 	.db #0x3f	; 63
      00001E 24                      87 	.db #0x24	; 36
      00001F 3F                      88 	.db #0x3f	; 63
      000020 20                      89 	.db #0x20	; 32
      000021 3F                      90 	.db #0x3f	; 63
      000022 26                      91 	.db #0x26	; 38
      000023 3F                      92 	.db #0x3f	; 63
      000024 20                      93 	.db #0x20	; 32
      000025 3F                      94 	.db #0x3f	; 63
      000026 1F                      95 	.db #0x1f	; 31
      000027 1F                      96 	.db #0x1f	; 31
      000028 F8                      97 	.db #0xf8	; 248
      000029 F8                      98 	.db #0xf8	; 248
      00002A 04                      99 	.db #0x04	; 4
      00002B FC                     100 	.db #0xfc	; 252
      00002C F4                     101 	.db #0xf4	; 244
      00002D 0C                     102 	.db #0x0c	; 12
      00002E F4                     103 	.db #0xf4	; 244
      00002F 0C                     104 	.db #0x0c	; 12
      000030 F4                     105 	.db #0xf4	; 244
      000031 0C                     106 	.db #0x0c	; 12
      000032 F4                     107 	.db #0xf4	; 244
      000033 0C                     108 	.db #0x0c	; 12
      000034 F4                     109 	.db #0xf4	; 244
      000035 0C                     110 	.db #0x0c	; 12
      000036 F4                     111 	.db #0xf4	; 244
      000037 0C                     112 	.db #0x0c	; 12
      000038 04                     113 	.db #0x04	; 4
      000039 FC                     114 	.db #0xfc	; 252
      00003A 04                     115 	.db #0x04	; 4
      00003B FC                     116 	.db #0xfc	; 252
      00003C 14                     117 	.db #0x14	; 20
      00003D FC                     118 	.db #0xfc	; 252
      00003E 44                     119 	.db #0x44	; 68	'D'
      00003F FC                     120 	.db #0xfc	; 252
      000040 04                     121 	.db #0x04	; 4
      000041 FC                     122 	.db #0xfc	; 252
      000042 C4                     123 	.db #0xc4	; 196
      000043 FC                     124 	.db #0xfc	; 252
      000044 04                     125 	.db #0x04	; 4
      000045 FC                     126 	.db #0xfc	; 252
      000046 F8                     127 	.db #0xf8	; 248
      000047 F8                     128 	.db #0xf8	; 248
      000048                        129 _player_metasprite0:
      000048 00                     130 	.db #0x00	;  0
      000049 00                     131 	.db #0x00	;  0
      00004A 00                     132 	.db #0x00	; 0
      00004B 00                     133 	.db #0x00	; 0
      00004C 00                     134 	.db #0x00	;  0
      00004D 08                     135 	.db #0x08	;  8
      00004E 02                     136 	.db #0x02	; 2
      00004F 00                     137 	.db #0x00	; 0
      000050 80                     138 	.db #0x80	; -128
      000051 00                     139 	.db #0x00	;  0
      000052 00                     140 	.db #0x00	; 0
      000053 00                     141 	.db #0x00	; 0
      000054                        142 _player_metasprites:
      000054r48r00                  143 	.dw _player_metasprite0
      000056                        144 _player:
      000056 10                     145 	.db #0x10	; 16
      000057 10                     146 	.db #0x10	; 16
      000058 04                     147 	.db #0x04	; 4
      000059r08r00                  148 	.dw _player_tiles
      00005B 01                     149 	.db #0x01	; 1
      00005Cr00r00                  150 	.dw _player_palettes
      00005E 01                     151 	.db #0x01	; 1
      00005Fr54r00                  152 	.dw _player_metasprites
                                    153 	.area _INITIALIZER
                                    154 	.area _CABS (ABS)
