                                      1 ;--------------------------------------------------------
                                      2 ; File Created by SDCC : free open source ISO C Compiler 
                                      3 ; Version 4.3.2 #14228 (MINGW32)
                                      4 ;--------------------------------------------------------
                                      5 	.module BankManager
                                      6 	.optsdcc -msm83
                                      7 	
                                      8 ;--------------------------------------------------------
                                      9 ; Public variables in this module
                                     10 ;--------------------------------------------------------
                                     11 	.globl _empty
                                     12 	.globl _bank_stack
                                     13 	.globl _bank_stackSTACK
                                     14 	.globl _PushBank
                                     15 	.globl _PopBank
                                     16 ;--------------------------------------------------------
                                     17 ; special function registers
                                     18 ;--------------------------------------------------------
                                     19 ;--------------------------------------------------------
                                     20 ; ram data
                                     21 ;--------------------------------------------------------
                                     22 	.area _DATA
      000000                         23 _bank_stackSTACK::
      000000                         24 	.ds 10
                                     25 ;--------------------------------------------------------
                                     26 ; ram data
                                     27 ;--------------------------------------------------------
                                     28 	.area _INITIALIZED
      000000                         29 _bank_stack::
      000000                         30 	.ds 2
                                     31 ;--------------------------------------------------------
                                     32 ; absolute external ram data
                                     33 ;--------------------------------------------------------
                                     34 	.area _DABS (ABS)
                                     35 ;--------------------------------------------------------
                                     36 ; global & static initialisations
                                     37 ;--------------------------------------------------------
                                     38 	.area _HOME
                                     39 	.area _GSINIT
                                     40 	.area _GSFINAL
                                     41 	.area _GSINIT
                                     42 ;--------------------------------------------------------
                                     43 ; Home
                                     44 ;--------------------------------------------------------
                                     45 	.area _HOME
                                     46 ;C:/gbdk/ZGB/common/src/BankManager.c:5: void empty(void) __nonbanked {}
                                     47 ;	---------------------------------
                                     48 ; Function empty
                                     49 ; ---------------------------------
      000000                         50 _empty::
      000000 C9               [16]   51 	ret
                                     52 	.area _HOME
                                     53 ;--------------------------------------------------------
                                     54 ; code
                                     55 ;--------------------------------------------------------
                                     56 	.area _CODE
                                     57 ;C:/gbdk/ZGB/common/src/BankManager.c:7: void PushBank(UINT8 b) OLDCALL{
                                     58 ;	---------------------------------
                                     59 ; Function PushBank
                                     60 ; ---------------------------------
      000000                         61 _PushBank::
                                     62 ;C:/gbdk/ZGB/common/src/BankManager.c:25: __endasm;
      000000 21r00r00         [12]   63 	ld	hl, #_bank_stack
      000003 34               [12]   64 	inc	(hl)
      000004 4E               [ 8]   65 	ld	c, (hl)
      000005 23               [ 8]   66 	inc	hl
      000006 46               [ 8]   67 	ld	b, (hl)
      000007 FAr00r00         [16]   68 	ld	a, (#__current_bank)
      00000A 02               [ 8]   69 	ld	(bc), a
      00000B F8 02            [12]   70 	ldhl	sp, #2
      00000D 7E               [ 8]   71 	ld	a, (hl)
      00000E EAr00r00         [16]   72 	ld	(#__current_bank), a
      000011 EA 00 20         [16]   73 	ld	(#0x2000), a
                                     74 ;C:/gbdk/ZGB/common/src/BankManager.c:26: }
      000014 C9               [16]   75 	ret
                                     76 ;C:/gbdk/ZGB/common/src/BankManager.c:28: void PopBank() OLDCALL{
                                     77 ;	---------------------------------
                                     78 ; Function PopBank
                                     79 ; ---------------------------------
      000015                         80 _PopBank::
                                     81 ;C:/gbdk/ZGB/common/src/BankManager.c:42: __endasm;
      000015 21r00r00         [12]   82 	ld	hl, #_bank_stack
      000018 4E               [ 8]   83 	ld	c, (hl)
      000019 23               [ 8]   84 	inc	hl
      00001A 46               [ 8]   85 	ld	b, (hl)
      00001B 0A               [ 8]   86 	ld	a, (bc)
      00001C EAr00r00         [16]   87 	ld	(#__current_bank), a
      00001F EA 00 20         [16]   88 	ld	(#0x2000), a
      000022 2B               [ 8]   89 	dec	hl
      000023 35               [12]   90 	dec	(hl)
                                     91 ;C:/gbdk/ZGB/common/src/BankManager.c:43: }
      000024 C9               [16]   92 	ret
                                     93 	.area _CODE
                                     94 	.area _INITIALIZER
      000000                         95 __xinit__bank_stack:
      000000rFFrFF                   96 	.dw (_bank_stackSTACK - 1)
                                     97 	.area _CABS (ABS)
