                                      1 ;--------------------------------------------------------
                                      2 ; File Created by SDCC : free open source ISO C Compiler 
                                      3 ; Version 4.3.2 #14228 (MINGW32)
                                      4 ;--------------------------------------------------------
                                      5 	.module Fade
                                      6 	.optsdcc -msm83
                                      7 	
                                      8 ;--------------------------------------------------------
                                      9 ; Public variables in this module
                                     10 ;--------------------------------------------------------
                                     11 	.globl b_FadeOut_b
                                     12 	.globl _FadeOut_b
                                     13 	.globl b_FadeIn_b
                                     14 	.globl _FadeIn_b
                                     15 	.globl _FadeIn
                                     16 	.globl _FadeOut
                                     17 ;--------------------------------------------------------
                                     18 ; special function registers
                                     19 ;--------------------------------------------------------
                                     20 ;--------------------------------------------------------
                                     21 ; ram data
                                     22 ;--------------------------------------------------------
                                     23 	.area _DATA
                                     24 ;--------------------------------------------------------
                                     25 ; ram data
                                     26 ;--------------------------------------------------------
                                     27 	.area _INITIALIZED
                                     28 ;--------------------------------------------------------
                                     29 ; absolute external ram data
                                     30 ;--------------------------------------------------------
                                     31 	.area _DABS (ABS)
                                     32 ;--------------------------------------------------------
                                     33 ; global & static initialisations
                                     34 ;--------------------------------------------------------
                                     35 	.area _HOME
                                     36 	.area _GSINIT
                                     37 	.area _GSFINAL
                                     38 	.area _GSINIT
                                     39 ;--------------------------------------------------------
                                     40 ; Home
                                     41 ;--------------------------------------------------------
                                     42 	.area _HOME
                                     43 	.area _HOME
                                     44 ;--------------------------------------------------------
                                     45 ; code
                                     46 ;--------------------------------------------------------
                                     47 	.area _CODE
                                     48 ;C:/gbdk/ZGB/common/src/Fade.c:7: void FadeIn() {
                                     49 ;	---------------------------------
                                     50 ; Function FadeIn
                                     51 ; ---------------------------------
      000000                         52 _FadeIn::
                                     53 ;C:/gbdk/ZGB/common/src/Fade.c:8: FadeIn_b();
      000000 1Er00            [ 8]   54 	ld	e, #b_FadeIn_b
      000002 21r00r00         [12]   55 	ld	hl, #_FadeIn_b
                                     56 ;C:/gbdk/ZGB/common/src/Fade.c:9: }
      000005 C3r00r00         [16]   57 	jp  ___sdcc_bcall_ehl
                                     58 ;C:/gbdk/ZGB/common/src/Fade.c:11: void FadeOut() {
                                     59 ;	---------------------------------
                                     60 ; Function FadeOut
                                     61 ; ---------------------------------
      000008                         62 _FadeOut::
                                     63 ;C:/gbdk/ZGB/common/src/Fade.c:12: FadeOut_b();
      000008 1Er00            [ 8]   64 	ld	e, #b_FadeOut_b
      00000A 21r00r00         [12]   65 	ld	hl, #_FadeOut_b
                                     66 ;C:/gbdk/ZGB/common/src/Fade.c:13: }
      00000D C3r00r00         [16]   67 	jp  ___sdcc_bcall_ehl
                                     68 	.area _CODE
                                     69 	.area _INITIALIZER
                                     70 	.area _CABS (ABS)
