                                      1 ;--------------------------------------------------------
                                      2 ; File Created by SDCC : free open source ISO C Compiler 
                                      3 ; Version 4.3.2 #14228 (MINGW32)
                                      4 ;--------------------------------------------------------
                                      5 	.module Fade_b
                                      6 	.optsdcc -msm83
                                      7 	
                                      8 ;--------------------------------------------------------
                                      9 ; Public variables in this module
                                     10 ;--------------------------------------------------------
                                     11 	.globl b_FadeOut_b
                                     12 	.globl _FadeOut_b
                                     13 	.globl _FadeOutColor
                                     14 	.globl _FadeOutDMG
                                     15 	.globl b_FadeIn_b
                                     16 	.globl _FadeIn_b
                                     17 	.globl _FadeInCOLOR
                                     18 	.globl _FadeStepColor
                                     19 	.globl _UpdateColor
                                     20 	.globl _FadeInDMG
                                     21 	.globl _FadeDMG
                                     22 	.globl _FadeInOp
                                     23 	.globl _DespRight
                                     24 	.globl _set_sprite_palette
                                     25 	.globl _set_bkg_palette
                                     26 	.globl _delay
                                     27 	.globl _ZGB_Fading_SPal
                                     28 	.globl _ZGB_Fading_BPal
                                     29 ;--------------------------------------------------------
                                     30 ; special function registers
                                     31 ;--------------------------------------------------------
                                     32 ;--------------------------------------------------------
                                     33 ; ram data
                                     34 ;--------------------------------------------------------
                                     35 	.area _DATA
      000000                         36 _ZGB_Fading_BPal::
      000000                         37 	.ds 64
      000040                         38 _ZGB_Fading_SPal::
      000040                         39 	.ds 64
                                     40 ;--------------------------------------------------------
                                     41 ; ram data
                                     42 ;--------------------------------------------------------
                                     43 	.area _INITIALIZED
                                     44 ;--------------------------------------------------------
                                     45 ; absolute external ram data
                                     46 ;--------------------------------------------------------
                                     47 	.area _DABS (ABS)
                                     48 ;--------------------------------------------------------
                                     49 ; global & static initialisations
                                     50 ;--------------------------------------------------------
                                     51 	.area _HOME
                                     52 	.area _GSINIT
                                     53 	.area _GSFINAL
                                     54 	.area _GSINIT
                                     55 ;--------------------------------------------------------
                                     56 ; Home
                                     57 ;--------------------------------------------------------
                                     58 	.area _HOME
                                     59 	.area _HOME
                                     60 ;--------------------------------------------------------
                                     61 ; code
                                     62 ;--------------------------------------------------------
                                     63 	.area _CODE_1
                                     64 ;C:/gbdk/ZGB/common/src/Fade_b.c:11: UINT8 FadeInOp(UINT16 c, UINT16 i) {
                                     65 ;	---------------------------------
                                     66 ; Function FadeInOp
                                     67 ; ---------------------------------
      000000                         68 _FadeInOp::
                                     69 ;C:/gbdk/ZGB/common/src/Fade_b.c:12: return U_LESS_THAN(c, i) ? 0: (c - i);
      000000 7B               [ 4]   70 	ld	a, e
      000001 91               [ 4]   71 	sub	a, c
                                     72 ;	spillPairReg hl
                                     73 ;	spillPairReg hl
      000002 7A               [ 4]   74 	ld	a, d
      000003 98               [ 4]   75 	sbc	a, b
      000004 07               [ 4]   76 	rlca
      000005 30 02            [12]   77 	jr	NC, 00103$
      000007 AF               [ 4]   78 	xor	a, a
      000008 C9               [16]   79 	ret
      000009                         80 00103$:
      000009 7B               [ 4]   81 	ld	a, e
      00000A 91               [ 4]   82 	sub	a, c
                                     83 ;C:/gbdk/ZGB/common/src/Fade_b.c:13: }
      00000B C9               [16]   84 	ret
                                     85 ;C:/gbdk/ZGB/common/src/Fade_b.c:15: void FadeDMG(UINT8 fadeout) {
                                     86 ;	---------------------------------
                                     87 ; Function FadeDMG
                                     88 ; ---------------------------------
      00000C                         89 _FadeDMG::
      00000C E8 E3            [16]   90 	add	sp, #-29
      00000E F8 1A            [12]   91 	ldhl	sp,	#26
      000010 77               [ 8]   92 	ld	(hl), a
                                     93 ;C:/gbdk/ZGB/common/src/Fade_b.c:17: UINT8* pals[] = {(UINT8*)0xFF47, (UINT8*)0xFF48, (UINT8*)0xFF49};
      000011 F8 0C            [12]   94 	ldhl	sp,	#12
      000013 3E 47            [ 8]   95 	ld	a, #0x47
      000015 22               [ 8]   96 	ld	(hl+), a
      000016 3E FF            [ 8]   97 	ld	a, #0xff
      000018 22               [ 8]   98 	ld	(hl+), a
      000019 3E 48            [ 8]   99 	ld	a, #0x48
      00001B 22               [ 8]  100 	ld	(hl+), a
      00001C 3E FF            [ 8]  101 	ld	a, #0xff
      00001E 22               [ 8]  102 	ld	(hl+), a
      00001F 3E 49            [ 8]  103 	ld	a, #0x49
      000021 22               [ 8]  104 	ld	(hl+), a
      000022 36 FF            [12]  105 	ld	(hl), #0xff
                                    106 ;C:/gbdk/ZGB/common/src/Fade_b.c:19: UINT8* c = colors;
      000024 21 00 00         [12]  107 	ld	hl, #0
      000027 39               [ 8]  108 	add	hl, sp
      000028 E5               [16]  109 	push	hl
      000029 7D               [ 4]  110 	ld	a, l
      00002A F8 1A            [12]  111 	ldhl	sp,	#26
      00002C 77               [ 8]  112 	ld	(hl), a
      00002D E1               [12]  113 	pop	hl
      00002E 7C               [ 4]  114 	ld	a, h
      00002F F8 19            [12]  115 	ldhl	sp,	#25
      000031 77               [ 8]  116 	ld	(hl), a
                                    117 ;C:/gbdk/ZGB/common/src/Fade_b.c:23: for(i = 0; i != 3; ++i) {
      000032 F8 1C            [12]  118 	ldhl	sp,	#28
      000034 36 00            [12]  119 	ld	(hl), #0x00
      000036                        120 00107$:
                                    121 ;C:/gbdk/ZGB/common/src/Fade_b.c:24: p = (UINT8)*(pals[i]);
      000036 F8 1C            [12]  122 	ldhl	sp,	#28
      000038 7E               [ 8]  123 	ld	a, (hl)
      000039 F8 16            [12]  124 	ldhl	sp,	#22
      00003B 22               [ 8]  125 	ld	(hl+), a
      00003C AF               [ 4]  126 	xor	a, a
      00003D 32               [ 8]  127 	ld	(hl-), a
      00003E 3A               [ 8]  128 	ld	a, (hl-)
      00003F 2B               [ 8]  129 	dec	hl
      000040 77               [ 8]  130 	ld	(hl), a
      000041 F8 17            [12]  131 	ldhl	sp,	#23
      000043 3A               [ 8]  132 	ld	a, (hl-)
      000044 2B               [ 8]  133 	dec	hl
      000045 32               [ 8]  134 	ld	(hl-), a
      000046 CB 26            [16]  135 	sla	(hl)
      000048 23               [ 8]  136 	inc	hl
      000049 CB 16            [16]  137 	rl	(hl)
      00004B E5               [16]  138 	push	hl
      00004C 21 0E 00         [12]  139 	ld	hl, #14
      00004F 39               [ 8]  140 	add	hl, sp
      000050 5D               [ 4]  141 	ld	e, l
      000051 54               [ 4]  142 	ld	d, h
      000052 E1               [12]  143 	pop	hl
      000053 F8 14            [12]  144 	ldhl	sp,	#20
      000055 2A               [ 8]  145 	ld	a,	(hl+)
      000056 66               [ 8]  146 	ld	h, (hl)
      000057 6F               [ 4]  147 	ld	l, a
      000058 19               [ 8]  148 	add	hl, de
      000059 E5               [16]  149 	push	hl
      00005A 7D               [ 4]  150 	ld	a, l
      00005B F8 18            [12]  151 	ldhl	sp,	#24
      00005D 77               [ 8]  152 	ld	(hl), a
      00005E E1               [12]  153 	pop	hl
      00005F 7C               [ 4]  154 	ld	a, h
      000060 F8 17            [12]  155 	ldhl	sp,	#23
      000062 32               [ 8]  156 	ld	(hl-), a
      000063 2A               [ 8]  157 	ld	a, (hl+)
      000064 5F               [ 4]  158 	ld	e, a
      000065 56               [ 8]  159 	ld	d, (hl)
      000066 1A               [ 8]  160 	ld	a, (de)
      000067 4F               [ 4]  161 	ld	c, a
      000068 13               [ 8]  162 	inc	de
      000069 1A               [ 8]  163 	ld	a, (de)
      00006A 47               [ 4]  164 	ld	b, a
      00006B 0A               [ 8]  165 	ld	a, (bc)
      00006C 77               [ 8]  166 	ld	(hl), a
                                    167 ;C:/gbdk/ZGB/common/src/Fade_b.c:25: for(j = 0; j != 8; j += 2, ++c) {
      00006D F8 1B            [12]  168 	ldhl	sp,	#27
      00006F 36 00            [12]  169 	ld	(hl), #0x00
      000071 F8 18            [12]  170 	ldhl	sp,	#24
      000073 2A               [ 8]  171 	ld	a, (hl+)
      000074 5F               [ 4]  172 	ld	e, a
      000075 56               [ 8]  173 	ld	d, (hl)
      000076                        174 00105$:
                                    175 ;C:/gbdk/ZGB/common/src/Fade_b.c:26: *c = (DespRight(p, j)) & 0x3;
      000076 F8 1B            [12]  176 	ldhl	sp,	#27
      000078 4E               [ 8]  177 	ld	c, (hl)
      000079 06 00            [ 8]  178 	ld	b, #0x00
      00007B F8 17            [12]  179 	ldhl	sp,	#23
      00007D 2A               [ 8]  180 	ld	a, (hl+)
      00007E 22               [ 8]  181 	ld	(hl+), a
      00007F AF               [ 4]  182 	xor	a, a
      000080 32               [ 8]  183 	ld	(hl-), a
      000081 D5               [16]  184 	push	de
      000082 5E               [ 8]  185 	ld	e, (hl)
      000083 16 00            [ 8]  186 	ld	d, #0x00
      000085 CDr00r00         [24]  187 	call	_DespRight
      000088 D1               [12]  188 	pop	de
      000089 79               [ 4]  189 	ld	a, c
      00008A E6 03            [ 8]  190 	and	a, #0x03
      00008C 12               [ 8]  191 	ld	(de), a
                                    192 ;C:/gbdk/ZGB/common/src/Fade_b.c:25: for(j = 0; j != 8; j += 2, ++c) {
      00008D F8 1B            [12]  193 	ldhl	sp,	#27
      00008F 7E               [ 8]  194 	ld	a, (hl)
      000090 C6 02            [ 8]  195 	add	a, #0x02
      000092 77               [ 8]  196 	ld	(hl), a
      000093 13               [ 8]  197 	inc	de
      000094 7E               [ 8]  198 	ld	a, (hl)
      000095 D6 08            [ 8]  199 	sub	a, #0x08
      000097 20 DD            [12]  200 	jr	NZ, 00105$
                                    201 ;C:/gbdk/ZGB/common/src/Fade_b.c:23: for(i = 0; i != 3; ++i) {
      000099 F8 18            [12]  202 	ldhl	sp,	#24
      00009B 7B               [ 4]  203 	ld	a, e
      00009C 22               [ 8]  204 	ld	(hl+), a
      00009D 72               [ 8]  205 	ld	(hl), d
      00009E F8 1C            [12]  206 	ldhl	sp,	#28
      0000A0 34               [12]  207 	inc	(hl)
      0000A1 7E               [ 8]  208 	ld	a, (hl)
      0000A2 D6 03            [ 8]  209 	sub	a, #0x03
      0000A4 20 90            [12]  210 	jr	NZ, 00107$
                                    211 ;C:/gbdk/ZGB/common/src/Fade_b.c:30: for(i = 0; i != 4; ++i) {
      0000A6 F8 1B            [12]  212 	ldhl	sp,	#27
      0000A8 36 00            [12]  213 	ld	(hl), #0x00
      0000AA                        214 00111$:
                                    215 ;C:/gbdk/ZGB/common/src/Fade_b.c:31: p = fadeout ? 3 - i : i;
      0000AA F8 1A            [12]  216 	ldhl	sp,	#26
      0000AC 7E               [ 8]  217 	ld	a, (hl)
      0000AD B7               [ 4]  218 	or	a, a
      0000AE 28 07            [12]  219 	jr	Z, 00115$
      0000B0 23               [ 8]  220 	inc	hl
      0000B1 4E               [ 8]  221 	ld	c, (hl)
      0000B2 3E 03            [ 8]  222 	ld	a, #0x03
      0000B4 91               [ 4]  223 	sub	a, c
      0000B5 18 03            [12]  224 	jr	00116$
      0000B7                        225 00115$:
      0000B7 F8 1B            [12]  226 	ldhl	sp,	#27
      0000B9 7E               [ 8]  227 	ld	a, (hl)
      0000BA                        228 00116$:
      0000BA F8 12            [12]  229 	ldhl	sp,	#18
      0000BC 77               [ 8]  230 	ld	(hl), a
                                    231 ;C:/gbdk/ZGB/common/src/Fade_b.c:32: for(j = 0; j != 3; ++j) {
      0000BD F8 1C            [12]  232 	ldhl	sp,	#28
      0000BF 36 00            [12]  233 	ld	(hl), #0x00
      0000C1                        234 00109$:
                                    235 ;C:/gbdk/ZGB/common/src/Fade_b.c:33: c = &colors[j << 2];
      0000C1 F8 1C            [12]  236 	ldhl	sp,	#28
      0000C3 7E               [ 8]  237 	ld	a, (hl)
      0000C4 F8 19            [12]  238 	ldhl	sp,	#25
      0000C6 77               [ 8]  239 	ld	(hl), a
      0000C7 CB 26            [16]  240 	sla	(hl)
      0000C9 CB 26            [16]  241 	sla	(hl)
      0000CB 7E               [ 8]  242 	ld	a, (hl)
      0000CC F8 16            [12]  243 	ldhl	sp,	#22
      0000CE 22               [ 8]  244 	ld	(hl+), a
      0000CF 07               [ 4]  245 	rlca
      0000D0 9F               [ 4]  246 	sbc	a, a
      0000D1 77               [ 8]  247 	ld	(hl), a
      0000D2 E5               [16]  248 	push	hl
      0000D3 21 02 00         [12]  249 	ld	hl, #2
      0000D6 39               [ 8]  250 	add	hl, sp
      0000D7 5D               [ 4]  251 	ld	e, l
      0000D8 54               [ 4]  252 	ld	d, h
      0000D9 E1               [12]  253 	pop	hl
      0000DA F8 16            [12]  254 	ldhl	sp,	#22
      0000DC 2A               [ 8]  255 	ld	a,	(hl+)
      0000DD 66               [ 8]  256 	ld	h, (hl)
      0000DE 6F               [ 4]  257 	ld	l, a
      0000DF 19               [ 8]  258 	add	hl, de
      0000E0 E5               [16]  259 	push	hl
      0000E1 7D               [ 4]  260 	ld	a, l
      0000E2 F8 1A            [12]  261 	ldhl	sp,	#26
      0000E4 77               [ 8]  262 	ld	(hl), a
      0000E5 E1               [12]  263 	pop	hl
      0000E6 7C               [ 4]  264 	ld	a, h
      0000E7 F8 19            [12]  265 	ldhl	sp,	#25
      0000E9 32               [ 8]  266 	ld	(hl-), a
      0000EA 7E               [ 8]  267 	ld	a, (hl)
      0000EB F8 13            [12]  268 	ldhl	sp,	#19
      0000ED 77               [ 8]  269 	ld	(hl), a
      0000EE F8 19            [12]  270 	ldhl	sp,	#25
      0000F0 7E               [ 8]  271 	ld	a, (hl)
      0000F1 F8 14            [12]  272 	ldhl	sp,	#20
      0000F3 77               [ 8]  273 	ld	(hl), a
                                    274 ;C:/gbdk/ZGB/common/src/Fade_b.c:34: *pals[j] = PAL_DEF(FadeInOp(c[0], p), FadeInOp(c[1], p), FadeInOp(c[2], p), FadeInOp(c[3], p));
      0000F4 F8 1C            [12]  275 	ldhl	sp,	#28
      0000F6 7E               [ 8]  276 	ld	a, (hl)
      0000F7 F8 18            [12]  277 	ldhl	sp,	#24
      0000F9 22               [ 8]  278 	ld	(hl+), a
      0000FA AF               [ 4]  279 	xor	a, a
      0000FB 32               [ 8]  280 	ld	(hl-), a
      0000FC 3A               [ 8]  281 	ld	a, (hl-)
      0000FD 2B               [ 8]  282 	dec	hl
      0000FE 77               [ 8]  283 	ld	(hl), a
      0000FF F8 19            [12]  284 	ldhl	sp,	#25
      000101 3A               [ 8]  285 	ld	a, (hl-)
      000102 2B               [ 8]  286 	dec	hl
      000103 32               [ 8]  287 	ld	(hl-), a
      000104 CB 26            [16]  288 	sla	(hl)
      000106 23               [ 8]  289 	inc	hl
      000107 CB 16            [16]  290 	rl	(hl)
      000109 E5               [16]  291 	push	hl
      00010A 21 0E 00         [12]  292 	ld	hl, #14
      00010D 39               [ 8]  293 	add	hl, sp
      00010E 5D               [ 4]  294 	ld	e, l
      00010F 54               [ 4]  295 	ld	d, h
      000110 E1               [12]  296 	pop	hl
      000111 F8 16            [12]  297 	ldhl	sp,	#22
      000113 2A               [ 8]  298 	ld	a,	(hl+)
      000114 66               [ 8]  299 	ld	h, (hl)
      000115 6F               [ 4]  300 	ld	l, a
      000116 19               [ 8]  301 	add	hl, de
      000117 E5               [16]  302 	push	hl
      000118 7D               [ 4]  303 	ld	a, l
      000119 F8 1A            [12]  304 	ldhl	sp,	#26
      00011B 77               [ 8]  305 	ld	(hl), a
      00011C E1               [12]  306 	pop	hl
      00011D 7C               [ 4]  307 	ld	a, h
      00011E F8 19            [12]  308 	ldhl	sp,	#25
      000120 32               [ 8]  309 	ld	(hl-), a
      000121 2A               [ 8]  310 	ld	a, (hl+)
      000122 5F               [ 4]  311 	ld	e, a
      000123 56               [ 8]  312 	ld	d, (hl)
      000124 1A               [ 8]  313 	ld	a, (de)
      000125 F8 15            [12]  314 	ldhl	sp,	#21
      000127 22               [ 8]  315 	ld	(hl+), a
      000128 13               [ 8]  316 	inc	de
      000129 1A               [ 8]  317 	ld	a, (de)
      00012A 77               [ 8]  318 	ld	(hl), a
      00012B F8 12            [12]  319 	ldhl	sp,	#18
      00012D 7E               [ 8]  320 	ld	a, (hl)
      00012E F8 17            [12]  321 	ldhl	sp,	#23
      000130 22               [ 8]  322 	ld	(hl+), a
      000131 36 00            [12]  323 	ld	(hl), #0x00
      000133 F8 13            [12]  324 	ldhl	sp,	#19
      000135 2A               [ 8]  325 	ld	a, (hl+)
      000136 4F               [ 4]  326 	ld	c, a
      000137 46               [ 8]  327 	ld	b, (hl)
      000138 03               [ 8]  328 	inc	bc
      000139 03               [ 8]  329 	inc	bc
      00013A 03               [ 8]  330 	inc	bc
      00013B 0A               [ 8]  331 	ld	a, (bc)
      00013C 5F               [ 4]  332 	ld	e, a
      00013D 16 00            [ 8]  333 	ld	d, #0x00
      00013F F8 17            [12]  334 	ldhl	sp,	#23
      000141 4E               [ 8]  335 	ld	c, (hl)
      000142 23               [ 8]  336 	inc	hl
      000143 46               [ 8]  337 	ld	b, (hl)
      000144 CDr00r00         [24]  338 	call	_FadeInOp
      000147 CB 37            [ 8]  339 	swap	a
      000149 E6 F0            [ 8]  340 	and	a, #0xf0
      00014B 87               [ 4]  341 	add	a, a
      00014C 87               [ 4]  342 	add	a, a
      00014D F8 19            [12]  343 	ldhl	sp,	#25
      00014F 77               [ 8]  344 	ld	(hl), a
      000150 F8 13            [12]  345 	ldhl	sp,	#19
      000152 2A               [ 8]  346 	ld	a, (hl+)
      000153 4F               [ 4]  347 	ld	c, a
      000154 46               [ 8]  348 	ld	b, (hl)
      000155 03               [ 8]  349 	inc	bc
      000156 03               [ 8]  350 	inc	bc
      000157 0A               [ 8]  351 	ld	a, (bc)
      000158 5F               [ 4]  352 	ld	e, a
      000159 16 00            [ 8]  353 	ld	d, #0x00
      00015B F8 17            [12]  354 	ldhl	sp,	#23
      00015D 4E               [ 8]  355 	ld	c, (hl)
      00015E 23               [ 8]  356 	inc	hl
      00015F 46               [ 8]  357 	ld	b, (hl)
      000160 CDr00r00         [24]  358 	call	_FadeInOp
      000163 CB 37            [ 8]  359 	swap	a
      000165 E6 F0            [ 8]  360 	and	a, #0xf0
      000167 F8 19            [12]  361 	ldhl	sp,	#25
      000169 B6               [ 8]  362 	or	a, (hl)
      00016A 77               [ 8]  363 	ld	(hl), a
      00016B F8 13            [12]  364 	ldhl	sp,	#19
      00016D 2A               [ 8]  365 	ld	a, (hl+)
      00016E 4F               [ 4]  366 	ld	c, a
      00016F 46               [ 8]  367 	ld	b, (hl)
      000170 03               [ 8]  368 	inc	bc
      000171 0A               [ 8]  369 	ld	a, (bc)
      000172 5F               [ 4]  370 	ld	e, a
      000173 16 00            [ 8]  371 	ld	d, #0x00
      000175 F8 17            [12]  372 	ldhl	sp,	#23
      000177 4E               [ 8]  373 	ld	c, (hl)
      000178 23               [ 8]  374 	inc	hl
      000179 46               [ 8]  375 	ld	b, (hl)
      00017A CDr00r00         [24]  376 	call	_FadeInOp
      00017D 87               [ 4]  377 	add	a, a
      00017E 87               [ 4]  378 	add	a, a
      00017F F8 19            [12]  379 	ldhl	sp,	#25
      000181 B6               [ 8]  380 	or	a, (hl)
      000182 77               [ 8]  381 	ld	(hl), a
      000183 F8 13            [12]  382 	ldhl	sp,#19
      000185 2A               [ 8]  383 	ld	a, (hl+)
      000186 5F               [ 4]  384 	ld	e, a
      000187 56               [ 8]  385 	ld	d, (hl)
      000188 1A               [ 8]  386 	ld	a, (de)
      000189 5F               [ 4]  387 	ld	e, a
      00018A 16 00            [ 8]  388 	ld	d, #0x00
      00018C F8 17            [12]  389 	ldhl	sp,	#23
      00018E 4E               [ 8]  390 	ld	c, (hl)
      00018F 23               [ 8]  391 	inc	hl
      000190 46               [ 8]  392 	ld	b, (hl)
      000191 CDr00r00         [24]  393 	call	_FadeInOp
      000194 F8 19            [12]  394 	ldhl	sp,	#25
      000196 B6               [ 8]  395 	or	a, (hl)
      000197 4F               [ 4]  396 	ld	c, a
      000198 F8 15            [12]  397 	ldhl	sp,	#21
      00019A 2A               [ 8]  398 	ld	a,	(hl+)
      00019B 66               [ 8]  399 	ld	h, (hl)
      00019C 6F               [ 4]  400 	ld	l, a
      00019D 71               [ 8]  401 	ld	(hl), c
                                    402 ;C:/gbdk/ZGB/common/src/Fade_b.c:32: for(j = 0; j != 3; ++j) {
      00019E F8 1C            [12]  403 	ldhl	sp,	#28
      0001A0 34               [12]  404 	inc	(hl)
      0001A1 7E               [ 8]  405 	ld	a, (hl)
      0001A2 D6 03            [ 8]  406 	sub	a, #0x03
      0001A4 C2rC1r00         [16]  407 	jp	NZ,00109$
                                    408 ;C:/gbdk/ZGB/common/src/Fade_b.c:36: delay(50);
      0001A7 11 32 00         [12]  409 	ld	de, #0x0032
      0001AA CDr00r00         [24]  410 	call	_delay
                                    411 ;C:/gbdk/ZGB/common/src/Fade_b.c:30: for(i = 0; i != 4; ++i) {
      0001AD F8 1B            [12]  412 	ldhl	sp,	#27
      0001AF 34               [12]  413 	inc	(hl)
      0001B0 7E               [ 8]  414 	ld	a, (hl)
      0001B1 D6 04            [ 8]  415 	sub	a, #0x04
      0001B3 C2rAAr00         [16]  416 	jp	NZ,00111$
                                    417 ;C:/gbdk/ZGB/common/src/Fade_b.c:38: }
      0001B6 E8 1D            [16]  418 	add	sp, #29
      0001B8 C9               [16]  419 	ret
                                    420 ;C:/gbdk/ZGB/common/src/Fade_b.c:40: void FadeInDMG() {
                                    421 ;	---------------------------------
                                    422 ; Function FadeInDMG
                                    423 ; ---------------------------------
      0001B9                        424 _FadeInDMG::
                                    425 ;C:/gbdk/ZGB/common/src/Fade_b.c:41: FadeDMG(0);
      0001B9 AF               [ 4]  426 	xor	a, a
                                    427 ;C:/gbdk/ZGB/common/src/Fade_b.c:42: }
      0001BA C3r0Cr00         [16]  428 	jp	_FadeDMG
                                    429 ;C:/gbdk/ZGB/common/src/Fade_b.c:44: UWORD UpdateColor(UINT8 i, UWORD col) {
                                    430 ;	---------------------------------
                                    431 ; Function UpdateColor
                                    432 ; ---------------------------------
      0001BD                        433 _UpdateColor::
      0001BD E8 FC            [16]  434 	add	sp, #-4
      0001BF 4F               [ 4]  435 	ld	c, a
      0001C0 F8 02            [12]  436 	ldhl	sp,	#2
      0001C2 7B               [ 4]  437 	ld	a, e
      0001C3 22               [ 8]  438 	ld	(hl+), a
                                    439 ;C:/gbdk/ZGB/common/src/Fade_b.c:46: return RGB2(PAL_RED(col) | DespRight(0x1F, 5 - i), PAL_GREEN(col) | DespRight(0x1F, 5 - i), PAL_BLUE(col) | DespRight(0x1F, 5 - i));
      0001C4 7A               [ 4]  440 	ld	a, d
      0001C5 32               [ 8]  441 	ld	(hl-), a
      0001C6 7E               [ 8]  442 	ld	a, (hl)
      0001C7 E6 1F            [ 8]  443 	and	a, #0x1f
      0001C9 6F               [ 4]  444 	ld	l, a
                                    445 ;	spillPairReg hl
                                    446 ;	spillPairReg hl
                                    447 ;	spillPairReg hl
                                    448 ;	spillPairReg hl
      0001CA 26 00            [ 8]  449 	ld	h, #0x00
      0001CC 44               [ 4]  450 	ld	b, h
      0001CD 3E 05            [ 8]  451 	ld	a, #0x05
      0001CF 91               [ 4]  452 	sub	a, c
      0001D0 4F               [ 4]  453 	ld	c, a
      0001D1 9F               [ 4]  454 	sbc	a, a
      0001D2 90               [ 4]  455 	sub	a, b
      0001D3 47               [ 4]  456 	ld	b, a
      0001D4 E5               [16]  457 	push	hl
      0001D5 C5               [16]  458 	push	bc
      0001D6 11 1F 00         [12]  459 	ld	de, #0x001f
      0001D9 CDr00r00         [24]  460 	call	_DespRight
      0001DC 59               [ 4]  461 	ld	e, c
      0001DD 50               [ 4]  462 	ld	d, b
      0001DE C1               [12]  463 	pop	bc
      0001DF E1               [12]  464 	pop	hl
      0001E0 7D               [ 4]  465 	ld	a, l
      0001E1 B3               [ 4]  466 	or	a, e
      0001E2 E5               [16]  467 	push	hl
      0001E3 F8 02            [12]  468 	ldhl	sp,	#2
      0001E5 77               [ 8]  469 	ld	(hl), a
      0001E6 F8 03            [12]  470 	ldhl	sp,	#3
      0001E8 72               [ 8]  471 	ld	(hl), d
      0001E9 E1               [12]  472 	pop	hl
      0001EA F8 02            [12]  473 	ldhl	sp,#2
      0001EC 2A               [ 8]  474 	ld	a, (hl+)
      0001ED 5F               [ 4]  475 	ld	e, a
      0001EE 56               [ 8]  476 	ld	d, (hl)
      0001EF CB 3A            [ 8]  477 	srl	d
      0001F1 CB 1B            [ 8]  478 	rr	e
      0001F3 CB 3A            [ 8]  479 	srl	d
      0001F5 CB 1B            [ 8]  480 	rr	e
      0001F7 CB 3A            [ 8]  481 	srl	d
      0001F9 CB 1B            [ 8]  482 	rr	e
      0001FB CB 3A            [ 8]  483 	srl	d
      0001FD CB 1B            [ 8]  484 	rr	e
      0001FF CB 3A            [ 8]  485 	srl	d
      000201 CB 1B            [ 8]  486 	rr	e
      000203 7B               [ 4]  487 	ld	a, e
      000204 E6 1F            [ 8]  488 	and	a, #0x1f
      000206 5F               [ 4]  489 	ld	e, a
      000207 16 00            [ 8]  490 	ld	d, #0x00
      000209 C5               [16]  491 	push	bc
      00020A D5               [16]  492 	push	de
      00020B 11 1F 00         [12]  493 	ld	de, #0x001f
      00020E CDr00r00         [24]  494 	call	_DespRight
      000211 69               [ 4]  495 	ld	l, c
                                    496 ;	spillPairReg hl
                                    497 ;	spillPairReg hl
      000212 60               [ 4]  498 	ld	h, b
                                    499 ;	spillPairReg hl
                                    500 ;	spillPairReg hl
      000213 D1               [12]  501 	pop	de
      000214 C1               [12]  502 	pop	bc
      000215 7D               [ 4]  503 	ld	a, l
      000216 B3               [ 4]  504 	or	a, e
      000217 6F               [ 4]  505 	ld	l, a
                                    506 ;	spillPairReg hl
                                    507 ;	spillPairReg hl
      000218 29               [ 8]  508 	add	hl, hl
      000219 29               [ 8]  509 	add	hl, hl
      00021A 29               [ 8]  510 	add	hl, hl
      00021B 29               [ 8]  511 	add	hl, hl
      00021C 29               [ 8]  512 	add	hl, hl
      00021D E5               [16]  513 	push	hl
      00021E F8 02            [12]  514 	ldhl	sp,	#2
      000220 7E               [ 8]  515 	ld	a, (hl)
      000221 E1               [12]  516 	pop	hl
      000222 B5               [ 4]  517 	or	a, l
      000223 5F               [ 4]  518 	ld	e, a
      000224 E5               [16]  519 	push	hl
      000225 F8 03            [12]  520 	ldhl	sp,	#3
      000227 7E               [ 8]  521 	ld	a, (hl)
      000228 E1               [12]  522 	pop	hl
      000229 B4               [ 4]  523 	or	a, h
      00022A 57               [ 4]  524 	ld	d, a
      00022B F8 03            [12]  525 	ldhl	sp,	#3
      00022D 7E               [ 8]  526 	ld	a, (hl)
      00022E 0F               [ 4]  527 	rrca
      00022F 0F               [ 4]  528 	rrca
      000230 E6 3F            [ 8]  529 	and	a, #0x3f
      000232 F8 00            [12]  530 	ldhl	sp,	#0
      000234 22               [ 8]  531 	ld	(hl+), a
      000235 AF               [ 4]  532 	xor	a, a
      000236 32               [ 8]  533 	ld	(hl-), a
      000237 7E               [ 8]  534 	ld	a, (hl)
      000238 E6 1F            [ 8]  535 	and	a, #0x1f
      00023A 6F               [ 4]  536 	ld	l, a
                                    537 ;	spillPairReg hl
                                    538 ;	spillPairReg hl
      00023B 26 00            [ 8]  539 	ld	h, #0x00
                                    540 ;	spillPairReg hl
                                    541 ;	spillPairReg hl
      00023D E5               [16]  542 	push	hl
      00023E D5               [16]  543 	push	de
      00023F 11 1F 00         [12]  544 	ld	de, #0x001f
      000242 CDr00r00         [24]  545 	call	_DespRight
      000245 D1               [12]  546 	pop	de
      000246 E1               [12]  547 	pop	hl
      000247 79               [ 4]  548 	ld	a, c
      000248 B5               [ 4]  549 	or	a, l
      000249 67               [ 4]  550 	ld	h, a
                                    551 ;	spillPairReg hl
                                    552 ;	spillPairReg hl
      00024A 2E 00            [ 8]  553 	ld	l, #0x00
                                    554 ;	spillPairReg hl
                                    555 ;	spillPairReg hl
      00024C 29               [ 8]  556 	add	hl, hl
      00024D 29               [ 8]  557 	add	hl, hl
      00024E 7D               [ 4]  558 	ld	a, l
      00024F B3               [ 4]  559 	or	a, e
      000250 4F               [ 4]  560 	ld	c, a
      000251 7C               [ 4]  561 	ld	a, h
      000252 B2               [ 4]  562 	or	a, d
      000253 47               [ 4]  563 	ld	b, a
                                    564 ;C:/gbdk/ZGB/common/src/Fade_b.c:47: }
      000254 E8 04            [16]  565 	add	sp, #4
      000256 C9               [16]  566 	ret
                                    567 ;C:/gbdk/ZGB/common/src/Fade_b.c:49: void FadeStepColor(UINT8 i) {
                                    568 ;	---------------------------------
                                    569 ; Function FadeStepColor
                                    570 ; ---------------------------------
      000257                        571 _FadeStepColor::
      000257 E8 E7            [16]  572 	add	sp, #-25
      000259 F8 12            [12]  573 	ldhl	sp,	#18
                                    574 ;C:/gbdk/ZGB/common/src/Fade_b.c:53: UWORD* col = ZGB_Fading_BPal;
                                    575 ;C:/gbdk/ZGB/common/src/Fade_b.c:54: UWORD* col_s = ZGB_Fading_SPal;
                                    576 ;C:/gbdk/ZGB/common/src/Fade_b.c:56: for(pal = 0; pal < 8; pal ++) {
      00025B 22               [ 8]  577 	ld	(hl+), a
      00025C 01r00r00         [12]  578 	ld	bc, #_ZGB_Fading_BPal+0
      00025F 11r40r00         [12]  579 	ld	de, #_ZGB_Fading_SPal+0
      000262 36 00            [12]  580 	ld	(hl), #0x00
                                    581 ;C:/gbdk/ZGB/common/src/Fade_b.c:57: for(c = 0; c < 4; ++c, ++col, ++col_s) {
      000264                        582 00109$:
      000264 F8 14            [12]  583 	ldhl	sp,	#20
      000266 AF               [ 4]  584 	xor	a, a
      000267 22               [ 8]  585 	ld	(hl+), a
      000268 79               [ 4]  586 	ld	a, c
      000269 22               [ 8]  587 	ld	(hl+), a
      00026A 78               [ 4]  588 	ld	a, b
      00026B 22               [ 8]  589 	ld	(hl+), a
      00026C 7B               [ 4]  590 	ld	a, e
      00026D 22               [ 8]  591 	ld	(hl+), a
      00026E 72               [ 8]  592 	ld	(hl), d
      00026F                        593 00103$:
                                    594 ;C:/gbdk/ZGB/common/src/Fade_b.c:58: palette[c] = UpdateColor(i, *col);
      00026F F8 14            [12]  595 	ldhl	sp,	#20
      000271 7E               [ 8]  596 	ld	a, (hl)
      000272 0E 00            [ 8]  597 	ld	c, #0x00
      000274 87               [ 4]  598 	add	a, a
      000275 CB 11            [ 8]  599 	rl	c
      000277 F8 10            [12]  600 	ldhl	sp,	#16
      000279 22               [ 8]  601 	ld	(hl+), a
      00027A 71               [ 8]  602 	ld	(hl), c
      00027B E5               [16]  603 	push	hl
      00027C 21 02 00         [12]  604 	ld	hl, #2
      00027F 39               [ 8]  605 	add	hl, sp
      000280 5D               [ 4]  606 	ld	e, l
      000281 54               [ 4]  607 	ld	d, h
      000282 E1               [12]  608 	pop	hl
      000283 F8 10            [12]  609 	ldhl	sp,	#16
      000285 2A               [ 8]  610 	ld	a,	(hl+)
      000286 66               [ 8]  611 	ld	h, (hl)
      000287 6F               [ 4]  612 	ld	l, a
      000288 19               [ 8]  613 	add	hl, de
      000289 4D               [ 4]  614 	ld	c, l
      00028A 44               [ 4]  615 	ld	b, h
      00028B F8 15            [12]  616 	ldhl	sp,#21
      00028D 2A               [ 8]  617 	ld	a, (hl+)
      00028E 5F               [ 4]  618 	ld	e, a
      00028F 56               [ 8]  619 	ld	d, (hl)
      000290 1A               [ 8]  620 	ld	a, (de)
      000291 6F               [ 4]  621 	ld	l, a
                                    622 ;	spillPairReg hl
                                    623 ;	spillPairReg hl
      000292 13               [ 8]  624 	inc	de
      000293 1A               [ 8]  625 	ld	a, (de)
      000294 67               [ 4]  626 	ld	h, a
                                    627 ;	spillPairReg hl
                                    628 ;	spillPairReg hl
      000295 C5               [16]  629 	push	bc
      000296 5D               [ 4]  630 	ld	e, l
      000297 54               [ 4]  631 	ld	d, h
      000298 F8 14            [12]  632 	ldhl	sp,	#20
      00029A 7E               [ 8]  633 	ld	a, (hl)
      00029B CDrBDr01         [24]  634 	call	_UpdateColor
      00029E 59               [ 4]  635 	ld	e, c
      00029F 50               [ 4]  636 	ld	d, b
      0002A0 C1               [12]  637 	pop	bc
      0002A1 7B               [ 4]  638 	ld	a, e
      0002A2 02               [ 8]  639 	ld	(bc), a
      0002A3 03               [ 8]  640 	inc	bc
      0002A4 7A               [ 4]  641 	ld	a, d
      0002A5 02               [ 8]  642 	ld	(bc), a
                                    643 ;C:/gbdk/ZGB/common/src/Fade_b.c:59: palette_s[c] = UpdateColor(i, *col_s);
      0002A6 E5               [16]  644 	push	hl
      0002A7 21 0A 00         [12]  645 	ld	hl, #10
      0002AA 39               [ 8]  646 	add	hl, sp
      0002AB 5D               [ 4]  647 	ld	e, l
      0002AC 54               [ 4]  648 	ld	d, h
      0002AD E1               [12]  649 	pop	hl
      0002AE F8 10            [12]  650 	ldhl	sp,	#16
      0002B0 2A               [ 8]  651 	ld	a,	(hl+)
      0002B1 66               [ 8]  652 	ld	h, (hl)
      0002B2 6F               [ 4]  653 	ld	l, a
      0002B3 19               [ 8]  654 	add	hl, de
      0002B4 4D               [ 4]  655 	ld	c, l
      0002B5 44               [ 4]  656 	ld	b, h
      0002B6 F8 17            [12]  657 	ldhl	sp,#23
      0002B8 2A               [ 8]  658 	ld	a, (hl+)
      0002B9 5F               [ 4]  659 	ld	e, a
      0002BA 56               [ 8]  660 	ld	d, (hl)
      0002BB 1A               [ 8]  661 	ld	a, (de)
      0002BC 6F               [ 4]  662 	ld	l, a
                                    663 ;	spillPairReg hl
                                    664 ;	spillPairReg hl
      0002BD 13               [ 8]  665 	inc	de
      0002BE 1A               [ 8]  666 	ld	a, (de)
      0002BF 67               [ 4]  667 	ld	h, a
                                    668 ;	spillPairReg hl
                                    669 ;	spillPairReg hl
      0002C0 C5               [16]  670 	push	bc
      0002C1 5D               [ 4]  671 	ld	e, l
      0002C2 54               [ 4]  672 	ld	d, h
      0002C3 F8 14            [12]  673 	ldhl	sp,	#20
      0002C5 7E               [ 8]  674 	ld	a, (hl)
      0002C6 CDrBDr01         [24]  675 	call	_UpdateColor
      0002C9 59               [ 4]  676 	ld	e, c
      0002CA 50               [ 4]  677 	ld	d, b
      0002CB C1               [12]  678 	pop	bc
      0002CC 7B               [ 4]  679 	ld	a, e
      0002CD 02               [ 8]  680 	ld	(bc), a
      0002CE 03               [ 8]  681 	inc	bc
      0002CF 7A               [ 4]  682 	ld	a, d
      0002D0 02               [ 8]  683 	ld	(bc), a
                                    684 ;C:/gbdk/ZGB/common/src/Fade_b.c:57: for(c = 0; c < 4; ++c, ++col, ++col_s) {
      0002D1 F8 14            [12]  685 	ldhl	sp,	#20
      0002D3 34               [12]  686 	inc	(hl)
      0002D4 23               [ 8]  687 	inc	hl
      0002D5 2A               [ 8]  688 	ld	a, (hl+)
      0002D6 5F               [ 4]  689 	ld	e, a
      0002D7 56               [ 8]  690 	ld	d, (hl)
      0002D8 21 02 00         [12]  691 	ld	hl, #0x0002
      0002DB 19               [ 8]  692 	add	hl, de
      0002DC E5               [16]  693 	push	hl
      0002DD 7D               [ 4]  694 	ld	a, l
      0002DE F8 17            [12]  695 	ldhl	sp,	#23
      0002E0 77               [ 8]  696 	ld	(hl), a
      0002E1 E1               [12]  697 	pop	hl
      0002E2 7C               [ 4]  698 	ld	a, h
      0002E3 F8 16            [12]  699 	ldhl	sp,	#22
      0002E5 22               [ 8]  700 	ld	(hl+), a
      0002E6 2A               [ 8]  701 	ld	a, (hl+)
      0002E7 5F               [ 4]  702 	ld	e, a
      0002E8 56               [ 8]  703 	ld	d, (hl)
      0002E9 21 02 00         [12]  704 	ld	hl, #0x0002
      0002EC 19               [ 8]  705 	add	hl, de
      0002ED E5               [16]  706 	push	hl
      0002EE 7D               [ 4]  707 	ld	a, l
      0002EF F8 19            [12]  708 	ldhl	sp,	#25
      0002F1 77               [ 8]  709 	ld	(hl), a
      0002F2 E1               [12]  710 	pop	hl
      0002F3 7C               [ 4]  711 	ld	a, h
      0002F4 F8 18            [12]  712 	ldhl	sp,	#24
      0002F6 77               [ 8]  713 	ld	(hl), a
      0002F7 F8 14            [12]  714 	ldhl	sp,	#20
      0002F9 7E               [ 8]  715 	ld	a, (hl)
      0002FA D6 04            [ 8]  716 	sub	a, #0x04
      0002FC DAr6Fr02         [16]  717 	jp	C, 00103$
                                    718 ;C:/gbdk/ZGB/common/src/Fade_b.c:61: set_bkg_palette(pal, 1, palette);
      0002FF 23               [ 8]  719 	inc	hl
      000300 2A               [ 8]  720 	ld	a, (hl+)
      000301 4F               [ 4]  721 	ld	c, a
      000302 2A               [ 8]  722 	ld	a, (hl+)
      000303 47               [ 4]  723 	ld	b, a
      000304 2A               [ 8]  724 	ld	a, (hl+)
      000305 5F               [ 4]  725 	ld	e, a
      000306 56               [ 8]  726 	ld	d, (hl)
      000307 C5               [16]  727 	push	bc
      000308 D5               [16]  728 	push	de
      000309 21 04 00         [12]  729 	ld	hl, #4
      00030C 39               [ 8]  730 	add	hl, sp
      00030D E5               [16]  731 	push	hl
      00030E 3E 01            [ 8]  732 	ld	a, #0x01
      000310 F5               [16]  733 	push	af
      000311 33               [ 8]  734 	inc	sp
      000312 F8 1A            [12]  735 	ldhl	sp,	#26
      000314 7E               [ 8]  736 	ld	a, (hl)
      000315 F5               [16]  737 	push	af
      000316 33               [ 8]  738 	inc	sp
      000317 CDr00r00         [24]  739 	call	_set_bkg_palette
      00031A E8 04            [16]  740 	add	sp, #4
      00031C 21 0C 00         [12]  741 	ld	hl, #12
      00031F 39               [ 8]  742 	add	hl, sp
      000320 E5               [16]  743 	push	hl
      000321 3E 01            [ 8]  744 	ld	a, #0x01
      000323 F5               [16]  745 	push	af
      000324 33               [ 8]  746 	inc	sp
      000325 F8 1A            [12]  747 	ldhl	sp,	#26
      000327 7E               [ 8]  748 	ld	a, (hl)
      000328 F5               [16]  749 	push	af
      000329 33               [ 8]  750 	inc	sp
      00032A CDr00r00         [24]  751 	call	_set_sprite_palette
      00032D E8 04            [16]  752 	add	sp, #4
      00032F D1               [12]  753 	pop	de
      000330 C1               [12]  754 	pop	bc
                                    755 ;C:/gbdk/ZGB/common/src/Fade_b.c:56: for(pal = 0; pal < 8; pal ++) {
      000331 F8 13            [12]  756 	ldhl	sp,	#19
      000333 34               [12]  757 	inc	(hl)
      000334 7E               [ 8]  758 	ld	a, (hl)
      000335 D6 08            [ 8]  759 	sub	a, #0x08
      000337 DAr64r02         [16]  760 	jp	C, 00109$
                                    761 ;C:/gbdk/ZGB/common/src/Fade_b.c:64: delay(20);
      00033A 11 14 00         [12]  762 	ld	de, #0x0014
      00033D CDr00r00         [24]  763 	call	_delay
                                    764 ;C:/gbdk/ZGB/common/src/Fade_b.c:65: }
      000340 E8 19            [16]  765 	add	sp, #25
      000342 C9               [16]  766 	ret
                                    767 ;C:/gbdk/ZGB/common/src/Fade_b.c:67: void FadeInCOLOR() {
                                    768 ;	---------------------------------
                                    769 ; Function FadeInCOLOR
                                    770 ; ---------------------------------
      000343                        771 _FadeInCOLOR::
                                    772 ;C:/gbdk/ZGB/common/src/Fade_b.c:69: for(i = 0; i != 6; i ++) {
      000343 0E 00            [ 8]  773 	ld	c, #0x00
      000345                        774 00102$:
                                    775 ;C:/gbdk/ZGB/common/src/Fade_b.c:70: FadeStepColor(i);	
      000345 C5               [16]  776 	push	bc
      000346 79               [ 4]  777 	ld	a, c
      000347 CDr57r02         [24]  778 	call	_FadeStepColor
      00034A C1               [12]  779 	pop	bc
                                    780 ;C:/gbdk/ZGB/common/src/Fade_b.c:69: for(i = 0; i != 6; i ++) {
      00034B 0C               [ 4]  781 	inc	c
      00034C 79               [ 4]  782 	ld	a, c
      00034D D6 06            [ 8]  783 	sub	a, #0x06
      00034F 20 F4            [12]  784 	jr	NZ, 00102$
                                    785 ;C:/gbdk/ZGB/common/src/Fade_b.c:72: }
      000351 C9               [16]  786 	ret
                                    787 ;C:/gbdk/ZGB/common/src/Fade_b.c:74: void FadeIn_b() BANKED{
                                    788 ;	---------------------------------
                                    789 ; Function FadeIn_b
                                    790 ; ---------------------------------
                           000001   791 	b_FadeIn_b	= 1
      000352                        792 _FadeIn_b::
                                    793 ;C:/gbdk/ZGB/common/src/Fade_b.c:80: FadeInDMG();
                                    794 ;C:/gbdk/ZGB/common/src/Fade_b.c:81: }
      000352 C3rB9r01         [16]  795 	jp	_FadeInDMG
                                    796 ;C:/gbdk/ZGB/common/src/Fade_b.c:83: void FadeOutDMG() {
                                    797 ;	---------------------------------
                                    798 ; Function FadeOutDMG
                                    799 ; ---------------------------------
      000355                        800 _FadeOutDMG::
                                    801 ;C:/gbdk/ZGB/common/src/Fade_b.c:84: FadeDMG(1);
      000355 3E 01            [ 8]  802 	ld	a, #0x01
                                    803 ;C:/gbdk/ZGB/common/src/Fade_b.c:85: }
      000357 C3r0Cr00         [16]  804 	jp	_FadeDMG
                                    805 ;C:/gbdk/ZGB/common/src/Fade_b.c:87: void FadeOutColor() {
                                    806 ;	---------------------------------
                                    807 ; Function FadeOutColor
                                    808 ; ---------------------------------
      00035A                        809 _FadeOutColor::
                                    810 ;C:/gbdk/ZGB/common/src/Fade_b.c:89: for(i = 5; i != 0xFF; -- i) {
      00035A 0E 05            [ 8]  811 	ld	c, #0x05
      00035C                        812 00102$:
                                    813 ;C:/gbdk/ZGB/common/src/Fade_b.c:90: FadeStepColor(i);	
      00035C C5               [16]  814 	push	bc
      00035D 79               [ 4]  815 	ld	a, c
      00035E CDr57r02         [24]  816 	call	_FadeStepColor
      000361 C1               [12]  817 	pop	bc
                                    818 ;C:/gbdk/ZGB/common/src/Fade_b.c:89: for(i = 5; i != 0xFF; -- i) {
      000362 0D               [ 4]  819 	dec	c
      000363 79               [ 4]  820 	ld	a, c
      000364 3C               [ 4]  821 	inc	a
      000365 20 F5            [12]  822 	jr	NZ, 00102$
                                    823 ;C:/gbdk/ZGB/common/src/Fade_b.c:92: }
      000367 C9               [16]  824 	ret
                                    825 ;C:/gbdk/ZGB/common/src/Fade_b.c:94: void FadeOut_b() BANKED{
                                    826 ;	---------------------------------
                                    827 ; Function FadeOut_b
                                    828 ; ---------------------------------
                           000001   829 	b_FadeOut_b	= 1
      000368                        830 _FadeOut_b::
                                    831 ;C:/gbdk/ZGB/common/src/Fade_b.c:100: FadeOutDMG();
                                    832 ;C:/gbdk/ZGB/common/src/Fade_b.c:101: }
      000368 C3r55r03         [16]  833 	jp	_FadeOutDMG
                                    834 	.area _CODE_1
                                    835 	.area _INITIALIZER
                                    836 	.area _CABS (ABS)
