                                      1 ;--------------------------------------------------------
                                      2 ; File Created by SDCC : free open source ISO C Compiler 
                                      3 ; Version 4.3.2 #14228 (MINGW32)
                                      4 ;--------------------------------------------------------
                                      5 	.module Math
                                      6 	.optsdcc -msm83
                                      7 	
                                      8 ;--------------------------------------------------------
                                      9 ; Public variables in this module
                                     10 ;--------------------------------------------------------
                                     11 	.globl _DespRight
                                     12 ;--------------------------------------------------------
                                     13 ; special function registers
                                     14 ;--------------------------------------------------------
                                     15 ;--------------------------------------------------------
                                     16 ; ram data
                                     17 ;--------------------------------------------------------
                                     18 	.area _DATA
                                     19 ;--------------------------------------------------------
                                     20 ; ram data
                                     21 ;--------------------------------------------------------
                                     22 	.area _INITIALIZED
                                     23 ;--------------------------------------------------------
                                     24 ; absolute external ram data
                                     25 ;--------------------------------------------------------
                                     26 	.area _DABS (ABS)
                                     27 ;--------------------------------------------------------
                                     28 ; global & static initialisations
                                     29 ;--------------------------------------------------------
                                     30 	.area _HOME
                                     31 	.area _GSINIT
                                     32 	.area _GSFINAL
                                     33 	.area _GSINIT
                                     34 ;--------------------------------------------------------
                                     35 ; Home
                                     36 ;--------------------------------------------------------
                                     37 	.area _HOME
                                     38 	.area _HOME
                                     39 ;--------------------------------------------------------
                                     40 ; code
                                     41 ;--------------------------------------------------------
                                     42 	.area _CODE
                                     43 ;C:/gbdk/ZGB/common/src/Math.c:3: INT16 DespRight(INT16 a, INT16 b) {
                                     44 ;	---------------------------------
                                     45 ; Function DespRight
                                     46 ; ---------------------------------
      000000                         47 _DespRight::
                                     48 ;C:/gbdk/ZGB/common/src/Math.c:4: return a >> b;
      000000 0C               [ 4]   49 	inc	c
      000001 18 04            [12]   50 	jr	00104$
      000003                         51 00103$:
      000003 CB 2A            [ 8]   52 	sra	d
      000005 CB 1B            [ 8]   53 	rr	e
      000007                         54 00104$:
      000007 0D               [ 4]   55 	dec	c
      000008 20 F9            [12]   56 	jr	NZ, 00103$
      00000A 4B               [ 4]   57 	ld	c, e
      00000B 42               [ 4]   58 	ld	b, d
                                     59 ;C:/gbdk/ZGB/common/src/Math.c:5: }
      00000C C9               [16]   60 	ret
                                     61 	.area _CODE
                                     62 	.area _INITIALIZER
                                     63 	.area _CABS (ABS)
