                                      1 ;--------------------------------------------------------
                                      2 ; File Created by SDCC : free open source ISO C Compiler 
                                      3 ; Version 4.3.2 #14228 (MINGW32)
                                      4 ;--------------------------------------------------------
                                      5 	.module Music
                                      6 	.optsdcc -msm83
                                      7 	
                                      8 ;--------------------------------------------------------
                                      9 ; Public variables in this module
                                     10 ;--------------------------------------------------------
                                     11 	.globl _hUGE_mute_channel
                                     12 	.globl _hUGE_dosound
                                     13 	.globl _hUGE_init
                                     14 	.globl _stop_music_on_new_state
                                     15 	.globl _last_music
                                     16 	.globl _hUGE_paused
                                     17 	.globl _hUGE_current_track_bank
                                     18 	.globl _hUGE_current_track
                                     19 	.globl _MusicCallback
                                     20 	.globl _hUGE_mute
                                     21 	.globl ___PlayMusic
                                     22 ;--------------------------------------------------------
                                     23 ; special function registers
                                     24 ;--------------------------------------------------------
                                     25 ;--------------------------------------------------------
                                     26 ; ram data
                                     27 ;--------------------------------------------------------
                                     28 	.area _DATA
      000000                         29 _hUGE_current_track::
      000000                         30 	.ds 2
      000002                         31 _hUGE_current_track_bank::
      000002                         32 	.ds 1
                                     33 ;--------------------------------------------------------
                                     34 ; ram data
                                     35 ;--------------------------------------------------------
                                     36 	.area _INITIALIZED
      000000                         37 _hUGE_paused::
      000000                         38 	.ds 1
      000001                         39 _last_music::
      000001                         40 	.ds 2
      000003                         41 _stop_music_on_new_state::
      000003                         42 	.ds 1
                                     43 ;--------------------------------------------------------
                                     44 ; absolute external ram data
                                     45 ;--------------------------------------------------------
                                     46 	.area _DABS (ABS)
                                     47 ;--------------------------------------------------------
                                     48 ; global & static initialisations
                                     49 ;--------------------------------------------------------
                                     50 	.area _HOME
                                     51 	.area _GSINIT
                                     52 	.area _GSFINAL
                                     53 	.area _GSINIT
                                     54 ;--------------------------------------------------------
                                     55 ; Home
                                     56 ;--------------------------------------------------------
                                     57 	.area _HOME
                                     58 ;C:/gbdk/ZGB/common/src/Music.c:8: void MusicCallback() __nonbanked {
                                     59 ;	---------------------------------
                                     60 ; Function MusicCallback
                                     61 ; ---------------------------------
      000000                         62 _MusicCallback::
                                     63 ;C:/gbdk/ZGB/common/src/Music.c:9: if (hUGE_paused) 
      000000 FAr00r00         [16]   64 	ld	a, (#_hUGE_paused)
      000003 B7               [ 4]   65 	or	a, a
                                     66 ;C:/gbdk/ZGB/common/src/Music.c:10: return;
      000004 C0               [20]   67 	ret	NZ
                                     68 ;C:/gbdk/ZGB/common/src/Music.c:12: UBYTE __save = _current_bank;
      000005 F0r00            [12]   69 	ldh	a, (__current_bank + 0)
      000007 4F               [ 4]   70 	ld	c, a
                                     71 ;C:/gbdk/ZGB/common/src/Music.c:13: SWITCH_ROM_MBC1(hUGE_current_track_bank);
      000008 FAr02r00         [16]   72 	ld	a, (#_hUGE_current_track_bank)
      00000B E0r00            [12]   73 	ldh	(__current_bank + 0), a
      00000D EAr00r00         [16]   74 	ld	(#_rROMB0),a
                                     75 ;C:/gbdk/ZGB/common/src/Music.c:14: hUGE_dosound();
      000010 C5               [16]   76 	push	bc
      000011 CDr00r00         [24]   77 	call	_hUGE_dosound
      000014 C1               [12]   78 	pop	bc
                                     79 ;C:/gbdk/ZGB/common/src/Music.c:15: SWITCH_ROM_MBC1(__save);
      000015 79               [ 4]   80 	ld	a, c
      000016 E0r00            [12]   81 	ldh	(__current_bank + 0), a
      000018 21r00r00         [12]   82 	ld	hl, #_rROMB0
      00001B 71               [ 8]   83 	ld	(hl), c
                                     84 ;C:/gbdk/ZGB/common/src/Music.c:16: }
      00001C C9               [16]   85 	ret
                                     86 	.area _HOME
                                     87 ;--------------------------------------------------------
                                     88 ; code
                                     89 ;--------------------------------------------------------
                                     90 	.area _CODE
                                     91 ;C:/gbdk/ZGB/common/src/Music.c:18: void hUGE_mute(UBYTE mute) {
                                     92 ;	---------------------------------
                                     93 ; Function hUGE_mute
                                     94 ; ---------------------------------
      000000                         95 _hUGE_mute::
      000000 4F               [ 4]   96 	ld	c, a
                                     97 ;C:/gbdk/ZGB/common/src/Music.c:19: hUGE_mute_channel(HT_CH1, mute);
      000001 AF               [ 4]   98 	xor	a, a
      000002 B9               [ 4]   99 	cp	a, c
      000003 17               [ 4]  100 	rla
      000004 5F               [ 4]  101 	ld	e, a
      000005 D5               [16]  102 	push	de
      000006 AF               [ 4]  103 	xor	a, a
      000007 CDr00r00         [24]  104 	call	_hUGE_mute_channel
      00000A D1               [12]  105 	pop	de
                                    106 ;C:/gbdk/ZGB/common/src/Music.c:20: hUGE_mute_channel(HT_CH2, mute);
      00000B D5               [16]  107 	push	de
      00000C 3E 01            [ 8]  108 	ld	a, #0x01
      00000E CDr00r00         [24]  109 	call	_hUGE_mute_channel
      000011 D1               [12]  110 	pop	de
                                    111 ;C:/gbdk/ZGB/common/src/Music.c:21: hUGE_mute_channel(HT_CH3, mute);
      000012 D5               [16]  112 	push	de
      000013 3E 02            [ 8]  113 	ld	a, #0x02
      000015 CDr00r00         [24]  114 	call	_hUGE_mute_channel
      000018 D1               [12]  115 	pop	de
                                    116 ;C:/gbdk/ZGB/common/src/Music.c:22: hUGE_mute_channel(HT_CH4, mute);
      000019 3E 03            [ 8]  117 	ld	a, #0x03
                                    118 ;C:/gbdk/ZGB/common/src/Music.c:23: }
      00001B C3r00r00         [16]  119 	jp	_hUGE_mute_channel
                                    120 ;C:/gbdk/ZGB/common/src/Music.c:40: void __PlayMusic(void* music, unsigned char bank, unsigned char loop) {
                                    121 ;	---------------------------------
                                    122 ; Function __PlayMusic
                                    123 ; ---------------------------------
      00001E                        124 ___PlayMusic::
      00001E 4F               [ 4]  125 	ld	c, a
                                    126 ;C:/gbdk/ZGB/common/src/Music.c:42: if(music != last_music) {
      00001F 21r01r00         [12]  127 	ld	hl, #_last_music
      000022 7E               [ 8]  128 	ld	a, (hl)
      000023 93               [ 4]  129 	sub	a, e
      000024 20 05            [12]  130 	jr	NZ, 00112$
      000026 23               [ 8]  131 	inc	hl
      000027 7E               [ 8]  132 	ld	a, (hl)
      000028 92               [ 4]  133 	sub	a, d
      000029 28 41            [12]  134 	jr	Z, 00103$
      00002B                        135 00112$:
                                    136 ;C:/gbdk/ZGB/common/src/Music.c:43: last_music = music;
      00002B 21r01r00         [12]  137 	ld	hl, #_last_music
      00002E 7B               [ 4]  138 	ld	a, e
      00002F 22               [ 8]  139 	ld	(hl+), a
      000030 72               [ 8]  140 	ld	(hl), d
                                    141 ;C:/gbdk/ZGB/common/src/Music.c:50: NR52_REG = 0x80;
      000031 3E 80            [ 8]  142 	ld	a, #0x80
      000033 E0r00            [12]  143 	ldh	(_NR52_REG + 0), a
                                    144 ;C:/gbdk/ZGB/common/src/Music.c:51: NR51_REG = 0xFF;
      000035 3E FF            [ 8]  145 	ld	a, #0xff
      000037 E0r00            [12]  146 	ldh	(_NR51_REG + 0), a
                                    147 ;C:/gbdk/ZGB/common/src/Music.c:52: NR50_REG = 0x77;
      000039 3E 77            [ 8]  148 	ld	a, #0x77
      00003B E0r00            [12]  149 	ldh	(_NR50_REG + 0), a
                                    150 ;C:/gbdk/ZGB/common/src/Music.c:54: hUGE_paused = 1;
      00003D 21r00r00         [12]  151 	ld	hl, #_hUGE_paused
      000040 36 01            [12]  152 	ld	(hl), #0x01
                                    153 ;C:/gbdk/ZGB/common/src/Music.c:55: hUGE_current_track = music; hUGE_current_track_bank = bank;
      000042 21r00r00         [12]  154 	ld	hl, #_hUGE_current_track
      000045 73               [ 8]  155 	ld	(hl), e
      000046 23               [ 8]  156 	inc	hl
      000047 72               [ 8]  157 	ld	(hl), d
      000048 21r02r00         [12]  158 	ld	hl, #_hUGE_current_track_bank
      00004B 71               [ 8]  159 	ld	(hl), c
                                    160 ;C:/gbdk/ZGB/common/src/Music.c:56: UBYTE __save = _current_bank;
      00004C F0r00            [12]  161 	ldh	a, (__current_bank + 0)
      00004E 4F               [ 4]  162 	ld	c, a
                                    163 ;C:/gbdk/ZGB/common/src/Music.c:57: SWITCH_ROM_MBC1(hUGE_current_track_bank);
      00004F 7E               [ 8]  164 	ld	a, (hl)
      000050 E0r00            [12]  165 	ldh	(__current_bank + 0), a
      000052 EAr00r00         [16]  166 	ld	(#_rROMB0),a
                                    167 ;C:/gbdk/ZGB/common/src/Music.c:58: hUGE_init(hUGE_current_track);
      000055 C5               [16]  168 	push	bc
      000056 21r00r00         [12]  169 	ld	hl, #_hUGE_current_track
      000059 2A               [ 8]  170 	ld	a, (hl+)
      00005A 5F               [ 4]  171 	ld	e, a
      00005B 56               [ 8]  172 	ld	d, (hl)
      00005C CDr00r00         [24]  173 	call	_hUGE_init
      00005F C1               [12]  174 	pop	bc
                                    175 ;C:/gbdk/ZGB/common/src/Music.c:59: SWITCH_ROM_MBC1(__save);
      000060 79               [ 4]  176 	ld	a, c
      000061 E0r00            [12]  177 	ldh	(__current_bank + 0), a
      000063 21r00r00         [12]  178 	ld	hl, #_rROMB0
      000066 71               [ 8]  179 	ld	(hl), c
                                    180 ;C:/gbdk/ZGB/common/src/Music.c:60: hUGE_paused = 0;
      000067 21r00r00         [12]  181 	ld	hl, #_hUGE_paused
      00006A 36 00            [12]  182 	ld	(hl), #0x00
      00006C                        183 00103$:
                                    184 ;C:/gbdk/ZGB/common/src/Music.c:63: }
      00006C E1               [12]  185 	pop	hl
      00006D 33               [ 8]  186 	inc	sp
      00006E E9               [ 4]  187 	jp	(hl)
                                    188 	.area _CODE
                                    189 	.area _INITIALIZER
      000000                        190 __xinit__hUGE_paused:
      000000 01                     191 	.db #0x01	;  1
      000001                        192 __xinit__last_music:
      000001 00 00                  193 	.dw #0x0000
      000003                        194 __xinit__stop_music_on_new_state:
      000003 01                     195 	.db #0x01	; 1
                                    196 	.area _CABS (ABS)
