                                      1 ;--------------------------------------------------------
                                      2 ; File Created by SDCC : free open source ISO C Compiler 
                                      3 ; Version 4.3.2 #14228 (MINGW32)
                                      4 ;--------------------------------------------------------
                                      5 	.module OAMManager
                                      6 	.optsdcc -msm83
                                      7 	
                                      8 ;--------------------------------------------------------
                                      9 ; Public variables in this module
                                     10 ;--------------------------------------------------------
                                     11 	.globl _memset
                                     12 	.globl _oam_end
                                     13 	.globl _oam1
                                     14 	.globl _oam0
                                     15 	.globl _oam
                                     16 	.globl _next_oam_idx
                                     17 	.globl _oam_mirror
                                     18 	.globl _SwapOAMs
                                     19 	.globl _ClearOAMs
                                     20 ;--------------------------------------------------------
                                     21 ; special function registers
                                     22 ;--------------------------------------------------------
                                     23 ;--------------------------------------------------------
                                     24 ; ram data
                                     25 ;--------------------------------------------------------
                                     26 	.area _DATA
                           00DF00    27 _oam_mirror	=	0xdf00
                                     28 ;--------------------------------------------------------
                                     29 ; ram data
                                     30 ;--------------------------------------------------------
                                     31 	.area _INITIALIZED
      000000                         32 _next_oam_idx::
      000000                         33 	.ds 1
      000001                         34 _oam::
      000001                         35 	.ds 2
      000003                         36 _oam0::
      000003                         37 	.ds 2
      000005                         38 _oam1::
      000005                         39 	.ds 2
      000007                         40 _oam_end::
      000007                         41 	.ds 2
                                     42 ;--------------------------------------------------------
                                     43 ; absolute external ram data
                                     44 ;--------------------------------------------------------
                                     45 	.area _DABS (ABS)
                                     46 ;--------------------------------------------------------
                                     47 ; global & static initialisations
                                     48 ;--------------------------------------------------------
                                     49 	.area _HOME
                                     50 	.area _GSINIT
                                     51 	.area _GSFINAL
                                     52 	.area _GSINIT
                                     53 ;--------------------------------------------------------
                                     54 ; Home
                                     55 ;--------------------------------------------------------
                                     56 	.area _HOME
                                     57 	.area _HOME
                                     58 ;--------------------------------------------------------
                                     59 ; code
                                     60 ;--------------------------------------------------------
                                     61 	.area _CODE
                                     62 ;C:/gbdk/ZGB/common/src/OAMManager.c:21: void SwapOAMs() {
                                     63 ;	---------------------------------
                                     64 ; Function SwapOAMs
                                     65 ; ---------------------------------
      000000                         66 _SwapOAMs::
                                     67 ;C:/gbdk/ZGB/common/src/OAMManager.c:23: oam += (next_oam_idx << 2);
      000000 21r00r00         [12]   68 	ld	hl, #_next_oam_idx
      000003 6E               [ 8]   69 	ld	l, (hl)
                                     70 ;	spillPairReg hl
                                     71 ;	spillPairReg hl
      000004 26 00            [ 8]   72 	ld	h, #0x00
                                     73 ;	spillPairReg hl
                                     74 ;	spillPairReg hl
      000006 29               [ 8]   75 	add	hl, hl
      000007 29               [ 8]   76 	add	hl, hl
      000008 4D               [ 4]   77 	ld	c, l
      000009 44               [ 4]   78 	ld	b, h
      00000A 21r01r00         [12]   79 	ld	hl, #_oam
      00000D 7E               [ 8]   80 	ld	a, (hl)
      00000E 81               [ 4]   81 	add	a, c
      00000F 22               [ 8]   82 	ld	(hl+), a
      000010 7E               [ 8]   83 	ld	a, (hl)
      000011 88               [ 4]   84 	adc	a, b
                                     85 ;C:/gbdk/ZGB/common/src/OAMManager.c:24: UINT8* tmp = oam;
      000012 32               [ 8]   86 	ld	(hl-), a
      000013 2A               [ 8]   87 	ld	a, (hl+)
      000014 4F               [ 4]   88 	ld	c, a
      000015 46               [ 8]   89 	ld	b, (hl)
                                     90 ;C:/gbdk/ZGB/common/src/OAMManager.c:25: while(oam < oam_end) { //TODO: check if memset is faster
      000016                         91 00101$:
      000016 11r01r00         [12]   92 	ld	de, #_oam
      000019 21r07r00         [12]   93 	ld	hl, #_oam_end
      00001C 1A               [ 8]   94 	ld	a, (de)
      00001D 13               [ 8]   95 	inc	de
      00001E 96               [ 8]   96 	sub	a, (hl)
      00001F 23               [ 8]   97 	inc	hl
      000020 1A               [ 8]   98 	ld	a, (de)
      000021 9E               [ 8]   99 	sbc	a, (hl)
      000022 30 13            [12]  100 	jr	NC, 00103$
                                    101 ;C:/gbdk/ZGB/common/src/OAMManager.c:26: *oam = 0;
      000024 21r01r00         [12]  102 	ld	hl, #_oam
      000027 2A               [ 8]  103 	ld	a, (hl+)
      000028 5F               [ 4]  104 	ld	e, a
                                    105 ;C:/gbdk/ZGB/common/src/OAMManager.c:27: oam += 4;
      000029 3A               [ 8]  106 	ld	a, (hl-)
      00002A 57               [ 4]  107 	ld	d, a
      00002B AF               [ 4]  108 	xor	a, a
      00002C 12               [ 8]  109 	ld	(de), a
      00002D 7E               [ 8]  110 	ld	a, (hl)
      00002E C6 04            [ 8]  111 	add	a, #0x04
      000030 22               [ 8]  112 	ld	(hl+), a
      000031 7E               [ 8]  113 	ld	a, (hl)
      000032 CE 00            [ 8]  114 	adc	a, #0x00
      000034 77               [ 8]  115 	ld	(hl), a
      000035 18 DF            [12]  116 	jr	00101$
      000037                        117 00103$:
                                    118 ;C:/gbdk/ZGB/common/src/OAMManager.c:30: if((0xFF00 & (UINT16)oam) == 0xC000) {
      000037 21r01r00         [12]  119 	ld	hl, #_oam
      00003A 2A               [ 8]  120 	ld	a, (hl+)
      00003B 5E               [ 8]  121 	ld	e, (hl)
      00003C 16 00            [ 8]  122 	ld	d, #0x00
      00003E 7A               [ 4]  123 	ld	a, d
      00003F B7               [ 4]  124 	or	a, a
      000040 20 24            [12]  125 	jr	NZ, 00105$
      000042 7B               [ 4]  126 	ld	a, e
      000043 D6 C0            [ 8]  127 	sub	a, #0xc0
      000045 20 1F            [12]  128 	jr	NZ, 00105$
                                    129 ;c:\gbdk\zgb\env\gbdk\include\gb\gb.h:1784: _shadow_OAM_base = (uint8_t)((uint16_t)address >> 8);
      000047 3E C0            [ 8]  130 	ld	a, #0xc0
      000049 E0r00            [12]  131 	ldh	(__shadow_OAM_base + 0), a
                                    132 ;C:/gbdk/ZGB/common/src/OAMManager.c:32: oam0 = tmp;
      00004B 21r03r00         [12]  133 	ld	hl, #_oam0
      00004E 79               [ 4]  134 	ld	a, c
      00004F 22               [ 8]  135 	ld	(hl+), a
      000050 70               [ 8]  136 	ld	(hl), b
                                    137 ;C:/gbdk/ZGB/common/src/OAMManager.c:33: oam = (UINT8*)OAM_MIRROR_ADDRESS;
      000051 21r01r00         [12]  138 	ld	hl, #_oam
      000054 AF               [ 4]  139 	xor	a, a
      000055 22               [ 8]  140 	ld	(hl+), a
      000056 36 DF            [12]  141 	ld	(hl), #0xdf
                                    142 ;C:/gbdk/ZGB/common/src/OAMManager.c:34: oam_end = oam1;
      000058 FAr05r00         [16]  143 	ld	a, (#_oam1)
      00005B EAr07r00         [16]  144 	ld	(#_oam_end),a
      00005E FAr06r00         [16]  145 	ld	a, (#_oam1 + 1)
      000061 EAr08r00         [16]  146 	ld	(#_oam_end + 1),a
      000064 18 1D            [12]  147 	jr	00106$
      000066                        148 00105$:
                                    149 ;c:\gbdk\zgb\env\gbdk\include\gb\gb.h:1784: _shadow_OAM_base = (uint8_t)((uint16_t)address >> 8);
      000066 3E DF            [ 8]  150 	ld	a, #0xdf
      000068 E0r00            [12]  151 	ldh	(__shadow_OAM_base + 0), a
                                    152 ;C:/gbdk/ZGB/common/src/OAMManager.c:37: oam1 = tmp;
      00006A 21r05r00         [12]  153 	ld	hl, #_oam1
      00006D 79               [ 4]  154 	ld	a, c
      00006E 22               [ 8]  155 	ld	(hl+), a
      00006F 70               [ 8]  156 	ld	(hl), b
                                    157 ;C:/gbdk/ZGB/common/src/OAMManager.c:38: oam = (UINT8*)0xC000;
      000070 21r01r00         [12]  158 	ld	hl, #_oam
      000073 AF               [ 4]  159 	xor	a, a
      000074 22               [ 8]  160 	ld	(hl+), a
      000075 36 C0            [12]  161 	ld	(hl), #0xc0
                                    162 ;C:/gbdk/ZGB/common/src/OAMManager.c:39: oam_end = oam0;
      000077 FAr03r00         [16]  163 	ld	a, (#_oam0)
      00007A EAr07r00         [16]  164 	ld	(#_oam_end),a
      00007D FAr04r00         [16]  165 	ld	a, (#_oam0 + 1)
      000080 EAr08r00         [16]  166 	ld	(#_oam_end + 1),a
      000083                        167 00106$:
                                    168 ;C:/gbdk/ZGB/common/src/OAMManager.c:41: __render_shadow_OAM = ((UWORD)oam) >> 8;
      000083 21r01r00         [12]  169 	ld	hl, #_oam
      000086 2A               [ 8]  170 	ld	a, (hl+)
      000087 4E               [ 8]  171 	ld	c, (hl)
      000088 21r00r00         [12]  172 	ld	hl, #___render_shadow_OAM
      00008B 71               [ 8]  173 	ld	(hl), c
                                    174 ;C:/gbdk/ZGB/common/src/OAMManager.c:42: next_oam_idx = 0;
      00008C 21r00r00         [12]  175 	ld	hl, #_next_oam_idx
      00008F 36 00            [12]  176 	ld	(hl), #0x00
                                    177 ;C:/gbdk/ZGB/common/src/OAMManager.c:44: scroll_x_vblank = scroll_x;
      000091 FAr00r00         [16]  178 	ld	a, (#_scroll_x)
      000094 EAr00r00         [16]  179 	ld	(#_scroll_x_vblank),a
                                    180 ;C:/gbdk/ZGB/common/src/OAMManager.c:45: scroll_y_vblank = scroll_y;
      000097 FAr00r00         [16]  181 	ld	a, (#_scroll_y)
      00009A EAr00r00         [16]  182 	ld	(#_scroll_y_vblank),a
                                    183 ;C:/gbdk/ZGB/common/src/OAMManager.c:46: }
      00009D C9               [16]  184 	ret
                                    185 ;C:/gbdk/ZGB/common/src/OAMManager.c:48: void ClearOAMs() {
                                    186 ;	---------------------------------
                                    187 ; Function ClearOAMs
                                    188 ; ---------------------------------
      00009E                        189 _ClearOAMs::
                                    190 ;C:/gbdk/ZGB/common/src/OAMManager.c:49: oam0 = (UINT8*)0xC000;
      00009E 21r03r00         [12]  191 	ld	hl, #_oam0
      0000A1 AF               [ 4]  192 	xor	a, a
      0000A2 22               [ 8]  193 	ld	(hl+), a
      0000A3 36 C0            [12]  194 	ld	(hl), #0xc0
                                    195 ;C:/gbdk/ZGB/common/src/OAMManager.c:50: oam1 = (UINT8*)OAM_MIRROR_ADDRESS;
      0000A5 21r05r00         [12]  196 	ld	hl, #_oam1
      0000A8 AF               [ 4]  197 	xor	a, a
      0000A9 22               [ 8]  198 	ld	(hl+), a
      0000AA 36 DF            [12]  199 	ld	(hl), #0xdf
                                    200 ;C:/gbdk/ZGB/common/src/OAMManager.c:51: memset(oam0, 0, sizeof(oam_mirror));
      0000AC AF               [ 4]  201 	xor	a, a
      0000AD A7               [ 4]  202 	and	a
      0000AE F5               [16]  203 	push	af
      0000AF 11 00 00         [12]  204 	ld	de, #0x0000
      0000B2 D5               [16]  205 	push	de
      0000B3 11 00 C0         [12]  206 	ld	de, #0xc000
      0000B6 D5               [16]  207 	push	de
      0000B7 CDr00r00         [24]  208 	call	_memset
      0000BA E8 06            [16]  209 	add	sp, #6
                                    210 ;C:/gbdk/ZGB/common/src/OAMManager.c:52: memset(oam1, 0, sizeof(oam_mirror));
      0000BC 21r05r00         [12]  211 	ld	hl, #_oam1
      0000BF 2A               [ 8]  212 	ld	a, (hl+)
      0000C0 4F               [ 4]  213 	ld	c, a
      0000C1 46               [ 8]  214 	ld	b, (hl)
      0000C2 AF               [ 4]  215 	xor	a, a
      0000C3 A7               [ 4]  216 	and	a
      0000C4 F5               [16]  217 	push	af
      0000C5 11 00 00         [12]  218 	ld	de, #0x0000
      0000C8 D5               [16]  219 	push	de
      0000C9 C5               [16]  220 	push	bc
      0000CA CDr00r00         [24]  221 	call	_memset
      0000CD E8 06            [16]  222 	add	sp, #6
                                    223 ;C:/gbdk/ZGB/common/src/OAMManager.c:53: next_oam_idx = 0;
      0000CF 21r00r00         [12]  224 	ld	hl, #_next_oam_idx
      0000D2 36 00            [12]  225 	ld	(hl), #0x00
                                    226 ;C:/gbdk/ZGB/common/src/OAMManager.c:54: }
      0000D4 C9               [16]  227 	ret
                                    228 	.area _CODE
                                    229 	.area _INITIALIZER
      000000                        230 __xinit__next_oam_idx:
      000000 00                     231 	.db #0x00	; 0
      000001                        232 __xinit__oam:
      000001 00 C0                  233 	.dw #0xc000
      000003                        234 __xinit__oam0:
      000003 00 C0                  235 	.dw #0xc000
      000005                        236 __xinit__oam1:
      000005 00 DF                  237 	.dw #0xdf00
      000007                        238 __xinit__oam_end:
      000007 00 C0                  239 	.dw #0xc000
                                    240 	.area _CABS (ABS)
