                                      1 ;--------------------------------------------------------
                                      2 ; File Created by SDCC : free open source ISO C Compiler 
                                      3 ; Version 4.3.2 #14228 (MINGW32)
                                      4 ;--------------------------------------------------------
                                      5 	.module Sound
                                      6 	.optsdcc -msm83
                                      7 	
                                      8 ;--------------------------------------------------------
                                      9 ; Public variables in this module
                                     10 ;--------------------------------------------------------
                                     11 	.globl _hUGE_mute_channel
                                     12 	.globl _FX_ADDRESS
                                     13 	.globl _FX_REG_SIZES
                                     14 	.globl _PlayFx
                                     15 ;--------------------------------------------------------
                                     16 ; special function registers
                                     17 ;--------------------------------------------------------
                                     18 ;--------------------------------------------------------
                                     19 ; ram data
                                     20 ;--------------------------------------------------------
                                     21 	.area _DATA
                                     22 ;--------------------------------------------------------
                                     23 ; ram data
                                     24 ;--------------------------------------------------------
                                     25 	.area _INITIALIZED
                                     26 ;--------------------------------------------------------
                                     27 ; absolute external ram data
                                     28 ;--------------------------------------------------------
                                     29 	.area _DABS (ABS)
                                     30 ;--------------------------------------------------------
                                     31 ; global & static initialisations
                                     32 ;--------------------------------------------------------
                                     33 	.area _HOME
                                     34 	.area _GSINIT
                                     35 	.area _GSFINAL
                                     36 	.area _GSINIT
                                     37 ;--------------------------------------------------------
                                     38 ; Home
                                     39 ;--------------------------------------------------------
                                     40 	.area _HOME
                                     41 	.area _HOME
                                     42 ;--------------------------------------------------------
                                     43 ; code
                                     44 ;--------------------------------------------------------
                                     45 	.area _CODE
                                     46 ;C:/gbdk/ZGB/common/src/Sound.c:13: void PlayFx(SOUND_CHANNEL channel, UINT8 mute_frames, ...) {
                                     47 ;	---------------------------------
                                     48 ; Function PlayFx
                                     49 ; ---------------------------------
      000000                         50 _PlayFx::
      000000 E8 FA            [16]   51 	add	sp, #-6
                                     52 ;C:/gbdk/ZGB/common/src/Sound.c:15: REG_PTR reg = (REG_PTR)FX_ADDRESS[channel];
      000002 01r6Er00         [12]   53 	ld	bc, #_FX_ADDRESS+0
      000005 F8 08            [12]   54 	ldhl	sp,	#8
      000007 6E               [ 8]   55 	ld	l, (hl)
      000008 26 00            [ 8]   56 	ld	h, #0x00
      00000A 29               [ 8]   57 	add	hl, hl
      00000B 09               [ 8]   58 	add	hl, bc
      00000C 2A               [ 8]   59 	ld	a, (hl+)
      00000D 4F               [ 4]   60 	ld	c, a
      00000E 46               [ 8]   61 	ld	b, (hl)
                                     62 ;C:/gbdk/ZGB/common/src/Sound.c:18: if(channel != CHANNEL_5) {
      00000F F8 08            [12]   63 	ldhl	sp,	#8
      000011 7E               [ 8]   64 	ld	a, (hl)
      000012 D6 04            [ 8]   65 	sub	a, #0x04
      000014 28 11            [12]   66 	jr	Z, 00104$
                                     67 ;C:/gbdk/ZGB/common/src/Sound.c:19: MUTE_CHANNEL(channel);
      000016 21r01r00         [12]   68 	ld	hl, #_last_music + 1
      000019 3A               [ 8]   69 	ld	a, (hl-)
      00001A B6               [ 8]   70 	or	a, (hl)
      00001B 28 0A            [12]   71 	jr	Z, 00104$
      00001D C5               [16]   72 	push	bc
      00001E 1E 01            [ 8]   73 	ld	e, #0x01
      000020 F8 0A            [12]   74 	ldhl	sp,	#10
      000022 7E               [ 8]   75 	ld	a, (hl)
      000023 CDr00r00         [24]   76 	call	_hUGE_mute_channel
      000026 C1               [12]   77 	pop	bc
      000027                         78 00104$:
                                     79 ;C:/gbdk/ZGB/common/src/Sound.c:21: music_mute_frames = mute_frames;
      000027 F8 09            [12]   80 	ldhl	sp,	#9
      000029 7E               [ 8]   81 	ld	a, (hl)
      00002A EAr00r00         [16]   82 	ld	(#_music_mute_frames),a
                                     83 ;C:/gbdk/ZGB/common/src/Sound.c:23: va_start(list, mute_frames);
      00002D F8 0A            [12]   84 	ldhl	sp,#10
      00002F 5D               [ 4]   85 	ld	e, l
      000030 54               [ 4]   86 	ld	d, h
      000031 33               [ 8]   87 	inc	sp
      000032 33               [ 8]   88 	inc	sp
      000033 D5               [16]   89 	push	de
                                     90 ;C:/gbdk/ZGB/common/src/Sound.c:24: for(i = 0; i < FX_REG_SIZES[channel]; ++i, ++reg) {
      000034 11r69r00         [12]   91 	ld	de, #_FX_REG_SIZES
      000037 F8 08            [12]   92 	ldhl	sp,	#8
      000039 6E               [ 8]   93 	ld	l, (hl)
      00003A 26 00            [ 8]   94 	ld	h, #0x00
      00003C 19               [ 8]   95 	add	hl, de
      00003D E5               [16]   96 	push	hl
      00003E 7D               [ 4]   97 	ld	a, l
      00003F F8 04            [12]   98 	ldhl	sp,	#4
      000041 77               [ 8]   99 	ld	(hl), a
      000042 E1               [12]  100 	pop	hl
      000043 7C               [ 4]  101 	ld	a, h
      000044 F8 03            [12]  102 	ldhl	sp,	#3
      000046 22               [ 8]  103 	ld	(hl+), a
      000047 23               [ 8]  104 	inc	hl
      000048 36 00            [12]  105 	ld	(hl), #0x00
      00004A                        106 00107$:
      00004A F8 02            [12]  107 	ldhl	sp,#2
      00004C 2A               [ 8]  108 	ld	a, (hl+)
      00004D 5F               [ 4]  109 	ld	e, a
      00004E 2A               [ 8]  110 	ld	a, (hl+)
      00004F 57               [ 4]  111 	ld	d, a
      000050 1A               [ 8]  112 	ld	a, (de)
      000051 22               [ 8]  113 	ld	(hl+), a
      000052 3A               [ 8]  114 	ld	a, (hl-)
      000053 96               [ 8]  115 	sub	a, (hl)
      000054 30 10            [12]  116 	jr	NC, 00109$
                                    117 ;C:/gbdk/ZGB/common/src/Sound.c:25: *reg = va_arg(list, INT16);
                                    118 ;C:/gbdk/ZGB/common/src/Sound.c:24: for(i = 0; i < FX_REG_SIZES[channel]; ++i, ++reg) {
      000056 23               [ 8]  119 	inc	hl
      000057 D1               [12]  120 	pop	de
      000058 D5               [16]  121 	push	de
      000059 13               [ 8]  122 	inc	de
      00005A 13               [ 8]  123 	inc	de
      00005B 33               [ 8]  124 	inc	sp
      00005C 33               [ 8]  125 	inc	sp
      00005D D5               [16]  126 	push	de
      00005E 1B               [ 8]  127 	dec	de
      00005F 1B               [ 8]  128 	dec	de
      000060 1A               [ 8]  129 	ld	a, (de)
      000061 02               [ 8]  130 	ld	(bc), a
      000062 34               [12]  131 	inc	(hl)
      000063 03               [ 8]  132 	inc	bc
      000064 18 E4            [12]  133 	jr	00107$
      000066                        134 00109$:
                                    135 ;C:/gbdk/ZGB/common/src/Sound.c:28: }
      000066 E8 06            [16]  136 	add	sp, #6
      000068 C9               [16]  137 	ret
      000069                        138 _FX_REG_SIZES:
      000069 05                     139 	.db #0x05	; 5
      00006A 04                     140 	.db #0x04	; 4
      00006B 05                     141 	.db #0x05	; 5
      00006C 04                     142 	.db #0x04	; 4
      00006D 03                     143 	.db #0x03	; 3
      00006E                        144 _FX_ADDRESS:
      00006E 10 FF                  145 	.dw #0xff10
      000070 16 FF                  146 	.dw #0xff16
      000072 1A FF                  147 	.dw #0xff1a
      000074 20 FF                  148 	.dw #0xff20
      000076 24 FF                  149 	.dw #0xff24
                                    150 	.area _CODE
                                    151 	.area _INITIALIZER
                                    152 	.area _CABS (ABS)
