                                      1 ;--------------------------------------------------------
                                      2 ; File Created by SDCC : free open source ISO C Compiler 
                                      3 ; Version 4.3.2 #14228 (MINGW32)
                                      4 ;--------------------------------------------------------
                                      5 	.module SRAM
                                      6 	.optsdcc -msm83
                                      7 	
                                      8 ;--------------------------------------------------------
                                      9 ; Public variables in this module
                                     10 ;--------------------------------------------------------
                                     11 	.globl _memset
                                     12 	.globl _strcmp
                                     13 	.globl _strcpy
                                     14 	.globl b_CheckSRAMIntegrity
                                     15 	.globl _CheckSRAMIntegrity
                                     16 ;--------------------------------------------------------
                                     17 ; special function registers
                                     18 ;--------------------------------------------------------
                                     19 ;--------------------------------------------------------
                                     20 ; ram data
                                     21 ;--------------------------------------------------------
                                     22 	.area _DATA
                                     23 ;--------------------------------------------------------
                                     24 ; ram data
                                     25 ;--------------------------------------------------------
                                     26 	.area _INITIALIZED
                                     27 ;--------------------------------------------------------
                                     28 ; absolute external ram data
                                     29 ;--------------------------------------------------------
                                     30 	.area _DABS (ABS)
                                     31 ;--------------------------------------------------------
                                     32 ; global & static initialisations
                                     33 ;--------------------------------------------------------
                                     34 	.area _HOME
                                     35 	.area _GSINIT
                                     36 	.area _GSFINAL
                                     37 	.area _GSINIT
                                     38 ;--------------------------------------------------------
                                     39 ; Home
                                     40 ;--------------------------------------------------------
                                     41 	.area _HOME
                                     42 	.area _HOME
                                     43 ;--------------------------------------------------------
                                     44 ; code
                                     45 ;--------------------------------------------------------
                                     46 	.area _CODE_1
                                     47 ;C:/gbdk/ZGB/common/src/SRAM.c:9: void CheckSRAMIntegrity(UINT8* ptr, UINT16 size) BANKED {
                                     48 ;	---------------------------------
                                     49 ; Function CheckSRAMIntegrity
                                     50 ; ---------------------------------
                           000001    51 	b_CheckSRAMIntegrity	= 1
      000000                         52 _CheckSRAMIntegrity::
      000000 E8 FC            [16]   53 	add	sp, #-4
                                     54 ;C:/gbdk/ZGB/common/src/SRAM.c:10: ENABLE_RAM;
      000002 21r00r00         [12]   55 	ld	hl, #_rRAMG
      000005 36 0A            [12]   56 	ld	(hl), #0x0a
                                     57 ;C:/gbdk/ZGB/common/src/SRAM.c:11: UINT16 bytes_to_clear = 0;
      000007 01 00 00         [12]   58 	ld	bc, #0x0000
                                     59 ;C:/gbdk/ZGB/common/src/SRAM.c:12: UINT16* bytes_stored = (UINT16*)(ptr + MAGIC_LENGTH);
      00000A F8 0A            [12]   60 	ldhl	sp,#10
      00000C 2A               [ 8]   61 	ld	a, (hl+)
      00000D 5F               [ 4]   62 	ld	e, a
      00000E 56               [ 8]   63 	ld	d, (hl)
      00000F 21 09 00         [12]   64 	ld	hl, #0x0009
      000012 19               [ 8]   65 	add	hl, de
      000013 5D               [ 4]   66 	ld	e, l
      000014 7C               [ 4]   67 	ld	a, h
      000015 F8 00            [12]   68 	ldhl	sp,	#0
      000017 73               [ 8]   69 	ld	(hl), e
      000018 23               [ 8]   70 	inc	hl
      000019 77               [ 8]   71 	ld	(hl), a
                                     72 ;C:/gbdk/ZGB/common/src/SRAM.c:13: if(strcmp((char*)ptr, MAGIC) != 0) {
      00001A F8 0A            [12]   73 	ldhl	sp,	#10
      00001C 2A               [ 8]   74 	ld	a, (hl+)
      00001D 5F               [ 4]   75 	ld	e, a
      00001E 56               [ 8]   76 	ld	d, (hl)
      00001F 21rC0r00         [12]   77 	ld	hl, #___str_0
      000022 E5               [16]   78 	push	hl
      000023 D5               [16]   79 	push	de
      000024 CDr00r00         [24]   80 	call	_strcmp
      000027 E8 04            [16]   81 	add	sp, #4
      000029 7A               [ 4]   82 	ld	a, d
      00002A B3               [ 4]   83 	or	a, e
      00002B 28 20            [12]   84 	jr	Z, 00104$
                                     85 ;C:/gbdk/ZGB/common/src/SRAM.c:14: strcpy(ptr, MAGIC);
      00002D 11rC0r00         [12]   86 	ld	de, #___str_0
      000030 D5               [16]   87 	push	de
      000031 F8 0C            [12]   88 	ldhl	sp,	#12
      000033 2A               [ 8]   89 	ld	a, (hl+)
      000034 5F               [ 4]   90 	ld	e, a
      000035 56               [ 8]   91 	ld	d, (hl)
      000036 D5               [16]   92 	push	de
      000037 CDr00r00         [24]   93 	call	_strcpy
      00003A E8 04            [16]   94 	add	sp, #4
                                     95 ;C:/gbdk/ZGB/common/src/SRAM.c:16: bytes_to_clear = size - MAGIC_LENGTH - 2;
      00003C F8 0C            [12]   96 	ldhl	sp,#12
      00003E 2A               [ 8]   97 	ld	a, (hl+)
      00003F 5F               [ 4]   98 	ld	e, a
      000040 56               [ 8]   99 	ld	d, (hl)
      000041 21 0B 00         [12]  100 	ld	hl, #0x000b
      000044 7B               [ 4]  101 	ld	a, e
      000045 95               [ 4]  102 	sub	a, l
      000046 5F               [ 4]  103 	ld	e, a
      000047 7A               [ 4]  104 	ld	a, d
      000048 9C               [ 4]  105 	sbc	a, h
      000049 47               [ 4]  106 	ld	b, a
      00004A 4B               [ 4]  107 	ld	c, e
      00004B 18 28            [12]  108 	jr	00105$
      00004D                        109 00104$:
                                    110 ;C:/gbdk/ZGB/common/src/SRAM.c:18: if(*bytes_stored < size) {
      00004D D1               [12]  111 	pop	de
      00004E D5               [16]  112 	push	de
      00004F 1A               [ 8]  113 	ld	a, (de)
      000050 F8 02            [12]  114 	ldhl	sp,	#2
      000052 22               [ 8]  115 	ld	(hl+), a
      000053 13               [ 8]  116 	inc	de
      000054 1A               [ 8]  117 	ld	a, (de)
      000055 77               [ 8]  118 	ld	(hl), a
      000056 F8 02            [12]  119 	ldhl	sp,	#2
      000058 5D               [ 4]  120 	ld	e, l
      000059 54               [ 4]  121 	ld	d, h
      00005A F8 0C            [12]  122 	ldhl	sp,	#12
      00005C 1A               [ 8]  123 	ld	a, (de)
      00005D 13               [ 8]  124 	inc	de
      00005E 96               [ 8]  125 	sub	a, (hl)
      00005F 23               [ 8]  126 	inc	hl
      000060 1A               [ 8]  127 	ld	a, (de)
      000061 9E               [ 8]  128 	sbc	a, (hl)
      000062 30 11            [12]  129 	jr	NC, 00105$
                                    130 ;C:/gbdk/ZGB/common/src/SRAM.c:19: bytes_to_clear = size - *bytes_stored;
      000064 F8 0C            [12]  131 	ldhl	sp,#12
      000066 2A               [ 8]  132 	ld	a, (hl+)
      000067 5F               [ 4]  133 	ld	e, a
      000068 56               [ 8]  134 	ld	d, (hl)
      000069 F8 02            [12]  135 	ldhl	sp,	#2
      00006B 2A               [ 8]  136 	ld	a,	(hl+)
      00006C 66               [ 8]  137 	ld	h, (hl)
      00006D 6F               [ 4]  138 	ld	l, a
      00006E 7B               [ 4]  139 	ld	a, e
      00006F 95               [ 4]  140 	sub	a, l
      000070 5F               [ 4]  141 	ld	e, a
      000071 7A               [ 4]  142 	ld	a, d
      000072 9C               [ 4]  143 	sbc	a, h
      000073 47               [ 4]  144 	ld	b, a
      000074 4B               [ 4]  145 	ld	c, e
      000075                        146 00105$:
                                    147 ;C:/gbdk/ZGB/common/src/SRAM.c:23: if(*bytes_stored != size) {
      000075 D1               [12]  148 	pop	de
      000076 D5               [16]  149 	push	de
      000077 1A               [ 8]  150 	ld	a, (de)
      000078 F8 02            [12]  151 	ldhl	sp,	#2
      00007A 22               [ 8]  152 	ld	(hl+), a
      00007B 13               [ 8]  153 	inc	de
      00007C 1A               [ 8]  154 	ld	a, (de)
      00007D 77               [ 8]  155 	ld	(hl), a
      00007E F8 0C            [12]  156 	ldhl	sp,	#12
      000080 7E               [ 8]  157 	ld	a, (hl)
      000081 F8 02            [12]  158 	ldhl	sp,	#2
      000083 96               [ 8]  159 	sub	a, (hl)
      000084 20 08            [12]  160 	jr	NZ, 00140$
      000086 F8 0D            [12]  161 	ldhl	sp,	#13
      000088 7E               [ 8]  162 	ld	a, (hl)
      000089 F8 03            [12]  163 	ldhl	sp,	#3
      00008B 96               [ 8]  164 	sub	a, (hl)
      00008C 28 09            [12]  165 	jr	Z, 00107$
      00008E                        166 00140$:
                                    167 ;C:/gbdk/ZGB/common/src/SRAM.c:24: *bytes_stored = size;
      00008E D1               [12]  168 	pop	de
      00008F D5               [16]  169 	push	de
      000090 F8 0C            [12]  170 	ldhl	sp,	#12
      000092 2A               [ 8]  171 	ld	a, (hl+)
      000093 12               [ 8]  172 	ld	(de), a
      000094 13               [ 8]  173 	inc	de
      000095 7E               [ 8]  174 	ld	a, (hl)
      000096 12               [ 8]  175 	ld	(de), a
      000097                        176 00107$:
                                    177 ;C:/gbdk/ZGB/common/src/SRAM.c:27: if(bytes_to_clear > 0) {
      000097 78               [ 4]  178 	ld	a, b
      000098 B1               [ 4]  179 	or	a, c
      000099 28 1D            [12]  180 	jr	Z, 00109$
                                    181 ;C:/gbdk/ZGB/common/src/SRAM.c:28: memset(ptr + size - bytes_to_clear, 0, bytes_to_clear);
      00009B F8 0A            [12]  182 	ldhl	sp,#10
      00009D 2A               [ 8]  183 	ld	a, (hl+)
      00009E 5F               [ 4]  184 	ld	e, a
      00009F 2A               [ 8]  185 	ld	a, (hl+)
      0000A0 57               [ 4]  186 	ld	d, a
      0000A1 2A               [ 8]  187 	ld	a,	(hl+)
      0000A2 66               [ 8]  188 	ld	h, (hl)
      0000A3 6F               [ 4]  189 	ld	l, a
      0000A4 19               [ 8]  190 	add	hl, de
      0000A5 5D               [ 4]  191 	ld	e, l
      0000A6 54               [ 4]  192 	ld	d, h
      0000A7 7B               [ 4]  193 	ld	a, e
      0000A8 91               [ 4]  194 	sub	a, c
      0000A9 5F               [ 4]  195 	ld	e, a
      0000AA 7A               [ 4]  196 	ld	a, d
      0000AB 98               [ 4]  197 	sbc	a, b
      0000AC C5               [16]  198 	push	bc
      0000AD 01 00 00         [12]  199 	ld	bc, #0x0000
      0000B0 C5               [16]  200 	push	bc
      0000B1 57               [ 4]  201 	ld	d, a
      0000B2 D5               [16]  202 	push	de
      0000B3 CDr00r00         [24]  203 	call	_memset
      0000B6 E8 06            [16]  204 	add	sp, #6
      0000B8                        205 00109$:
                                    206 ;C:/gbdk/ZGB/common/src/SRAM.c:30: DISABLE_RAM;
      0000B8 21r00r00         [12]  207 	ld	hl, #_rRAMG
      0000BB 36 00            [12]  208 	ld	(hl), #0x00
                                    209 ;C:/gbdk/ZGB/common/src/SRAM.c:31: }
      0000BD E8 04            [16]  210 	add	sp, #4
      0000BF C9               [16]  211 	ret
      0000C0                        212 ___str_0:
      0000C0 5A 47 42 2D 53 41 56   213 	.ascii "ZGB-SAVE"
             45
      0000C8 00                     214 	.db 0x00
                                    215 	.area _CODE_1
                                    216 	.area _INITIALIZER
                                    217 	.area _CABS (ABS)
