                                      1 ;--------------------------------------------------------
                                      2 ; File Created by SDCC : free open source ISO C Compiler 
                                      3 ; Version 4.3.2 #14228 (MINGW32)
                                      4 ;--------------------------------------------------------
                                      5 	.module ZGBMain_Init
                                      6 	.optsdcc -msm83
                                      7 	
                                      8 ;--------------------------------------------------------
                                      9 ; Public variables in this module
                                     10 ;--------------------------------------------------------
                                     11 	.globl _InitSprites
                                     12 	.globl _Destroy_SpritePlayer
                                     13 	.globl _Update_SpritePlayer
                                     14 	.globl _Start_SpritePlayer
                                     15 	.globl _InitStates
                                     16 	.globl _Update_StateGame
                                     17 	.globl _Start_StateGame
                                     18 	.globl _spritePalsOffset
                                     19 	.globl _spriteIdxs
                                     20 	.globl _spriteDatas
                                     21 	.globl _spriteDestroyFuncs
                                     22 	.globl _spriteUpdateFuncs
                                     23 	.globl _spriteStartFuncs
                                     24 	.globl _spriteDataBanks
                                     25 	.globl _spriteBanks
                                     26 	.globl _updateFuncs
                                     27 	.globl _startFuncs
                                     28 	.globl _stateBanks
                                     29 ;--------------------------------------------------------
                                     30 ; special function registers
                                     31 ;--------------------------------------------------------
                                     32 ;--------------------------------------------------------
                                     33 ; ram data
                                     34 ;--------------------------------------------------------
                                     35 	.area _DATA
      000000                         36 _stateBanks::
      000000                         37 	.ds 1
      000001                         38 _startFuncs::
      000001                         39 	.ds 2
      000003                         40 _updateFuncs::
      000003                         41 	.ds 2
      000005                         42 _spriteBanks::
      000005                         43 	.ds 1
      000006                         44 _spriteDataBanks::
      000006                         45 	.ds 1
      000007                         46 _spriteStartFuncs::
      000007                         47 	.ds 2
      000009                         48 _spriteUpdateFuncs::
      000009                         49 	.ds 2
      00000B                         50 _spriteDestroyFuncs::
      00000B                         51 	.ds 2
      00000D                         52 _spriteDatas::
      00000D                         53 	.ds 2
      00000F                         54 _spriteIdxs::
      00000F                         55 	.ds 1
      000010                         56 _spritePalsOffset::
      000010                         57 	.ds 1
                                     58 ;--------------------------------------------------------
                                     59 ; ram data
                                     60 ;--------------------------------------------------------
                                     61 	.area _INITIALIZED
                                     62 ;--------------------------------------------------------
                                     63 ; absolute external ram data
                                     64 ;--------------------------------------------------------
                                     65 	.area _DABS (ABS)
                                     66 ;--------------------------------------------------------
                                     67 ; global & static initialisations
                                     68 ;--------------------------------------------------------
                                     69 	.area _HOME
                                     70 	.area _GSINIT
                                     71 	.area _GSFINAL
                                     72 	.area _GSINIT
                                     73 ;--------------------------------------------------------
                                     74 ; Home
                                     75 ;--------------------------------------------------------
                                     76 	.area _HOME
                                     77 	.area _HOME
                                     78 ;--------------------------------------------------------
                                     79 ; code
                                     80 ;--------------------------------------------------------
                                     81 	.area _CODE_1
                                     82 ;C:/gbdk/ZGB/common/src/ZGBMain_Init.c:16: void InitStates() {
                                     83 ;	---------------------------------
                                     84 ; Function InitStates
                                     85 ; ---------------------------------
      000000                         86 _InitStates::
                                     87 ;C:/gbdk/ZGB/common/src/ZGBMain_Init.c:17: STATES
      000000 21r01r00         [12]   88 	ld	hl, #_startFuncs
      000003 36r00            [12]   89 	ld	(hl), #<(_Start_StateGame)
      000005 23               [ 8]   90 	inc	hl
      000006 36s00            [12]   91 	ld	(hl), #>(_Start_StateGame)
      000008 21r03r00         [12]   92 	ld	hl, #_updateFuncs
      00000B 36r00            [12]   93 	ld	(hl), #<(_Update_StateGame)
      00000D 23               [ 8]   94 	inc	hl
      00000E 36s00            [12]   95 	ld	(hl), #>(_Update_StateGame)
      000010 01r00r00         [12]   96 	ld	bc, #_stateBanks+0
      000013 3Er00            [ 8]   97 	ld	a, #<(___bank_StateGame)
      000015 02               [ 8]   98 	ld	(bc), a
                                     99 ;C:/gbdk/ZGB/common/src/ZGBMain_Init.c:18: }
      000016 C9               [16]  100 	ret
                                    101 ;C:/gbdk/ZGB/common/src/ZGBMain_Init.c:49: void InitSprites() {
                                    102 ;	---------------------------------
                                    103 ; Function InitSprites
                                    104 ; ---------------------------------
      000017                        105 _InitSprites::
                                    106 ;C:/gbdk/ZGB/common/src/ZGBMain_Init.c:50: SPRITES
      000017 01r05r00         [12]  107 	ld	bc, #_spriteBanks+0
      00001A 3Er00            [ 8]  108 	ld	a, #<(___bank_SpritePlayer)
      00001C 02               [ 8]  109 	ld	(bc), a
      00001D 21r07r00         [12]  110 	ld	hl, #_spriteStartFuncs
      000020 36r00            [12]  111 	ld	(hl), #<(_Start_SpritePlayer)
      000022 23               [ 8]  112 	inc	hl
      000023 36s00            [12]  113 	ld	(hl), #>(_Start_SpritePlayer)
      000025 21r09r00         [12]  114 	ld	hl, #_spriteUpdateFuncs
      000028 36r00            [12]  115 	ld	(hl), #<(_Update_SpritePlayer)
      00002A 23               [ 8]  116 	inc	hl
      00002B 36s00            [12]  117 	ld	(hl), #>(_Update_SpritePlayer)
      00002D 21r0Br00         [12]  118 	ld	hl, #_spriteDestroyFuncs
      000030 36r00            [12]  119 	ld	(hl), #<(_Destroy_SpritePlayer)
      000032 23               [ 8]  120 	inc	hl
      000033 36s00            [12]  121 	ld	(hl), #>(_Destroy_SpritePlayer)
      000035 01r06r00         [12]  122 	ld	bc, #_spriteDataBanks+0
      000038 3Er00            [ 8]  123 	ld	a, #<(___bank_player)
      00003A 02               [ 8]  124 	ld	(bc), a
      00003B 21r0Dr00         [12]  125 	ld	hl, #_spriteDatas
      00003E 36r00            [12]  126 	ld	(hl), #<(_player)
      000040 23               [ 8]  127 	inc	hl
      000041 36s00            [12]  128 	ld	(hl), #>(_player)
                                    129 ;C:/gbdk/ZGB/common/src/ZGBMain_Init.c:51: }
      000043 C9               [16]  130 	ret
                                    131 	.area _CODE_1
                                    132 	.area _INITIALIZER
                                    133 	.area _CABS (ABS)
