                                      1 ;--------------------------------------------------------
                                      2 ; File Created by SDCC : free open source ISO C Compiler 
                                      3 ; Version 4.3.2 #14228 (MINGW32)
                                      4 ;--------------------------------------------------------
                                      5 	.module SpritePlayer
                                      6 	.optsdcc -msm83
                                      7 	
                                      8 ;--------------------------------------------------------
                                      9 ; Public variables in this module
                                     10 ;--------------------------------------------------------
                                     11 	.globl _Destroy_SpritePlayer
                                     12 	.globl _Update_SpritePlayer
                                     13 	.globl _Start_SpritePlayer
                                     14 	.globl ___bank_SpritePlayer
                                     15 ;--------------------------------------------------------
                                     16 ; special function registers
                                     17 ;--------------------------------------------------------
                                     18 ;--------------------------------------------------------
                                     19 ; ram data
                                     20 ;--------------------------------------------------------
                                     21 	.area _DATA
                                     22 ;--------------------------------------------------------
                                     23 ; ram data
                                     24 ;--------------------------------------------------------
                                     25 	.area _INITIALIZED
                                     26 ;--------------------------------------------------------
                                     27 ; absolute external ram data
                                     28 ;--------------------------------------------------------
                                     29 	.area _DABS (ABS)
                                     30 ;--------------------------------------------------------
                                     31 ; global & static initialisations
                                     32 ;--------------------------------------------------------
                                     33 	.area _HOME
                                     34 	.area _GSINIT
                                     35 	.area _GSFINAL
                                     36 	.area _GSINIT
                                     37 ;--------------------------------------------------------
                                     38 ; Home
                                     39 ;--------------------------------------------------------
                                     40 	.area _HOME
                                     41 	.area _HOME
                                     42 ;--------------------------------------------------------
                                     43 ; code
                                     44 ;--------------------------------------------------------
                                     45 	.area _CODE_255
                                     46 ;SpritePlayer.c:3: void START() {
                                     47 ;	---------------------------------
                                     48 ; Function Start_SpritePlayer
                                     49 ; ---------------------------------
      000000                         50 _Start_SpritePlayer::
                                     51 ;SpritePlayer.c:4: }
      000000 C9               [16]   52 	ret
                           0000FF    53 ___bank_SpritePlayer	=	0x00ff
                                     54 ;SpritePlayer.c:6: void UPDATE() {
                                     55 ;	---------------------------------
                                     56 ; Function Update_SpritePlayer
                                     57 ; ---------------------------------
      000001                         58 _Update_SpritePlayer::
                                     59 ;SpritePlayer.c:7: }
      000001 C9               [16]   60 	ret
                                     61 ;SpritePlayer.c:9: void DESTROY() {
                                     62 ;	---------------------------------
                                     63 ; Function Destroy_SpritePlayer
                                     64 ; ---------------------------------
      000002                         65 _Destroy_SpritePlayer::
                                     66 ;SpritePlayer.c:10: }
      000002 C9               [16]   67 	ret
                                     68 	.area _CODE_255
                                     69 	.area _INITIALIZER
                                     70 	.area _CABS (ABS)
