                                      1 ;--------------------------------------------------------
                                      2 ; File Created by SDCC : free open source ISO C Compiler 
                                      3 ; Version 4.3.2 #14228 (MINGW32)
                                      4 ;--------------------------------------------------------
                                      5 	.module StateGame
                                      6 	.optsdcc -msm83
                                      7 	
                                      8 ;--------------------------------------------------------
                                      9 ; Public variables in this module
                                     10 ;--------------------------------------------------------
                                     11 	.globl _Update_StateGame
                                     12 	.globl _Start_StateGame
                                     13 	.globl _SpriteManagerAdd
                                     14 	.globl _InitScroll
                                     15 	.globl ___bank_StateGame
                                     16 ;--------------------------------------------------------
                                     17 ; special function registers
                                     18 ;--------------------------------------------------------
                                     19 ;--------------------------------------------------------
                                     20 ; ram data
                                     21 ;--------------------------------------------------------
                                     22 	.area _DATA
                                     23 ;--------------------------------------------------------
                                     24 ; ram data
                                     25 ;--------------------------------------------------------
                                     26 	.area _INITIALIZED
                                     27 ;--------------------------------------------------------
                                     28 ; absolute external ram data
                                     29 ;--------------------------------------------------------
                                     30 	.area _DABS (ABS)
                                     31 ;--------------------------------------------------------
                                     32 ; global & static initialisations
                                     33 ;--------------------------------------------------------
                                     34 	.area _HOME
                                     35 	.area _GSINIT
                                     36 	.area _GSFINAL
                                     37 	.area _GSINIT
                                     38 ;--------------------------------------------------------
                                     39 ; Home
                                     40 ;--------------------------------------------------------
                                     41 	.area _HOME
                                     42 	.area _HOME
                                     43 ;--------------------------------------------------------
                                     44 ; code
                                     45 ;--------------------------------------------------------
                                     46 	.area _CODE_255
                                     47 ;StateGame.c:9: void START() {
                                     48 ;	---------------------------------
                                     49 ; Function Start_StateGame
                                     50 ; ---------------------------------
      000000                         51 _Start_StateGame::
                                     52 ;StateGame.c:10: scroll_target = SpriteManagerAdd(SpritePlayer, 50, 50);
      000000 11 32 00         [12]   53 	ld	de, #0x0032
      000003 D5               [16]   54 	push	de
      000004 AF               [ 4]   55 	xor	a, a
      000005 CDr00r00         [24]   56 	call	_SpriteManagerAdd
      000008 21r00r00         [12]   57 	ld	hl, #_scroll_target
      00000B 79               [ 4]   58 	ld	a, c
      00000C 22               [ 8]   59 	ld	(hl+), a
      00000D 70               [ 8]   60 	ld	(hl), b
                                     61 ;StateGame.c:11: InitScroll(BANK(map), &map, 0, 0);
      00000E 0Er00            [ 8]   62 	ld	c, #<(___bank_map)
      000010 11 00 00         [12]   63 	ld	de, #0x0000
      000013 D5               [16]   64 	push	de
      000014 D5               [16]   65 	push	de
      000015 11r00r00         [12]   66 	ld	de, #_map
      000018 79               [ 4]   67 	ld	a, c
      000019 CDr00r00         [24]   68 	call	_InitScroll
                                     69 ;StateGame.c:12: }
      00001C C9               [16]   70 	ret
                           0000FF    71 ___bank_StateGame	=	0x00ff
                                     72 ;StateGame.c:14: void UPDATE() {
                                     73 ;	---------------------------------
                                     74 ; Function Update_StateGame
                                     75 ; ---------------------------------
      00001D                         76 _Update_StateGame::
                                     77 ;StateGame.c:15: }
      00001D C9               [16]   78 	ret
                                     79 	.area _CODE_255
                                     80 	.area _INITIALIZER
                                     81 	.area _CABS (ABS)
