                                      1 ;--------------------------------------------------------
                                      2 ; File Created by SDCC : free open source ISO C Compiler 
                                      3 ; Version 4.3.2 #14228 (MINGW32)
                                      4 ;--------------------------------------------------------
                                      5 	.module ZGBMain
                                      6 	.optsdcc -msm83
                                      7 	
                                      8 ;--------------------------------------------------------
                                      9 ; Public variables in this module
                                     10 ;--------------------------------------------------------
                                     11 	.globl _GetTileReplacement
                                     12 	.globl _next_state
                                     13 ;--------------------------------------------------------
                                     14 ; special function registers
                                     15 ;--------------------------------------------------------
                                     16 ;--------------------------------------------------------
                                     17 ; ram data
                                     18 ;--------------------------------------------------------
                                     19 	.area _DATA
                                     20 ;--------------------------------------------------------
                                     21 ; ram data
                                     22 ;--------------------------------------------------------
                                     23 	.area _INITIALIZED
      000000                         24 _next_state::
      000000                         25 	.ds 1
                                     26 ;--------------------------------------------------------
                                     27 ; absolute external ram data
                                     28 ;--------------------------------------------------------
                                     29 	.area _DABS (ABS)
                                     30 ;--------------------------------------------------------
                                     31 ; global & static initialisations
                                     32 ;--------------------------------------------------------
                                     33 	.area _HOME
                                     34 	.area _GSINIT
                                     35 	.area _GSFINAL
                                     36 	.area _GSINIT
                                     37 ;--------------------------------------------------------
                                     38 ; Home
                                     39 ;--------------------------------------------------------
                                     40 	.area _HOME
                                     41 	.area _HOME
                                     42 ;--------------------------------------------------------
                                     43 ; code
                                     44 ;--------------------------------------------------------
                                     45 	.area _CODE
                                     46 ;ZGBMain.c:6: UINT8 GetTileReplacement(UINT8* tile_ptr, UINT8* tile) {
                                     47 ;	---------------------------------
                                     48 ; Function GetTileReplacement
                                     49 ; ---------------------------------
      000000                         50 _GetTileReplacement::
      000000 E8 FD            [16]   51 	add	sp, #-3
      000002 F8 01            [12]   52 	ldhl	sp,	#1
      000004 7B               [ 4]   53 	ld	a, e
      000005 22               [ 8]   54 	ld	(hl+), a
      000006 72               [ 8]   55 	ld	(hl), d
                                     56 ;ZGBMain.c:7: if(current_state == StateGame) {
      000007 FAr00r00         [16]   57 	ld	a, (#_current_state)
      00000A B7               [ 4]   58 	or	a, a
      00000B 20 26            [12]   59 	jr	NZ, 00104$
                                     60 ;ZGBMain.c:8: if(U_LESS_THAN(255 - (UINT16)*tile_ptr, N_SPRITE_TYPES)) {
      00000D F8 01            [12]   61 	ldhl	sp,#1
      00000F 2A               [ 8]   62 	ld	a, (hl+)
      000010 5F               [ 4]   63 	ld	e, a
      000011 3A               [ 8]   64 	ld	a, (hl-)
      000012 2B               [ 8]   65 	dec	hl
      000013 57               [ 4]   66 	ld	d, a
      000014 1A               [ 8]   67 	ld	a, (de)
      000015 77               [ 8]   68 	ld	(hl), a
      000016 5E               [ 8]   69 	ld	e, (hl)
      000017 16 00            [ 8]   70 	ld	d, #0x00
      000019 3E FE            [ 8]   71 	ld	a, #0xfe
      00001B 93               [ 4]   72 	sub	a, e
      00001C 9F               [ 4]   73 	sbc	a, a
      00001D 92               [ 4]   74 	sub	a, d
      00001E 07               [ 4]   75 	rlca
      00001F 30 0E            [12]   76 	jr	NC, 00102$
                                     77 ;ZGBMain.c:9: *tile = 0;
      000021 AF               [ 4]   78 	xor	a, a
      000022 02               [ 8]   79 	ld	(bc), a
                                     80 ;ZGBMain.c:10: return 255 - (UINT16)*tile_ptr;
      000023 F8 01            [12]   81 	ldhl	sp,#1
      000025 2A               [ 8]   82 	ld	a, (hl+)
      000026 5F               [ 4]   83 	ld	e, a
      000027 56               [ 8]   84 	ld	d, (hl)
      000028 1A               [ 8]   85 	ld	a, (de)
      000029 4F               [ 4]   86 	ld	c, a
      00002A 3E FF            [ 8]   87 	ld	a, #0xff
      00002C 91               [ 4]   88 	sub	a, c
      00002D 18 06            [12]   89 	jr	00105$
      00002F                         90 00102$:
                                     91 ;ZGBMain.c:13: *tile = *tile_ptr;
      00002F F8 00            [12]   92 	ldhl	sp,	#0
      000031 7E               [ 8]   93 	ld	a, (hl)
      000032 02               [ 8]   94 	ld	(bc), a
      000033                         95 00104$:
                                     96 ;ZGBMain.c:16: return 255u;
      000033 3E FF            [ 8]   97 	ld	a, #0xff
      000035                         98 00105$:
                                     99 ;ZGBMain.c:17: }
      000035 E8 03            [16]  100 	add	sp, #3
      000037 C9               [16]  101 	ret
                                    102 	.area _CODE
                                    103 	.area _INITIALIZER
      000000                        104 __xinit__next_state:
      000000 00                     105 	.db #0x00	; 0
                                    106 	.area _CABS (ABS)
