                                      1 ;--------------------------------------------------------
                                      2 ; File Created by SDCC : free open source ISO C Compiler 
                                      3 ; Version 4.3.2 #14228 (MINGW32)
                                      4 ;--------------------------------------------------------
                                      5 	.module player_gbr
                                      6 	.optsdcc -msm83
                                      7 	
                                      8 ;--------------------------------------------------------
                                      9 ; Public variables in this module
                                     10 ;--------------------------------------------------------
                                     11 	.globl _player
                                     12 	.globl _player_metasprites
                                     13 	.globl _player_metasprite2
                                     14 	.globl _player_metasprite1
                                     15 	.globl _player_metasprite0
                                     16 	.globl _player_tiles
                                     17 	.globl _player_palettes
                                     18 	.globl b___func_player
                                     19 	.globl ___func_player
                                     20 ;--------------------------------------------------------
                                     21 ; special function registers
                                     22 ;--------------------------------------------------------
                                     23 ;--------------------------------------------------------
                                     24 ; ram data
                                     25 ;--------------------------------------------------------
                                     26 	.area _DATA
                                     27 ;--------------------------------------------------------
                                     28 ; ram data
                                     29 ;--------------------------------------------------------
                                     30 	.area _INITIALIZED
                                     31 ;--------------------------------------------------------
                                     32 ; absolute external ram data
                                     33 ;--------------------------------------------------------
                                     34 	.area _DABS (ABS)
                                     35 ;--------------------------------------------------------
                                     36 ; global & static initialisations
                                     37 ;--------------------------------------------------------
                                     38 	.area _HOME
                                     39 	.area _GSINIT
                                     40 	.area _GSFINAL
                                     41 	.area _GSINIT
                                     42 ;--------------------------------------------------------
                                     43 ; Home
                                     44 ;--------------------------------------------------------
                                     45 	.area _HOME
                                     46 	.area _HOME
                                     47 ;--------------------------------------------------------
                                     48 ; code
                                     49 ;--------------------------------------------------------
                                     50 	.area _CODE_255
                           000000    51 	G$__func_player$0$0	= .
                                     52 	.globl	G$__func_player$0$0
                           000000    53 	C$player.gbr.c$9$0_0$161	= .
                                     54 	.globl	C$player.gbr.c$9$0_0$161
                                     55 ;../Debug/res/sprites/player.gbr.c:9: BANKREF(player)
                                     56 ;	---------------------------------
                                     57 ; Function __func_player
                                     58 ; ---------------------------------
                           0000FF    59 	b___func_player	= 255
      000000                         60 ___func_player::
                                     61 	.local b___func_player 
                           0000FF    62 	___bank_player = b___func_player 
                                     63 	.globl ___bank_player 
                                     64 	.area _CODE_255
                           000000    65 G$player_palettes$0_0$0 == .
      000000                         66 _player_palettes:
      000000 BC 17                   67 	.dw #0x17bc
      000002 E7 22                   68 	.dw #0x22e7
      000004 C4 19                   69 	.dw #0x19c4
      000006 E0 14                   70 	.dw #0x14e0
      000008 BC 17                   71 	.dw #0x17bc
      00000A E7 22                   72 	.dw #0x22e7
      00000C C4 19                   73 	.dw #0x19c4
      00000E E0 14                   74 	.dw #0x14e0
                           000010    75 G$player_tiles$0_0$0 == .
      000010                         76 _player_tiles:
      000010 00                      77 	.db #0x00	; 0
      000011 00                      78 	.db #0x00	; 0
      000012 07                      79 	.db #0x07	; 7
      000013 07                      80 	.db #0x07	; 7
      000014 0F                      81 	.db #0x0f	; 15
      000015 0F                      82 	.db #0x0f	; 15
      000016 1F                      83 	.db #0x1f	; 31
      000017 1F                      84 	.db #0x1f	; 31
      000018 17                      85 	.db #0x17	; 23
      000019 1A                      86 	.db #0x1a	; 26
      00001A 17                      87 	.db #0x17	; 23
      00001B 1A                      88 	.db #0x1a	; 26
      00001C 18                      89 	.db #0x18	; 24
      00001D 1F                      90 	.db #0x1f	; 31
      00001E 0B                      91 	.db #0x0b	; 11
      00001F 0F                      92 	.db #0x0f	; 15
      000020 05                      93 	.db #0x05	; 5
      000021 07                      94 	.db #0x07	; 7
      000022 07                      95 	.db #0x07	; 7
      000023 07                      96 	.db #0x07	; 7
      000024 03                      97 	.db #0x03	; 3
      000025 03                      98 	.db #0x03	; 3
      000026 01                      99 	.db #0x01	; 1
      000027 03                     100 	.db #0x03	; 3
      000028 02                     101 	.db #0x02	; 2
      000029 03                     102 	.db #0x03	; 3
      00002A 03                     103 	.db #0x03	; 3
      00002B 03                     104 	.db #0x03	; 3
      00002C 02                     105 	.db #0x02	; 2
      00002D 02                     106 	.db #0x02	; 2
      00002E 03                     107 	.db #0x03	; 3
      00002F 03                     108 	.db #0x03	; 3
      000030 00                     109 	.db #0x00	; 0
      000031 00                     110 	.db #0x00	; 0
      000032 C0                     111 	.db #0xc0	; 192
      000033 C0                     112 	.db #0xc0	; 192
      000034 E0                     113 	.db #0xe0	; 224
      000035 E0                     114 	.db #0xe0	; 224
      000036 F0                     115 	.db #0xf0	; 240
      000037 F0                     116 	.db #0xf0	; 240
      000038 F0                     117 	.db #0xf0	; 240
      000039 50                     118 	.db #0x50	; 80	'P'
      00003A F0                     119 	.db #0xf0	; 240
      00003B 50                     120 	.db #0x50	; 80	'P'
      00003C 10                     121 	.db #0x10	; 16
      00003D F0                     122 	.db #0xf0	; 240
      00003E 20                     123 	.db #0x20	; 32
      00003F E0                     124 	.db #0xe0	; 224
      000040 40                     125 	.db #0x40	; 64
      000041 C0                     126 	.db #0xc0	; 192
      000042 80                     127 	.db #0x80	; 128
      000043 80                     128 	.db #0x80	; 128
      000044 FC                     129 	.db #0xfc	; 252
      000045 FC                     130 	.db #0xfc	; 252
      000046 80                     131 	.db #0x80	; 128
      000047 C0                     132 	.db #0xc0	; 192
      000048 00                     133 	.db #0x00	; 0
      000049 80                     134 	.db #0x80	; 128
      00004A 80                     135 	.db #0x80	; 128
      00004B 80                     136 	.db #0x80	; 128
      00004C 80                     137 	.db #0x80	; 128
      00004D 80                     138 	.db #0x80	; 128
      00004E C0                     139 	.db #0xc0	; 192
      00004F C0                     140 	.db #0xc0	; 192
      000050 00                     141 	.db #0x00	; 0
      000051 00                     142 	.db #0x00	; 0
      000052 07                     143 	.db #0x07	; 7
      000053 07                     144 	.db #0x07	; 7
      000054 0F                     145 	.db #0x0f	; 15
      000055 0F                     146 	.db #0x0f	; 15
      000056 1F                     147 	.db #0x1f	; 31
      000057 1F                     148 	.db #0x1f	; 31
      000058 17                     149 	.db #0x17	; 23
      000059 1A                     150 	.db #0x1a	; 26
      00005A 17                     151 	.db #0x17	; 23
      00005B 1A                     152 	.db #0x1a	; 26
      00005C 18                     153 	.db #0x18	; 24
      00005D 1F                     154 	.db #0x1f	; 31
      00005E 0B                     155 	.db #0x0b	; 11
      00005F 0F                     156 	.db #0x0f	; 15
      000060 05                     157 	.db #0x05	; 5
      000061 07                     158 	.db #0x07	; 7
      000062 07                     159 	.db #0x07	; 7
      000063 07                     160 	.db #0x07	; 7
      000064 03                     161 	.db #0x03	; 3
      000065 03                     162 	.db #0x03	; 3
      000066 01                     163 	.db #0x01	; 1
      000067 03                     164 	.db #0x03	; 3
      000068 02                     165 	.db #0x02	; 2
      000069 03                     166 	.db #0x03	; 3
      00006A 03                     167 	.db #0x03	; 3
      00006B 03                     168 	.db #0x03	; 3
      00006C 06                     169 	.db #0x06	; 6
      00006D 06                     170 	.db #0x06	; 6
      00006E 04                     171 	.db #0x04	; 4
      00006F 04                     172 	.db #0x04	; 4
      000070 00                     173 	.db #0x00	; 0
      000071 00                     174 	.db #0x00	; 0
      000072 C0                     175 	.db #0xc0	; 192
      000073 C0                     176 	.db #0xc0	; 192
      000074 E0                     177 	.db #0xe0	; 224
      000075 E0                     178 	.db #0xe0	; 224
      000076 F0                     179 	.db #0xf0	; 240
      000077 F0                     180 	.db #0xf0	; 240
      000078 F0                     181 	.db #0xf0	; 240
      000079 50                     182 	.db #0x50	; 80	'P'
      00007A F0                     183 	.db #0xf0	; 240
      00007B 50                     184 	.db #0x50	; 80	'P'
      00007C 10                     185 	.db #0x10	; 16
      00007D F0                     186 	.db #0xf0	; 240
      00007E 20                     187 	.db #0x20	; 32
      00007F E0                     188 	.db #0xe0	; 224
      000080 40                     189 	.db #0x40	; 64
      000081 C0                     190 	.db #0xc0	; 192
      000082 80                     191 	.db #0x80	; 128
      000083 80                     192 	.db #0x80	; 128
      000084 FC                     193 	.db #0xfc	; 252
      000085 FC                     194 	.db #0xfc	; 252
      000086 80                     195 	.db #0x80	; 128
      000087 C0                     196 	.db #0xc0	; 192
      000088 00                     197 	.db #0x00	; 0
      000089 80                     198 	.db #0x80	; 128
      00008A 80                     199 	.db #0x80	; 128
      00008B 80                     200 	.db #0x80	; 128
      00008C 40                     201 	.db #0x40	; 64
      00008D 40                     202 	.db #0x40	; 64
      00008E 60                     203 	.db #0x60	; 96
      00008F 60                     204 	.db #0x60	; 96
                           000090   205 G$player_metasprite0$0_0$0 == .
      000090                        206 _player_metasprite0:
      000090 00                     207 	.db #0x00	;  0
      000091 FD                     208 	.db #0xfd	; -3
      000092 00                     209 	.db #0x00	; 0
      000093 00                     210 	.db #0x00	; 0
      000094 00                     211 	.db #0x00	;  0
      000095 08                     212 	.db #0x08	;  8
      000096 02                     213 	.db #0x02	; 2
      000097 00                     214 	.db #0x00	; 0
      000098 80                     215 	.db #0x80	; -128
      000099 00                     216 	.db #0x00	;  0
      00009A 00                     217 	.db #0x00	; 0
      00009B 00                     218 	.db #0x00	; 0
                           00009C   219 G$player_metasprite1$0_0$0 == .
      00009C                        220 _player_metasprite1:
      00009C 00                     221 	.db #0x00	;  0
      00009D FD                     222 	.db #0xfd	; -3
      00009E 00                     223 	.db #0x00	; 0
      00009F 01                     224 	.db #0x01	; 1
      0000A0 00                     225 	.db #0x00	;  0
      0000A1 08                     226 	.db #0x08	;  8
      0000A2 02                     227 	.db #0x02	; 2
      0000A3 01                     228 	.db #0x01	; 1
      0000A4 80                     229 	.db #0x80	; -128
      0000A5 00                     230 	.db #0x00	;  0
      0000A6 00                     231 	.db #0x00	; 0
      0000A7 00                     232 	.db #0x00	; 0
                           0000A8   233 G$player_metasprite2$0_0$0 == .
      0000A8                        234 _player_metasprite2:
      0000A8 00                     235 	.db #0x00	;  0
      0000A9 FD                     236 	.db #0xfd	; -3
      0000AA 04                     237 	.db #0x04	; 4
      0000AB 00                     238 	.db #0x00	; 0
      0000AC 00                     239 	.db #0x00	;  0
      0000AD 08                     240 	.db #0x08	;  8
      0000AE 06                     241 	.db #0x06	; 6
      0000AF 00                     242 	.db #0x00	; 0
      0000B0 80                     243 	.db #0x80	; -128
      0000B1 00                     244 	.db #0x00	;  0
      0000B2 00                     245 	.db #0x00	; 0
      0000B3 00                     246 	.db #0x00	; 0
                           0000B4   247 G$player_metasprites$0_0$0 == .
      0000B4                        248 _player_metasprites:
      0000B4r90r00                  249 	.dw _player_metasprite0
      0000B6r9Cr00                  250 	.dw _player_metasprite1
      0000B8rA8r00                  251 	.dw _player_metasprite2
                           0000BA   252 G$player$0_0$0 == .
      0000BA                        253 _player:
      0000BA 0A                     254 	.db #0x0a	; 10
      0000BB 0F                     255 	.db #0x0f	; 15
      0000BC 08                     256 	.db #0x08	; 8
      0000BDr10r00                  257 	.dw _player_tiles
      0000BF 02                     258 	.db #0x02	; 2
      0000C0r00r00                  259 	.dw _player_palettes
      0000C2 03                     260 	.db #0x03	; 3
      0000C3rB4r00                  261 	.dw _player_metasprites
                                    262 	.area _INITIALIZER
                                    263 	.area _CABS (ABS)
